Change Component Designator: Old Designator=C14 New Designator=C7
Change Component Designator: Old Designator=C15 New Designator=C12
Change Component Designator: Old Designator=C27 New Designator=C4
Change Component Designator: Old Designator=C28 New Designator=C5
Change Component Designator: Old Designator=C29 New Designator=C6
Change Component Designator: Old Designator=C30 New Designator=C8
Change Component Designator: Old Designator=C31 New Designator=C9
Change Component Designator: Old Designator=C32 New Designator=C10
Change Component Designator: Old Designator=C33 New Designator=C11
Change Component Designator: Old Designator=D2 New Designator=D1
Change Component Designator: Old Designator=D3 New Designator=D2
Change Component Designator: Old Designator=J2 New Designator=J7
Change Component Designator: Old Designator=J3 New Designator=J5
Change Component Designator: Old Designator=J4 New Designator=J6
Change Component Designator: Old Designator=J5 New Designator=J8
Change Component Designator: Old Designator=J6 New Designator=J9
Change Component Designator: Old Designator=R11 New Designator=R3
Change Component Designator: Old Designator=R12 New Designator=R4
Change Component Designator: Old Designator=R13 New Designator=R5
Change Component Designator: Old Designator=R14 New Designator=R6
Change Component Designator: Old Designator=SW2 New Designator=SW1
Change Component Designator: Old Designator=U5 New Designator=U2
Change Component Designator: Old Designator=U6 New Designator=U3
