Change Component Physical Designator: Old Designator=C1_U_OPA43771 New Designator=C1
Change Component Physical Designator: Old Designator=C1_U_OPA43772 New Designator=C9
Change Component Physical Designator: Old Designator=C2_U_OPA43771 New Designator=C2
Change Component Physical Designator: Old Designator=C2_U_OPA43772 New Designator=C10
Change Component Physical Designator: Old Designator=C3_U_OPA43771 New Designator=C3
Change Component Physical Designator: Old Designator=C3_U_OPA43772 New Designator=C11
Change Component Physical Designator: Old Designator=C4_U_OPA43771 New Designator=C4
Change Component Physical Designator: Old Designator=C4_U_OPA43772 New Designator=C12
Change Component Physical Designator: Old Designator=C5_U_OPA43771 New Designator=C5
Change Component Physical Designator: Old Designator=C5_U_OPA43772 New Designator=C13
Change Component Physical Designator: Old Designator=C6_U_OPA43771 New Designator=C6
Change Component Physical Designator: Old Designator=C6_U_OPA43772 New Designator=C14
Change Component Physical Designator: Old Designator=C7_U_OPA43771 New Designator=C7
Change Component Physical Designator: Old Designator=C7_U_OPA43772 New Designator=C15
Change Component Physical Designator: Old Designator=C8_U_OPA43771 New Designator=C8
Change Component Physical Designator: Old Designator=C8_U_OPA43772 New Designator=C16
Change Component Physical Designator: Old Designator=C? New Designator=C?1
Change Component Physical Designator: Old Designator=C? New Designator=C?2
Change Component Physical Designator: Old Designator=C? New Designator=C?3
Change Component Physical Designator: Old Designator=C? New Designator=C?4
Change Component Physical Designator: Old Designator=C? New Designator=C?5
Change Component Physical Designator: Old Designator=C? New Designator=C?6
Change Component Physical Designator: Old Designator=C? New Designator=C?7
Change Component Physical Designator: Old Designator=C? New Designator=C?8
Change Component Physical Designator: Old Designator=C? New Designator=C?9
Change Component Physical Designator: Old Designator=C? New Designator=C?10
Change Component Physical Designator: Old Designator=C? New Designator=C?11
Change Component Physical Designator: Old Designator=C? New Designator=C?12
Change Component Physical Designator: Old Designator=C? New Designator=C?13
Change Component Physical Designator: Old Designator=D1_U_OPA43771 New Designator=D1
Change Component Physical Designator: Old Designator=D1_U_OPA43772 New Designator=D5
Change Component Physical Designator: Old Designator=D2_U_OPA43771 New Designator=D2
Change Component Physical Designator: Old Designator=D2_U_OPA43772 New Designator=D6
Change Component Physical Designator: Old Designator=D3_U_OPA43771 New Designator=D3
Change Component Physical Designator: Old Designator=D3_U_OPA43772 New Designator=D7
Change Component Physical Designator: Old Designator=D4_U_OPA43771 New Designator=D4
Change Component Physical Designator: Old Designator=D4_U_OPA43772 New Designator=D8
Change Component Physical Designator: Old Designator=D? New Designator=D?1
Change Component Physical Designator: Old Designator=J? New Designator=J?1
Change Component Physical Designator: Old Designator=L? New Designator=L?1
Change Component Physical Designator: Old Designator=R1_U_OPA43771 New Designator=R1
Change Component Physical Designator: Old Designator=R1_U_OPA43772 New Designator=R21
Change Component Physical Designator: Old Designator=R2_U_OPA43771 New Designator=R2
Change Component Physical Designator: Old Designator=R2_U_OPA43772 New Designator=R22
Change Component Physical Designator: Old Designator=R3_U_OPA43771 New Designator=R3
Change Component Physical Designator: Old Designator=R3_U_OPA43772 New Designator=R23
Change Component Physical Designator: Old Designator=R4_U_OPA43771 New Designator=R4
Change Component Physical Designator: Old Designator=R4_U_OPA43772 New Designator=R24
Change Component Physical Designator: Old Designator=R5_U_OPA43771 New Designator=R5
Change Component Physical Designator: Old Designator=R5_U_OPA43772 New Designator=R25
Change Component Physical Designator: Old Designator=R6_U_OPA43771 New Designator=R6
Change Component Physical Designator: Old Designator=R6_U_OPA43772 New Designator=R26
Change Component Physical Designator: Old Designator=R7_U_OPA43771 New Designator=R7
Change Component Physical Designator: Old Designator=R7_U_OPA43772 New Designator=R27
Change Component Physical Designator: Old Designator=R8_U_OPA43771 New Designator=R8
Change Component Physical Designator: Old Designator=R8_U_OPA43772 New Designator=R28
Change Component Physical Designator: Old Designator=R9_U_OPA43771 New Designator=R9
Change Component Physical Designator: Old Designator=R9_U_OPA43772 New Designator=R29
Change Component Physical Designator: Old Designator=R10_U_OPA43771 New Designator=R10
Change Component Physical Designator: Old Designator=R10_U_OPA43772 New Designator=R30
Change Component Physical Designator: Old Designator=R11_U_OPA43771 New Designator=R11
Change Component Physical Designator: Old Designator=R11_U_OPA43772 New Designator=R31
Change Component Physical Designator: Old Designator=R12_U_OPA43771 New Designator=R12
Change Component Physical Designator: Old Designator=R12_U_OPA43772 New Designator=R32
Change Component Physical Designator: Old Designator=R13_U_OPA43771 New Designator=R13
Change Component Physical Designator: Old Designator=R13_U_OPA43772 New Designator=R33
Change Component Physical Designator: Old Designator=R14_U_OPA43771 New Designator=R14
Change Component Physical Designator: Old Designator=R14_U_OPA43772 New Designator=R34
Change Component Physical Designator: Old Designator=R15_U_OPA43771 New Designator=R15
Change Component Physical Designator: Old Designator=R15_U_OPA43772 New Designator=R35
Change Component Physical Designator: Old Designator=R16_U_OPA43771 New Designator=R16
Change Component Physical Designator: Old Designator=R16_U_OPA43772 New Designator=R36
Change Component Physical Designator: Old Designator=R17_U_OPA43771 New Designator=R17
Change Component Physical Designator: Old Designator=R17_U_OPA43772 New Designator=R37
Change Component Physical Designator: Old Designator=R18_U_OPA43771 New Designator=R18
Change Component Physical Designator: Old Designator=R18_U_OPA43772 New Designator=R38
Change Component Physical Designator: Old Designator=R19_U_OPA43771 New Designator=R19
Change Component Physical Designator: Old Designator=R19_U_OPA43772 New Designator=R39
Change Component Physical Designator: Old Designator=R20_U_OPA43771 New Designator=R20
Change Component Physical Designator: Old Designator=R20_U_OPA43772 New Designator=R40
Change Component Physical Designator: Old Designator=R? New Designator=R?1
Change Component Physical Designator: Old Designator=R? New Designator=R?2
Change Component Physical Designator: Old Designator=R? New Designator=R?3
Change Component Physical Designator: Old Designator=R? New Designator=R?4
Change Component Physical Designator: Old Designator=R? New Designator=R?5
Change Component Physical Designator: Old Designator=R? New Designator=R?6
Change Component Physical Designator: Old Designator=R? New Designator=R?7
Change Component Physical Designator: Old Designator=R? New Designator=R?8
Change Component Physical Designator: Old Designator=R? New Designator=R?9
Change Component Physical Designator: Old Designator=R? New Designator=R?10
Change Component Physical Designator: Old Designator=SW? New Designator=SW?1
Change Component Physical Designator: Old Designator=U1_U_OPA43771 New Designator=U1
Change Component Physical Designator: Old Designator=U1_U_OPA43771 New Designator=U1
Change Component Physical Designator: Old Designator=U1_U_OPA43771 New Designator=U1
Change Component Physical Designator: Old Designator=U1_U_OPA43771 New Designator=U1
Change Component Physical Designator: Old Designator=U1_U_OPA43772 New Designator=U2
Change Component Physical Designator: Old Designator=U1_U_OPA43772 New Designator=U2
Change Component Physical Designator: Old Designator=U1_U_OPA43772 New Designator=U2
Change Component Physical Designator: Old Designator=U1_U_OPA43772 New Designator=U2
Change Component Physical Designator: Old Designator=U? New Designator=U?1
Change Component Physical Designator: Old Designator=U? New Designator=U?2
Change Component Physical Designator: Old Designator=U? New Designator=U?3
