Reset Component Physical Designator: Old Designator=C1 New Designator=C1
Reset Component Physical Designator: Old Designator=C1 New Designator=C1
Reset Component Physical Designator: Old Designator=C1 New Designator=C13
Reset Component Physical Designator: Old Designator=C1.A New Designator=C1_U_OPA43771
Reset Component Physical Designator: Old Designator=C1.B New Designator=C1_U_OPA43772
Reset Component Physical Designator: Old Designator=C2 New Designator=C2
Reset Component Physical Designator: Old Designator=C2 New Designator=C2
Reset Component Physical Designator: Old Designator=C2 New Designator=C14
Reset Component Physical Designator: Old Designator=C2.A New Designator=C2_U_OPA43771
Reset Component Physical Designator: Old Designator=C2.B New Designator=C2_U_OPA43772
Reset Component Physical Designator: Old Designator=C3 New Designator=C3
Reset Component Physical Designator: Old Designator=C3 New Designator=C15
Reset Component Physical Designator: Old Designator=C3.A New Designator=C3_U_OPA43771
Reset Component Physical Designator: Old Designator=C3.B New Designator=C3_U_OPA43772
Reset Component Physical Designator: Old Designator=C4 New Designator=C4
Reset Component Physical Designator: Old Designator=C4 New Designator=C16
Reset Component Physical Designator: Old Designator=C4.A New Designator=C4_U_OPA43771
Reset Component Physical Designator: Old Designator=C4.B New Designator=C4_U_OPA43772
Reset Component Physical Designator: Old Designator=C5 New Designator=C17
Reset Component Physical Designator: Old Designator=C5.A New Designator=C5_U_OPA43771
Reset Component Physical Designator: Old Designator=C5.B New Designator=C5_U_OPA43772
Reset Component Physical Designator: Old Designator=C6 New Designator=C18
Reset Component Physical Designator: Old Designator=C6.A New Designator=C6_U_OPA43771
Reset Component Physical Designator: Old Designator=C6.B New Designator=C6_U_OPA43772
Reset Component Physical Designator: Old Designator=C7 New Designator=C19
Reset Component Physical Designator: Old Designator=C7.A New Designator=C7_U_OPA43771
Reset Component Physical Designator: Old Designator=C7.B New Designator=C7_U_OPA43772
Reset Component Physical Designator: Old Designator=C8 New Designator=C20
Reset Component Physical Designator: Old Designator=C8.A New Designator=C8_U_OPA43771
Reset Component Physical Designator: Old Designator=C8.B New Designator=C8_U_OPA43772
Reset Component Physical Designator: Old Designator=C9 New Designator=C21
Reset Component Physical Designator: Old Designator=C10 New Designator=C22
Reset Component Physical Designator: Old Designator=C11 New Designator=C23
Reset Component Physical Designator: Old Designator=C12 New Designator=C24
Reset Component Physical Designator: Old Designator=C13 New Designator=C25
Reset Component Physical Designator: Old Designator=C14 New Designator=C7
Reset Component Physical Designator: Old Designator=C15 New Designator=C12
Reset Component Physical Designator: Old Designator=C16 New Designator=C2
Reset Component Physical Designator: Old Designator=C17 New Designator=C3
Reset Component Physical Designator: Old Designator=C18 New Designator=C32
Reset Component Physical Designator: Old Designator=C19 New Designator=C33
Reset Component Physical Designator: Old Designator=C20 New Designator=C1
Reset Component Physical Designator: Old Designator=C21 New Designator=C26
Reset Component Physical Designator: Old Designator=C22 New Designator=C27
Reset Component Physical Designator: Old Designator=C23 New Designator=C28
Reset Component Physical Designator: Old Designator=C24 New Designator=C29
Reset Component Physical Designator: Old Designator=C25 New Designator=C30
Reset Component Physical Designator: Old Designator=C26 New Designator=C31
Reset Component Physical Designator: Old Designator=C27 New Designator=C4
Reset Component Physical Designator: Old Designator=C28 New Designator=C5
Reset Component Physical Designator: Old Designator=C29 New Designator=C6
Reset Component Physical Designator: Old Designator=C30 New Designator=C8
Reset Component Physical Designator: Old Designator=C31 New Designator=C9
Reset Component Physical Designator: Old Designator=C32 New Designator=C10
Reset Component Physical Designator: Old Designator=C33 New Designator=C11
Reset Component Physical Designator: Old Designator=D1 New Designator=D3
Reset Component Physical Designator: Old Designator=D1.A New Designator=D1_U_OPA43771
Reset Component Physical Designator: Old Designator=D1.B New Designator=D1_U_OPA43772
Reset Component Physical Designator: Old Designator=D2 New Designator=D1
Reset Component Physical Designator: Old Designator=D2.A New Designator=D2_U_OPA43771
Reset Component Physical Designator: Old Designator=D2.B New Designator=D2_U_OPA43772
Reset Component Physical Designator: Old Designator=D3 New Designator=D2
Reset Component Physical Designator: Old Designator=D3.A New Designator=D3_U_OPA43771
Reset Component Physical Designator: Old Designator=D3.B New Designator=D3_U_OPA43772
Reset Component Physical Designator: Old Designator=D4 New Designator=D4
Reset Component Physical Designator: Old Designator=D4.A New Designator=D4_U_OPA43771
Reset Component Physical Designator: Old Designator=D4.B New Designator=D4_U_OPA43772
Reset Component Physical Designator: Old Designator=D5 New Designator=D5
Reset Component Physical Designator: Old Designator=D6 New Designator=D6
Reset Component Physical Designator: Old Designator=D7 New Designator=D7
Reset Component Physical Designator: Old Designator=D8 New Designator=D8
Reset Component Physical Designator: Old Designator=D9 New Designator=D9
Reset Component Physical Designator: Old Designator=J1 New Designator=J11
Reset Component Physical Designator: Old Designator=J2 New Designator=J7
Reset Component Physical Designator: Old Designator=J3 New Designator=J5
Reset Component Physical Designator: Old Designator=J4 New Designator=J6
Reset Component Physical Designator: Old Designator=J5 New Designator=J8
Reset Component Physical Designator: Old Designator=J6 New Designator=J9
Reset Component Physical Designator: Old Designator=J7 New Designator=J4
Reset Component Physical Designator: Old Designator=J8 New Designator=J2
Reset Component Physical Designator: Old Designator=J9 New Designator=J16
Reset Component Physical Designator: Old Designator=J10 New Designator=J17
Reset Component Physical Designator: Old Designator=J11 New Designator=J3
Reset Component Physical Designator: Old Designator=J12 New Designator=J18
Reset Component Physical Designator: Old Designator=J13 New Designator=J19
Reset Component Physical Designator: Old Designator=J14 New Designator=J1
Reset Component Physical Designator: Old Designator=J15 New Designator=J10
Reset Component Physical Designator: Old Designator=J16 New Designator=J12
Reset Component Physical Designator: Old Designator=J17 New Designator=J13
Reset Component Physical Designator: Old Designator=J18 New Designator=J14
Reset Component Physical Designator: Old Designator=J19 New Designator=J15
Reset Component Physical Designator: Old Designator=J20 New Designator=J20
Reset Component Physical Designator: Old Designator=J? New Designator=J?
Reset Component Physical Designator: Old Designator=L1 New Designator=L1
Reset Component Physical Designator: Old Designator=Q1 New Designator=Q1
Reset Component Physical Designator: Old Designator=Q1 New Designator=Q1
Reset Component Physical Designator: Old Designator=R1 New Designator=R7
Reset Component Physical Designator: Old Designator=R1.A New Designator=R1_U_OPA43771
Reset Component Physical Designator: Old Designator=R1.B New Designator=R1_U_OPA43772
Reset Component Physical Designator: Old Designator=R2 New Designator=R2
Reset Component Physical Designator: Old Designator=R2 New Designator=R8
Reset Component Physical Designator: Old Designator=R2.A New Designator=R2_U_OPA43771
Reset Component Physical Designator: Old Designator=R2.B New Designator=R2_U_OPA43772
Reset Component Physical Designator: Old Designator=R3 New Designator=R3
Reset Component Physical Designator: Old Designator=R3 New Designator=R9
Reset Component Physical Designator: Old Designator=R3.A New Designator=R3_U_OPA43771
Reset Component Physical Designator: Old Designator=R3.B New Designator=R3_U_OPA43772
Reset Component Physical Designator: Old Designator=R4 New Designator=R10
Reset Component Physical Designator: Old Designator=R4.A New Designator=R4_U_OPA43771
Reset Component Physical Designator: Old Designator=R4.B New Designator=R4_U_OPA43772
Reset Component Physical Designator: Old Designator=R5 New Designator=R11
Reset Component Physical Designator: Old Designator=R5.A New Designator=R5_U_OPA43771
Reset Component Physical Designator: Old Designator=R5.B New Designator=R5_U_OPA43772
Reset Component Physical Designator: Old Designator=R6 New Designator=R12
Reset Component Physical Designator: Old Designator=R6.A New Designator=R6_U_OPA43771
Reset Component Physical Designator: Old Designator=R6.B New Designator=R6_U_OPA43772
Reset Component Physical Designator: Old Designator=R7 New Designator=R13
Reset Component Physical Designator: Old Designator=R7.A New Designator=R7_U_OPA43771
Reset Component Physical Designator: Old Designator=R7.B New Designator=R7_U_OPA43772
Reset Component Physical Designator: Old Designator=R8 New Designator=R14
Reset Component Physical Designator: Old Designator=R8.A New Designator=R8_U_OPA43771
Reset Component Physical Designator: Old Designator=R8.B New Designator=R8_U_OPA43772
Reset Component Physical Designator: Old Designator=R9 New Designator=R15
Reset Component Physical Designator: Old Designator=R9.A New Designator=R9_U_OPA43771
Reset Component Physical Designator: Old Designator=R9.B New Designator=R9_U_OPA43772
Reset Component Physical Designator: Old Designator=R10 New Designator=R1
Reset Component Physical Designator: Old Designator=R10 New Designator=R18
Reset Component Physical Designator: Old Designator=R10.A New Designator=R10_U_OPA43771
Reset Component Physical Designator: Old Designator=R10.B New Designator=R10_U_OPA43772
Reset Component Physical Designator: Old Designator=R11 New Designator=R3
Reset Component Physical Designator: Old Designator=R11.A New Designator=R11_U_OPA43771
Reset Component Physical Designator: Old Designator=R11.B New Designator=R11_U_OPA43772
Reset Component Physical Designator: Old Designator=R12 New Designator=R4
Reset Component Physical Designator: Old Designator=R12.A New Designator=R12_U_OPA43771
Reset Component Physical Designator: Old Designator=R12.B New Designator=R12_U_OPA43772
Reset Component Physical Designator: Old Designator=R13 New Designator=R5
Reset Component Physical Designator: Old Designator=R13.A New Designator=R13_U_OPA43771
Reset Component Physical Designator: Old Designator=R13.B New Designator=R13_U_OPA43772
Reset Component Physical Designator: Old Designator=R14 New Designator=R6
Reset Component Physical Designator: Old Designator=R14.A New Designator=R14_U_OPA43771
Reset Component Physical Designator: Old Designator=R14.B New Designator=R14_U_OPA43772
Reset Component Physical Designator: Old Designator=R15 New Designator=R1
Reset Component Physical Designator: Old Designator=R15.A New Designator=R15_U_OPA43771
Reset Component Physical Designator: Old Designator=R15.B New Designator=R15_U_OPA43772
Reset Component Physical Designator: Old Designator=R16 New Designator=R2
Reset Component Physical Designator: Old Designator=R16.A New Designator=R16_U_OPA43771
Reset Component Physical Designator: Old Designator=R16.B New Designator=R16_U_OPA43772
Reset Component Physical Designator: Old Designator=R17 New Designator=R16
Reset Component Physical Designator: Old Designator=R17.A New Designator=R17_U_OPA43771
Reset Component Physical Designator: Old Designator=R17.B New Designator=R17_U_OPA43772
Reset Component Physical Designator: Old Designator=R18 New Designator=R17
Reset Component Physical Designator: Old Designator=R18.A New Designator=R18_U_OPA43771
Reset Component Physical Designator: Old Designator=R18.B New Designator=R18_U_OPA43772
Reset Component Physical Designator: Old Designator=R19 New Designator=R19
Reset Component Physical Designator: Old Designator=R19.A New Designator=R19_U_OPA43771
Reset Component Physical Designator: Old Designator=R19.B New Designator=R19_U_OPA43772
Reset Component Physical Designator: Old Designator=R20 New Designator=R20
Reset Component Physical Designator: Old Designator=R20.A New Designator=R20_U_OPA43771
Reset Component Physical Designator: Old Designator=R20.B New Designator=R20_U_OPA43772
Reset Component Physical Designator: Old Designator=R21 New Designator=R21
Reset Component Physical Designator: Old Designator=SW1 New Designator=SW2
Reset Component Physical Designator: Old Designator=SW2 New Designator=SW1
Reset Component Physical Designator: Old Designator=SW3 New Designator=SW3
Reset Component Physical Designator: Old Designator=SW4 New Designator=SW4
Reset Component Physical Designator: Old Designator=SW5 New Designator=SW5
Reset Component Physical Designator: Old Designator=SW6 New Designator=SW6
Reset Component Physical Designator: Old Designator=SW7 New Designator=SW7
Reset Component Physical Designator: Old Designator=SW8 New Designator=SW8
Reset Component Physical Designator: Old Designator=U1 New Designator=U1
Reset Component Physical Designator: Old Designator=U1 New Designator=U1
Reset Component Physical Designator: Old Designator=U1 New Designator=U4
Reset Component Physical Designator: Old Designator=U1.A New Designator=U1_U_OPA43771
Reset Component Physical Designator: Old Designator=U1.A New Designator=U1_U_OPA43771
Reset Component Physical Designator: Old Designator=U1.A New Designator=U1_U_OPA43771
Reset Component Physical Designator: Old Designator=U1.A New Designator=U1_U_OPA43771
Reset Component Physical Designator: Old Designator=U1.B New Designator=U1_U_OPA43772
Reset Component Physical Designator: Old Designator=U1.B New Designator=U1_U_OPA43772
Reset Component Physical Designator: Old Designator=U1.B New Designator=U1_U_OPA43772
Reset Component Physical Designator: Old Designator=U1.B New Designator=U1_U_OPA43772
Reset Component Physical Designator: Old Designator=U2 New Designator=U5
Reset Component Physical Designator: Old Designator=U3 New Designator=U6
Reset Component Physical Designator: Old Designator=U4 New Designator=U1
Reset Component Physical Designator: Old Designator=U5 New Designator=U2
Reset Component Physical Designator: Old Designator=U6 New Designator=U3
