Change Component Physical Designator: Old Designator=C1 New Designator=C34
Change Component Physical Designator: Old Designator=C1 New Designator=C36
Change Component Physical Designator: Old Designator=C2 New Designator=C35
Change Component Physical Designator: Old Designator=C2 New Designator=C37
Change Component Physical Designator: Old Designator=C3 New Designator=C38
Change Component Physical Designator: Old Designator=C4 New Designator=C39
Change Component Physical Designator: Old Designator=C16 New Designator=C32
Change Component Physical Designator: Old Designator=C17 New Designator=C33
Change Component Physical Designator: Old Designator=C18 New Designator=C40
Change Component Physical Designator: Old Designator=C19 New Designator=C41
Change Component Physical Designator: Old Designator=C? New Designator=C?1
Change Component Physical Designator: Old Designator=C? New Designator=C?2
Change Component Physical Designator: Old Designator=C? New Designator=C?3
Change Component Physical Designator: Old Designator=C? New Designator=C?4
Change Component Physical Designator: Old Designator=C? New Designator=C?5
Change Component Physical Designator: Old Designator=C? New Designator=C?6
Change Component Physical Designator: Old Designator=C? New Designator=C?7
Change Component Physical Designator: Old Designator=D4 New Designator=D12
Change Component Physical Designator: Old Designator=D5 New Designator=D13
Change Component Physical Designator: Old Designator=D6 New Designator=D14
Change Component Physical Designator: Old Designator=D7 New Designator=D15
Change Component Physical Designator: Old Designator=D8 New Designator=D16
Change Component Physical Designator: Old Designator=D9 New Designator=D17
Change Component Physical Designator: Old Designator=J7 New Designator=J9
Change Component Physical Designator: Old Designator=J8 New Designator=J7
Change Component Physical Designator: Old Designator=J9 New Designator=J10
Change Component Physical Designator: Old Designator=J10 New Designator=J11
Change Component Physical Designator: Old Designator=J11 New Designator=J8
Change Component Physical Designator: Old Designator=J? New Designator=J?1
Change Component Physical Designator: Old Designator=J? New Designator=J?2
Change Component Physical Designator: Old Designator=J? New Designator=J?3
Change Component Physical Designator: Old Designator=J? New Designator=J?4
Change Component Physical Designator: Old Designator=J? New Designator=J?5
Change Component Physical Designator: Old Designator=J? New Designator=J?6
Change Component Physical Designator: Old Designator=J? New Designator=J?7
Change Component Physical Designator: Old Designator=J? New Designator=J?8
Change Component Physical Designator: Old Designator=R1 New Designator=R59
Change Component Physical Designator: Old Designator=R2 New Designator=R60
Change Component Physical Designator: Old Designator=R3 New Designator=R61
Change Component Physical Designator: Old Designator=R15 New Designator=R55
Change Component Physical Designator: Old Designator=R16 New Designator=R56
Change Component Physical Designator: Old Designator=R17 New Designator=R57
Change Component Physical Designator: Old Designator=R18 New Designator=R58
Change Component Physical Designator: Old Designator=R19 New Designator=R62
Change Component Physical Designator: Old Designator=R20 New Designator=R63
Change Component Physical Designator: Old Designator=R21 New Designator=R64
Change Component Physical Designator: Old Designator=U1 New Designator=U9
Change Component Physical Designator: Old Designator=U1 New Designator=U10
