Change Component Physical Designator: Old Designator=C1A New Designator=C1.A
Change Component Physical Designator: Old Designator=C1B New Designator=C1.B
Change Component Physical Designator: Old Designator=C2A New Designator=C2.A
Change Component Physical Designator: Old Designator=C2B New Designator=C2.B
Change Component Physical Designator: Old Designator=C3A New Designator=C3.A
Change Component Physical Designator: Old Designator=C3B New Designator=C3.B
Change Component Physical Designator: Old Designator=C4A New Designator=C4.A
Change Component Physical Designator: Old Designator=C4B New Designator=C4.B
Change Component Physical Designator: Old Designator=C5A New Designator=C5.A
Change Component Physical Designator: Old Designator=C5B New Designator=C5.B
Change Component Physical Designator: Old Designator=C6A New Designator=C6.A
Change Component Physical Designator: Old Designator=C6B New Designator=C6.B
Change Component Physical Designator: Old Designator=C7A New Designator=C7.A
Change Component Physical Designator: Old Designator=C7B New Designator=C7.B
Change Component Physical Designator: Old Designator=C8A New Designator=C8.A
Change Component Physical Designator: Old Designator=C8B New Designator=C8.B
Change Component Physical Designator: Old Designator=D1A New Designator=D1.A
Change Component Physical Designator: Old Designator=D1B New Designator=D1.B
Change Component Physical Designator: Old Designator=D2A New Designator=D2.A
Change Component Physical Designator: Old Designator=D2B New Designator=D2.B
Change Component Physical Designator: Old Designator=D3A New Designator=D3.A
Change Component Physical Designator: Old Designator=D3B New Designator=D3.B
Change Component Physical Designator: Old Designator=D4A New Designator=D4.A
Change Component Physical Designator: Old Designator=D4B New Designator=D4.B
Change Component Physical Designator: Old Designator=R1A New Designator=R1.A
Change Component Physical Designator: Old Designator=R1B New Designator=R1.B
Change Component Physical Designator: Old Designator=R2A New Designator=R2.A
Change Component Physical Designator: Old Designator=R2B New Designator=R2.B
Change Component Physical Designator: Old Designator=R3A New Designator=R3.A
Change Component Physical Designator: Old Designator=R3B New Designator=R3.B
Change Component Physical Designator: Old Designator=R4A New Designator=R4.A
Change Component Physical Designator: Old Designator=R4B New Designator=R4.B
Change Component Physical Designator: Old Designator=R5A New Designator=R5.A
Change Component Physical Designator: Old Designator=R5B New Designator=R5.B
Change Component Physical Designator: Old Designator=R6A New Designator=R6.A
Change Component Physical Designator: Old Designator=R6B New Designator=R6.B
Change Component Physical Designator: Old Designator=R7A New Designator=R7.A
Change Component Physical Designator: Old Designator=R7B New Designator=R7.B
Change Component Physical Designator: Old Designator=R8A New Designator=R8.A
Change Component Physical Designator: Old Designator=R8B New Designator=R8.B
Change Component Physical Designator: Old Designator=R9A New Designator=R9.A
Change Component Physical Designator: Old Designator=R9B New Designator=R9.B
Change Component Physical Designator: Old Designator=R10A New Designator=R10.A
Change Component Physical Designator: Old Designator=R10B New Designator=R10.B
Change Component Physical Designator: Old Designator=R11A New Designator=R11.A
Change Component Physical Designator: Old Designator=R11B New Designator=R11.B
Change Component Physical Designator: Old Designator=R12A New Designator=R12.A
Change Component Physical Designator: Old Designator=R12B New Designator=R12.B
Change Component Physical Designator: Old Designator=R13A New Designator=R13.A
Change Component Physical Designator: Old Designator=R13B New Designator=R13.B
Change Component Physical Designator: Old Designator=R14A New Designator=R14.A
Change Component Physical Designator: Old Designator=R14B New Designator=R14.B
Change Component Physical Designator: Old Designator=R15A New Designator=R15.A
Change Component Physical Designator: Old Designator=R15B New Designator=R15.B
Change Component Physical Designator: Old Designator=R16A New Designator=R16.A
Change Component Physical Designator: Old Designator=R16B New Designator=R16.B
Change Component Physical Designator: Old Designator=R17A New Designator=R17.A
Change Component Physical Designator: Old Designator=R17B New Designator=R17.B
Change Component Physical Designator: Old Designator=R18A New Designator=R18.A
Change Component Physical Designator: Old Designator=R18B New Designator=R18.B
Change Component Physical Designator: Old Designator=R19A New Designator=R19.A
Change Component Physical Designator: Old Designator=R19B New Designator=R19.B
Change Component Physical Designator: Old Designator=R20A New Designator=R20.A
Change Component Physical Designator: Old Designator=R20B New Designator=R20.B
Change Component Physical Designator: Old Designator=U1A New Designator=U1.A
Change Component Physical Designator: Old Designator=U1A New Designator=U1.A
Change Component Physical Designator: Old Designator=U1A New Designator=U1.A
Change Component Physical Designator: Old Designator=U1A New Designator=U1.A
Change Component Physical Designator: Old Designator=U1B New Designator=U1.B
Change Component Physical Designator: Old Designator=U1B New Designator=U1.B
Change Component Physical Designator: Old Designator=U1B New Designator=U1.B
Change Component Physical Designator: Old Designator=U1B New Designator=U1.B
