Change Component Physical Designator: Old Designator=C14 New Designator=C16
Change Component Physical Designator: Old Designator=C16 New Designator=C18
Change Component Physical Designator: Old Designator=C18 New Designator=C19
Change Component Physical Designator: Old Designator=C19 New Designator=C20
Change Component Physical Designator: Old Designator=C20 New Designator=C21
Change Component Physical Designator: Old Designator=C21 New Designator=C22
Change Component Physical Designator: Old Designator=C22 New Designator=C25
Change Component Physical Designator: Old Designator=C23 New Designator=C24
Change Component Physical Designator: Old Designator=C24 New Designator=C27
Change Component Physical Designator: Old Designator=C25 New Designator=C26
Change Component Physical Designator: Old Designator=C26 New Designator=C28
Change Component Physical Designator: Old Designator=C27 New Designator=C29
Change Component Physical Designator: Old Designator=C28 New Designator=C30
Change Component Physical Designator: Old Designator=C29 New Designator=C31
Change Component Physical Designator: Old Designator=C30 New Designator=C32
Change Component Physical Designator: Old Designator=C31 New Designator=C33
Change Component Physical Designator: Old Designator=C32 New Designator=C34
Change Component Physical Designator: Old Designator=C33 New Designator=C35
Change Component Physical Designator: Old Designator=C34 New Designator=C36
Change Component Physical Designator: Old Designator=C35 New Designator=C37
Change Component Physical Designator: Old Designator=C36 New Designator=C38
Change Component Physical Designator: Old Designator=C37 New Designator=C39
Change Component Physical Designator: Old Designator=C38 New Designator=C40
Change Component Physical Designator: Old Designator=C39 New Designator=C41
Change Component Physical Designator: Old Designator=C40 New Designator=C42
Change Component Physical Designator: Old Designator=C41 New Designator=C43
Change Component Physical Designator: Old Designator=C42 New Designator=C44
Change Component Physical Designator: Old Designator=C43 New Designator=C45
Change Component Physical Designator: Old Designator=C44 New Designator=C46
Change Component Physical Designator: Old Designator=C45 New Designator=C47
Change Component Physical Designator: Old Designator=C46 New Designator=C48
Change Component Physical Designator: Old Designator=C47 New Designator=C49
Change Component Physical Designator: Old Designator=C48 New Designator=C57
Change Component Physical Designator: Old Designator=C49 New Designator=C58
Change Component Physical Designator: Old Designator=C57 New Designator=C14
Change Component Physical Designator: Old Designator=C58 New Designator=C23
Change Component Physical Designator: Old Designator=D3 New Designator=D4
Change Component Physical Designator: Old Designator=D4 New Designator=D3
Change Component Physical Designator: Old Designator=D7 New Designator=D8
Change Component Physical Designator: Old Designator=D8 New Designator=D7
Change Component Physical Designator: Old Designator=D9 New Designator=D12
Change Component Physical Designator: Old Designator=D10 New Designator=D13
Change Component Physical Designator: Old Designator=D11 New Designator=D14
Change Component Physical Designator: Old Designator=D12 New Designator=D15
Change Component Physical Designator: Old Designator=D13 New Designator=D16
Change Component Physical Designator: Old Designator=D14 New Designator=D17
Change Component Physical Designator: Old Designator=D15 New Designator=D18
Change Component Physical Designator: Old Designator=D16 New Designator=D19
Change Component Physical Designator: Old Designator=D17 New Designator=D20
Change Component Physical Designator: Old Designator=D18 New Designator=D21
Change Component Physical Designator: Old Designator=D? New Designator=D9
Change Component Physical Designator: Old Designator=D? New Designator=D10
Change Component Physical Designator: Old Designator=D? New Designator=D11
Change Component Physical Designator: Old Designator=J4 New Designator=J20
Change Component Physical Designator: Old Designator=J5 New Designator=J4
Change Component Physical Designator: Old Designator=J6 New Designator=J5
Change Component Physical Designator: Old Designator=J7 New Designator=J6
Change Component Physical Designator: Old Designator=J8 New Designator=J7
Change Component Physical Designator: Old Designator=J9 New Designator=J8
Change Component Physical Designator: Old Designator=J10 New Designator=J9
Change Component Physical Designator: Old Designator=J11 New Designator=J10
Change Component Physical Designator: Old Designator=J12 New Designator=J11
Change Component Physical Designator: Old Designator=J13 New Designator=J12
Change Component Physical Designator: Old Designator=J14 New Designator=J13
Change Component Physical Designator: Old Designator=J15 New Designator=J14
Change Component Physical Designator: Old Designator=J16 New Designator=J15
Change Component Physical Designator: Old Designator=J17 New Designator=J16
Change Component Physical Designator: Old Designator=J18 New Designator=J17
Change Component Physical Designator: Old Designator=J19 New Designator=J18
Change Component Physical Designator: Old Designator=J20 New Designator=J19
Change Component Physical Designator: Old Designator=R11 New Designator=R10
Change Component Physical Designator: Old Designator=R13 New Designator=R11
Change Component Physical Designator: Old Designator=R14 New Designator=R12
Change Component Physical Designator: Old Designator=R15 New Designator=R13
Change Component Physical Designator: Old Designator=R16 New Designator=R15
Change Component Physical Designator: Old Designator=R17 New Designator=R14
Change Component Physical Designator: Old Designator=R18 New Designator=R17
Change Component Physical Designator: Old Designator=R19 New Designator=R16
Change Component Physical Designator: Old Designator=R22 New Designator=R19
Change Component Physical Designator: Old Designator=R23 New Designator=R18
Change Component Physical Designator: Old Designator=R24 New Designator=R21
Change Component Physical Designator: Old Designator=R25 New Designator=R20
Change Component Physical Designator: Old Designator=R26 New Designator=R22
Change Component Physical Designator: Old Designator=R27 New Designator=R23
Change Component Physical Designator: Old Designator=R28 New Designator=R24
Change Component Physical Designator: Old Designator=R29 New Designator=R25
Change Component Physical Designator: Old Designator=R31 New Designator=R26
Change Component Physical Designator: Old Designator=R33 New Designator=R27
Change Component Physical Designator: Old Designator=R34 New Designator=R28
Change Component Physical Designator: Old Designator=R35 New Designator=R29
Change Component Physical Designator: Old Designator=R36 New Designator=R31
Change Component Physical Designator: Old Designator=R37 New Designator=R30
Change Component Physical Designator: Old Designator=R38 New Designator=R33
Change Component Physical Designator: Old Designator=R39 New Designator=R32
Change Component Physical Designator: Old Designator=R42 New Designator=R35
Change Component Physical Designator: Old Designator=R43 New Designator=R34
Change Component Physical Designator: Old Designator=R44 New Designator=R37
Change Component Physical Designator: Old Designator=R45 New Designator=R36
Change Component Physical Designator: Old Designator=R46 New Designator=R39
Change Component Physical Designator: Old Designator=R47 New Designator=R41
Change Component Physical Designator: Old Designator=R48 New Designator=R40
Change Component Physical Designator: Old Designator=R49 New Designator=R42
Change Component Physical Designator: Old Designator=R50 New Designator=R46
Change Component Physical Designator: Old Designator=R51 New Designator=R47
Change Component Physical Designator: Old Designator=R52 New Designator=R38
Change Component Physical Designator: Old Designator=R53 New Designator=R48
Change Component Physical Designator: Old Designator=R54 New Designator=R49
Change Component Physical Designator: Old Designator=R55 New Designator=R50
Change Component Physical Designator: Old Designator=R56 New Designator=R51
Change Component Physical Designator: Old Designator=R57 New Designator=R52
Change Component Physical Designator: Old Designator=R58 New Designator=R53
Change Component Physical Designator: Old Designator=R59 New Designator=R60
Change Component Physical Designator: Old Designator=R60 New Designator=R61
Change Component Physical Designator: Old Designator=R61 New Designator=R62
Change Component Physical Designator: Old Designator=R62 New Designator=R54
Change Component Physical Designator: Old Designator=R63 New Designator=R55
Change Component Physical Designator: Old Designator=R64 New Designator=R56
Change Component Physical Designator: Old Designator=R65 New Designator=R57
Change Component Physical Designator: Old Designator=R66 New Designator=R58
Change Component Physical Designator: Old Designator=R67 New Designator=R59
Change Component Physical Designator: Old Designator=R? New Designator=R43
Change Component Physical Designator: Old Designator=R? New Designator=R44
Change Component Physical Designator: Old Designator=R? New Designator=R45
Change Component Physical Designator: Old Designator=U3 New Designator=U4
Change Component Physical Designator: Old Designator=U3 New Designator=U4
Change Component Physical Designator: Old Designator=U3 New Designator=U4
Change Component Physical Designator: Old Designator=U3 New Designator=U4
Change Component Physical Designator: Old Designator=U4 New Designator=U6
Change Component Physical Designator: Old Designator=U5 New Designator=U7
Change Component Physical Designator: Old Designator=U6 New Designator=U8
Change Component Physical Designator: Old Designator=U7 New Designator=U9
Change Component Physical Designator: Old Designator=U8 New Designator=U10
Change Component Physical Designator: Old Designator=U9 New Designator=U12
Change Component Physical Designator: Old Designator=U10 New Designator=U11
Change Component Physical Designator: Old Designator=U11 New Designator=U3
Change Component Physical Designator: Old Designator=U12 New Designator=U5
