Removed Pin From Net: NetName=P2W_U_OPA43771 Pin=R8-1
Removed Pin From Net: NetName=P3W_U_OPA43771 Pin=R9-1
Removed Pin From Net: NetName=P2B_U_OPA43771 Pin=R11-2
Removed Pin From Net: NetName=P3B_U_OPA43771 Pin=R13-2
Removed Pin From Net: NetName=P1W_U_OPA43771 Pin=R18-1
Removed Pin From Net: NetName=P0W_U_OPA43771 Pin=R19-1
Removed Pin From Net: NetName=P1B_U_OPA43771 Pin=R22-2
Removed Pin From Net: NetName=P0B_U_OPA43771 Pin=R23-2
Removed Pin From Net: NetName=P2W_U_OPA43772 Pin=R28-1
Removed Pin From Net: NetName=P3W_U_OPA43772 Pin=R29-1
Removed Pin From Net: NetName=P2B_U_OPA43772 Pin=R31-2
Removed Pin From Net: NetName=P3B_U_OPA43772 Pin=R33-2
Removed Pin From Net: NetName=P1W_U_OPA43772 Pin=R38-1
Removed Pin From Net: NetName=P0W_U_OPA43772 Pin=R39-1
Removed Pin From Net: NetName=P1B_U_OPA43772 Pin=R42-2
Removed Pin From Net: NetName=P0B_U_OPA43772 Pin=R43-2
Removed Pin From Net: NetName=P3W_U_OPA43771 Pin=U2-2
Removed Pin From Net: NetName=P1W_U_OPA43771 Pin=U2-6
Removed Pin From Net: NetName=P2W_U_OPA43771 Pin=U2-9
Removed Pin From Net: NetName=P0W_U_OPA43771 Pin=U2-13
Removed Pin From Net: NetName=P3W_U_OPA43772 Pin=U3-2
Removed Pin From Net: NetName=P1W_U_OPA43772 Pin=U3-6
Removed Pin From Net: NetName=P2W_U_OPA43772 Pin=U3-9
Removed Pin From Net: NetName=P0W_U_OPA43772 Pin=U3-13
Added Pin To Net: NetName=P3B_U_OPA43771 Pin=R8-1
Added Pin To Net: NetName=P0B_U_OPA43771 Pin=R9-1
Added Pin To Net: NetName=P3W_U_OPA43771 Pin=R11-2
Added Pin To Net: NetName=P0W_U_OPA43771 Pin=R13-2
Added Pin To Net: NetName=P2W_U_OPA43771 Pin=R18-1
Added Pin To Net: NetName=P1W_U_OPA43771 Pin=R19-1
Added Pin To Net: NetName=P2B_U_OPA43771 Pin=R22-2
Added Pin To Net: NetName=P1B_U_OPA43771 Pin=R23-2
Added Pin To Net: NetName=P3B_U_OPA43772 Pin=R28-1
Added Pin To Net: NetName=P0B_U_OPA43772 Pin=R29-1
Added Pin To Net: NetName=P3W_U_OPA43772 Pin=R31-2
Added Pin To Net: NetName=P0W_U_OPA43772 Pin=R33-2
Added Pin To Net: NetName=P2W_U_OPA43772 Pin=R38-1
Added Pin To Net: NetName=P1W_U_OPA43772 Pin=R39-1
Added Pin To Net: NetName=P2B_U_OPA43772 Pin=R42-2
Added Pin To Net: NetName=P1B_U_OPA43772 Pin=R43-2
Added Pin To Net: NetName=P0B_U_OPA43771 Pin=U2-2
Added Pin To Net: NetName=P2W_U_OPA43771 Pin=U2-6
Added Pin To Net: NetName=P3B_U_OPA43771 Pin=U2-9
Added Pin To Net: NetName=P1W_U_OPA43771 Pin=U2-13
Added Pin To Net: NetName=P0B_U_OPA43772 Pin=U3-2
Added Pin To Net: NetName=P2W_U_OPA43772 Pin=U3-6
Added Pin To Net: NetName=P3B_U_OPA43772 Pin=U3-9
Added Pin To Net: NetName=P1W_U_OPA43772 Pin=U3-13
