Change Component Physical Designator: Old Designator=C1 New Designator=C2
Change Component Physical Designator: Old Designator=C1 New Designator=C9
Change Component Physical Designator: Old Designator=C2 New Designator=C3
Change Component Physical Designator: Old Designator=C2 New Designator=C10
Change Component Physical Designator: Old Designator=C3 New Designator=C4
Change Component Physical Designator: Old Designator=C3 New Designator=C11
Change Component Physical Designator: Old Designator=C4 New Designator=C5
Change Component Physical Designator: Old Designator=C4 New Designator=C12
Change Component Physical Designator: Old Designator=C5 New Designator=C6
Change Component Physical Designator: Old Designator=C5 New Designator=C15
Change Component Physical Designator: Old Designator=C6 New Designator=C7
Change Component Physical Designator: Old Designator=C6 New Designator=C14
Change Component Physical Designator: Old Designator=C7 New Designator=C8
Change Component Physical Designator: Old Designator=C7 New Designator=C17
Change Component Physical Designator: Old Designator=C8 New Designator=C16
Change Component Physical Designator: Old Designator=C9 New Designator=C13
Change Component Physical Designator: Old Designator=C? New Designator=C?1
Change Component Physical Designator: Old Designator=C? New Designator=C?2
Change Component Physical Designator: Old Designator=C? New Designator=C?3
Change Component Physical Designator: Old Designator=C? New Designator=C?4
Change Component Physical Designator: Old Designator=C? New Designator=C?5
Change Component Physical Designator: Old Designator=C? New Designator=C?6
Change Component Physical Designator: Old Designator=C? New Designator=C?7
Change Component Physical Designator: Old Designator=C? New Designator=C?8
Change Component Physical Designator: Old Designator=C? New Designator=C?9
Change Component Physical Designator: Old Designator=C? New Designator=C?10
Change Component Physical Designator: Old Designator=C? New Designator=C?11
Change Component Physical Designator: Old Designator=C? New Designator=C?12
Change Component Physical Designator: Old Designator=C? New Designator=C?13
Change Component Physical Designator: Old Designator=C? New Designator=C?14
Change Component Physical Designator: Old Designator=C? New Designator=C?15
Change Component Physical Designator: Old Designator=C? New Designator=C?16
Change Component Physical Designator: Old Designator=C? New Designator=C?17
Change Component Physical Designator: Old Designator=C? New Designator=C?18
Change Component Physical Designator: Old Designator=C? New Designator=C?19
Change Component Physical Designator: Old Designator=C? New Designator=C?20
Change Component Physical Designator: Old Designator=C? New Designator=C?21
Change Component Physical Designator: Old Designator=C? New Designator=C?22
Change Component Physical Designator: Old Designator=C? New Designator=C?23
Change Component Physical Designator: Old Designator=C? New Designator=C?24
Change Component Physical Designator: Old Designator=C? New Designator=C?25
Change Component Physical Designator: Old Designator=C? New Designator=C?26
Change Component Physical Designator: Old Designator=C? New Designator=C?27
Change Component Physical Designator: Old Designator=C? New Designator=C?28
Change Component Physical Designator: Old Designator=C? New Designator=C?29
Change Component Physical Designator: Old Designator=C? New Designator=C?30
Change Component Physical Designator: Old Designator=C? New Designator=C?31
Change Component Physical Designator: Old Designator=C? New Designator=C?32
Change Component Physical Designator: Old Designator=C? New Designator=C?33
Change Component Physical Designator: Old Designator=C? New Designator=C?34
Change Component Physical Designator: Old Designator=C? New Designator=C?35
Change Component Physical Designator: Old Designator=C? New Designator=C?36
Change Component Physical Designator: Old Designator=C? New Designator=C?37
Change Component Physical Designator: Old Designator=C? New Designator=C?38
Change Component Physical Designator: Old Designator=C? New Designator=C?39
Change Component Physical Designator: Old Designator=C? New Designator=C?40
Change Component Physical Designator: Old Designator=C? New Designator=C?41
Change Component Physical Designator: Old Designator=C? New Designator=C?42
Change Component Physical Designator: Old Designator=C? New Designator=C?43
Change Component Physical Designator: Old Designator=C? New Designator=C?44
Change Component Physical Designator: Old Designator=C? New Designator=C?45
Change Component Physical Designator: Old Designator=C? New Designator=C?46
Change Component Physical Designator: Old Designator=C? New Designator=C?47
Change Component Physical Designator: Old Designator=C? New Designator=C?48
Change Component Physical Designator: Old Designator=C? New Designator=C?49
Change Component Physical Designator: Old Designator=C? New Designator=C?50
Change Component Physical Designator: Old Designator=C? New Designator=C?51
Change Component Physical Designator: Old Designator=D1 New Designator=D2
Change Component Physical Designator: Old Designator=D1 New Designator=D3
Change Component Physical Designator: Old Designator=D2 New Designator=D4
Change Component Physical Designator: Old Designator=D3 New Designator=D6
Change Component Physical Designator: Old Designator=D4 New Designator=D5
Change Component Physical Designator: Old Designator=D? New Designator=D?1
Change Component Physical Designator: Old Designator=F? New Designator=F?1
Change Component Physical Designator: Old Designator=J? New Designator=J?1
Change Component Physical Designator: Old Designator=J? New Designator=J?2
Change Component Physical Designator: Old Designator=J? New Designator=J?3
Change Component Physical Designator: Old Designator=J? New Designator=J?4
Change Component Physical Designator: Old Designator=J? New Designator=J?5
Change Component Physical Designator: Old Designator=J? New Designator=J?6
Change Component Physical Designator: Old Designator=J? New Designator=J?7
Change Component Physical Designator: Old Designator=J? New Designator=J?8
Change Component Physical Designator: Old Designator=J? New Designator=J?9
Change Component Physical Designator: Old Designator=J? New Designator=J?10
Change Component Physical Designator: Old Designator=J? New Designator=J?11
Change Component Physical Designator: Old Designator=L? New Designator=L?1
Change Component Physical Designator: Old Designator=L? New Designator=L?2
Change Component Physical Designator: Old Designator=L? New Designator=L?3
Change Component Physical Designator: Old Designator=L? New Designator=L?4
Change Component Physical Designator: Old Designator=R1 New Designator=R4
Change Component Physical Designator: Old Designator=R1 New Designator=R5
Change Component Physical Designator: Old Designator=R2 New Designator=R6
Change Component Physical Designator: Old Designator=R3 New Designator=R7
Change Component Physical Designator: Old Designator=R4 New Designator=R8
Change Component Physical Designator: Old Designator=R6 New Designator=R9
Change Component Physical Designator: Old Designator=R8 New Designator=R10
Change Component Physical Designator: Old Designator=R9 New Designator=R11
Change Component Physical Designator: Old Designator=R10 New Designator=R12
Change Component Physical Designator: Old Designator=R11 New Designator=R14
Change Component Physical Designator: Old Designator=R12 New Designator=R13
Change Component Physical Designator: Old Designator=R13 New Designator=R16
Change Component Physical Designator: Old Designator=R14 New Designator=R15
Change Component Physical Designator: Old Designator=R17 New Designator=R18
Change Component Physical Designator: Old Designator=R18 New Designator=R17
Change Component Physical Designator: Old Designator=R19 New Designator=R20
Change Component Physical Designator: Old Designator=R20 New Designator=R19
Change Component Physical Designator: Old Designator=R? New Designator=R?1
Change Component Physical Designator: Old Designator=R? New Designator=R?2
Change Component Physical Designator: Old Designator=R? New Designator=R?3
Change Component Physical Designator: Old Designator=R? New Designator=R?4
Change Component Physical Designator: Old Designator=R? New Designator=R?5
Change Component Physical Designator: Old Designator=R? New Designator=R?6
Change Component Physical Designator: Old Designator=R? New Designator=R?7
Change Component Physical Designator: Old Designator=R? New Designator=R?8
Change Component Physical Designator: Old Designator=R? New Designator=R?9
Change Component Physical Designator: Old Designator=R? New Designator=R?10
Change Component Physical Designator: Old Designator=R? New Designator=R?11
Change Component Physical Designator: Old Designator=R? New Designator=R?12
Change Component Physical Designator: Old Designator=R? New Designator=R?13
Change Component Physical Designator: Old Designator=R? New Designator=R?14
Change Component Physical Designator: Old Designator=R? New Designator=R?15
Change Component Physical Designator: Old Designator=R? New Designator=R?16
Change Component Physical Designator: Old Designator=R? New Designator=R?17
Change Component Physical Designator: Old Designator=R? New Designator=R?18
Change Component Physical Designator: Old Designator=R? New Designator=R?19
Change Component Physical Designator: Old Designator=R? New Designator=R?20
Change Component Physical Designator: Old Designator=R? New Designator=R?21
Change Component Physical Designator: Old Designator=R? New Designator=R?22
Change Component Physical Designator: Old Designator=R? New Designator=R?23
Change Component Physical Designator: Old Designator=R? New Designator=R?24
Change Component Physical Designator: Old Designator=R? New Designator=R?25
Change Component Physical Designator: Old Designator=R? New Designator=R?26
Change Component Physical Designator: Old Designator=R? New Designator=R?27
Change Component Physical Designator: Old Designator=R? New Designator=R?28
Change Component Physical Designator: Old Designator=R? New Designator=R?29
Change Component Physical Designator: Old Designator=R? New Designator=R?30
Change Component Physical Designator: Old Designator=R? New Designator=R?31
Change Component Physical Designator: Old Designator=R? New Designator=R?32
Change Component Physical Designator: Old Designator=R? New Designator=R?33
Change Component Physical Designator: Old Designator=R? New Designator=R?34
Change Component Physical Designator: Old Designator=R? New Designator=R?35
Change Component Physical Designator: Old Designator=R? New Designator=R?36
Change Component Physical Designator: Old Designator=R? New Designator=R?37
Change Component Physical Designator: Old Designator=R? New Designator=R?38
Change Component Physical Designator: Old Designator=R? New Designator=R?39
Change Component Physical Designator: Old Designator=R? New Designator=R?40
Change Component Physical Designator: Old Designator=R? New Designator=R?41
Change Component Physical Designator: Old Designator=R? New Designator=R?42
Change Component Physical Designator: Old Designator=R? New Designator=R?43
Change Component Physical Designator: Old Designator=R? New Designator=R?44
Change Component Physical Designator: Old Designator=R? New Designator=R?45
Change Component Physical Designator: Old Designator=R? New Designator=R?46
Change Component Physical Designator: Old Designator=SW? New Designator=SW?1
Change Component Physical Designator: Old Designator=SW? New Designator=SW?2
Change Component Physical Designator: Old Designator=SW? New Designator=SW?3
Change Component Physical Designator: Old Designator=SW? New Designator=SW?4
Change Component Physical Designator: Old Designator=SW? New Designator=SW?5
Change Component Physical Designator: Old Designator=SW? New Designator=SW?6
Change Component Physical Designator: Old Designator=SW? New Designator=SW?7
Change Component Physical Designator: Old Designator=SW? New Designator=SW?8
Change Component Physical Designator: Old Designator=SW? New Designator=SW?9
Change Component Physical Designator: Old Designator=U1 New Designator=U3
Change Component Physical Designator: Old Designator=U1 New Designator=U3
Change Component Physical Designator: Old Designator=U1 New Designator=U3
Change Component Physical Designator: Old Designator=U1 New Designator=U3
Change Component Physical Designator: Old Designator=U? New Designator=U?1
Change Component Physical Designator: Old Designator=U? New Designator=U?2
Change Component Physical Designator: Old Designator=U? New Designator=U?5
Change Component Physical Designator: Old Designator=U? New Designator=U?6
Change Component Physical Designator: Old Designator=U? New Designator=U?7
Change Component Physical Designator: Old Designator=U? New Designator=U?8
Change Component Physical Designator: Old Designator=U? New Designator=U?9
Change Component Physical Designator: Old Designator=U? New Designator=U?10
Change Component Physical Designator: Old Designator=U? New Designator=U?11
Change Component Physical Designator: Old Designator=U? New Designator=U?3
Change Component Physical Designator: Old Designator=U? New Designator=U?4
Change Component Physical Designator: Old Designator=U? New Designator=U?3
Change Component Physical Designator: Old Designator=U? New Designator=U?4
Change Component Physical Designator: Old Designator=U? New Designator=U?3
Change Component Physical Designator: Old Designator=U? New Designator=U?4
Change Component Physical Designator: Old Designator=U? New Designator=U?3
Change Component Physical Designator: Old Designator=U? New Designator=U?4
Change Component Physical Designator: Old Designator=Y? New Designator=Y?1
