Change Component Physical Designator: Old Designator=C2 New Designator=C1
Change Component Physical Designator: Old Designator=C3 New Designator=C2
Change Component Physical Designator: Old Designator=C4 New Designator=C3
Change Component Physical Designator: Old Designator=C5 New Designator=C4
Change Component Physical Designator: Old Designator=C6 New Designator=C5
Change Component Physical Designator: Old Designator=C7 New Designator=C6
Change Component Physical Designator: Old Designator=C8 New Designator=C7
Change Component Physical Designator: Old Designator=C9 New Designator=C1
Change Component Physical Designator: Old Designator=C10 New Designator=C2
Change Component Physical Designator: Old Designator=C11 New Designator=C3
Change Component Physical Designator: Old Designator=C12 New Designator=C4
Change Component Physical Designator: Old Designator=C13 New Designator=C9
Change Component Physical Designator: Old Designator=C14 New Designator=C6
Change Component Physical Designator: Old Designator=C15 New Designator=C5
Change Component Physical Designator: Old Designator=C16 New Designator=C8
Change Component Physical Designator: Old Designator=C17 New Designator=C7
Change Component Physical Designator: Old Designator=C?1 New Designator=C?
Change Component Physical Designator: Old Designator=C?2 New Designator=C?
Change Component Physical Designator: Old Designator=C?3 New Designator=C?
Change Component Physical Designator: Old Designator=C?4 New Designator=C?
Change Component Physical Designator: Old Designator=C?5 New Designator=C?
Change Component Physical Designator: Old Designator=C?6 New Designator=C?
Change Component Physical Designator: Old Designator=C?7 New Designator=C?
Change Component Physical Designator: Old Designator=C?8 New Designator=C?
Change Component Physical Designator: Old Designator=C?9 New Designator=C?
Change Component Physical Designator: Old Designator=C?10 New Designator=C?
Change Component Physical Designator: Old Designator=C?11 New Designator=C?
Change Component Physical Designator: Old Designator=C?12 New Designator=C?
Change Component Physical Designator: Old Designator=C?13 New Designator=C?
Change Component Physical Designator: Old Designator=C?14 New Designator=C?
Change Component Physical Designator: Old Designator=C?15 New Designator=C?
Change Component Physical Designator: Old Designator=C?16 New Designator=C?
Change Component Physical Designator: Old Designator=C?17 New Designator=C?
Change Component Physical Designator: Old Designator=C?18 New Designator=C?
Change Component Physical Designator: Old Designator=C?19 New Designator=C?
Change Component Physical Designator: Old Designator=C?20 New Designator=C?
Change Component Physical Designator: Old Designator=C?21 New Designator=C?
Change Component Physical Designator: Old Designator=C?22 New Designator=C?
Change Component Physical Designator: Old Designator=C?23 New Designator=C?
Change Component Physical Designator: Old Designator=C?24 New Designator=C?
Change Component Physical Designator: Old Designator=C?25 New Designator=C?
Change Component Physical Designator: Old Designator=C?26 New Designator=C?
Change Component Physical Designator: Old Designator=C?27 New Designator=C?
Change Component Physical Designator: Old Designator=C?28 New Designator=C?
Change Component Physical Designator: Old Designator=C?29 New Designator=C?
Change Component Physical Designator: Old Designator=C?30 New Designator=C?
Change Component Physical Designator: Old Designator=C?31 New Designator=C?
Change Component Physical Designator: Old Designator=C?32 New Designator=C?
Change Component Physical Designator: Old Designator=C?33 New Designator=C?
Change Component Physical Designator: Old Designator=C?34 New Designator=C?
Change Component Physical Designator: Old Designator=C?35 New Designator=C?
Change Component Physical Designator: Old Designator=C?36 New Designator=C?
Change Component Physical Designator: Old Designator=C?37 New Designator=C?
Change Component Physical Designator: Old Designator=C?38 New Designator=C?
Change Component Physical Designator: Old Designator=C?39 New Designator=C?
Change Component Physical Designator: Old Designator=C?40 New Designator=C?
Change Component Physical Designator: Old Designator=C?41 New Designator=C?
Change Component Physical Designator: Old Designator=C?42 New Designator=C?
Change Component Physical Designator: Old Designator=C?43 New Designator=C?
Change Component Physical Designator: Old Designator=C?44 New Designator=C?
Change Component Physical Designator: Old Designator=C?45 New Designator=C?
Change Component Physical Designator: Old Designator=C?46 New Designator=C?
Change Component Physical Designator: Old Designator=C?47 New Designator=C?
Change Component Physical Designator: Old Designator=C?48 New Designator=C?
Change Component Physical Designator: Old Designator=C?49 New Designator=C?
Change Component Physical Designator: Old Designator=C?50 New Designator=C?
Change Component Physical Designator: Old Designator=C?51 New Designator=C?
Change Component Physical Designator: Old Designator=D2 New Designator=D1
Change Component Physical Designator: Old Designator=D3 New Designator=D1
Change Component Physical Designator: Old Designator=D4 New Designator=D2
Change Component Physical Designator: Old Designator=D5 New Designator=D4
Change Component Physical Designator: Old Designator=D6 New Designator=D3
Change Component Physical Designator: Old Designator=D?1 New Designator=D?
Change Component Physical Designator: Old Designator=F?1 New Designator=F?
Change Component Physical Designator: Old Designator=J?1 New Designator=J?
Change Component Physical Designator: Old Designator=J?2 New Designator=J?
Change Component Physical Designator: Old Designator=J?3 New Designator=J?
Change Component Physical Designator: Old Designator=J?4 New Designator=J?
Change Component Physical Designator: Old Designator=J?5 New Designator=J?
Change Component Physical Designator: Old Designator=J?6 New Designator=J?
Change Component Physical Designator: Old Designator=J?7 New Designator=J?
Change Component Physical Designator: Old Designator=J?8 New Designator=J?
Change Component Physical Designator: Old Designator=J?9 New Designator=J?
Change Component Physical Designator: Old Designator=J?10 New Designator=J?
Change Component Physical Designator: Old Designator=J?11 New Designator=J?
Change Component Physical Designator: Old Designator=L?1 New Designator=L?
Change Component Physical Designator: Old Designator=L?2 New Designator=L?
Change Component Physical Designator: Old Designator=L?3 New Designator=L?
Change Component Physical Designator: Old Designator=L?4 New Designator=L?
Change Component Physical Designator: Old Designator=R4 New Designator=R1
Change Component Physical Designator: Old Designator=R5 New Designator=R1
Change Component Physical Designator: Old Designator=R6 New Designator=R2
Change Component Physical Designator: Old Designator=R7 New Designator=R3
Change Component Physical Designator: Old Designator=R8 New Designator=R4
Change Component Physical Designator: Old Designator=R9 New Designator=R6
Change Component Physical Designator: Old Designator=R10 New Designator=R8
Change Component Physical Designator: Old Designator=R11 New Designator=R9
Change Component Physical Designator: Old Designator=R12 New Designator=R10
Change Component Physical Designator: Old Designator=R13 New Designator=R12
Change Component Physical Designator: Old Designator=R14 New Designator=R11
Change Component Physical Designator: Old Designator=R15 New Designator=R14
Change Component Physical Designator: Old Designator=R16 New Designator=R13
Change Component Physical Designator: Old Designator=R17 New Designator=R18
Change Component Physical Designator: Old Designator=R18 New Designator=R17
Change Component Physical Designator: Old Designator=R19 New Designator=R20
Change Component Physical Designator: Old Designator=R20 New Designator=R19
Change Component Physical Designator: Old Designator=R?1 New Designator=R?
Change Component Physical Designator: Old Designator=R?2 New Designator=R?
Change Component Physical Designator: Old Designator=R?3 New Designator=R?
Change Component Physical Designator: Old Designator=R?4 New Designator=R?
Change Component Physical Designator: Old Designator=R?5 New Designator=R?
Change Component Physical Designator: Old Designator=R?6 New Designator=R?
Change Component Physical Designator: Old Designator=R?7 New Designator=R?
Change Component Physical Designator: Old Designator=R?8 New Designator=R?
Change Component Physical Designator: Old Designator=R?9 New Designator=R?
Change Component Physical Designator: Old Designator=R?10 New Designator=R?
Change Component Physical Designator: Old Designator=R?11 New Designator=R?
Change Component Physical Designator: Old Designator=R?12 New Designator=R?
Change Component Physical Designator: Old Designator=R?13 New Designator=R?
Change Component Physical Designator: Old Designator=R?14 New Designator=R?
Change Component Physical Designator: Old Designator=R?15 New Designator=R?
Change Component Physical Designator: Old Designator=R?16 New Designator=R?
Change Component Physical Designator: Old Designator=R?17 New Designator=R?
Change Component Physical Designator: Old Designator=R?18 New Designator=R?
Change Component Physical Designator: Old Designator=R?19 New Designator=R?
Change Component Physical Designator: Old Designator=R?20 New Designator=R?
Change Component Physical Designator: Old Designator=R?21 New Designator=R?
Change Component Physical Designator: Old Designator=R?22 New Designator=R?
Change Component Physical Designator: Old Designator=R?23 New Designator=R?
Change Component Physical Designator: Old Designator=R?24 New Designator=R?
Change Component Physical Designator: Old Designator=R?25 New Designator=R?
Change Component Physical Designator: Old Designator=R?26 New Designator=R?
Change Component Physical Designator: Old Designator=R?27 New Designator=R?
Change Component Physical Designator: Old Designator=R?28 New Designator=R?
Change Component Physical Designator: Old Designator=R?29 New Designator=R?
Change Component Physical Designator: Old Designator=R?30 New Designator=R?
Change Component Physical Designator: Old Designator=R?31 New Designator=R?
Change Component Physical Designator: Old Designator=R?32 New Designator=R?
Change Component Physical Designator: Old Designator=R?33 New Designator=R?
Change Component Physical Designator: Old Designator=R?34 New Designator=R?
Change Component Physical Designator: Old Designator=R?35 New Designator=R?
Change Component Physical Designator: Old Designator=R?36 New Designator=R?
Change Component Physical Designator: Old Designator=R?37 New Designator=R?
Change Component Physical Designator: Old Designator=R?38 New Designator=R?
Change Component Physical Designator: Old Designator=R?39 New Designator=R?
Change Component Physical Designator: Old Designator=R?40 New Designator=R?
Change Component Physical Designator: Old Designator=R?41 New Designator=R?
Change Component Physical Designator: Old Designator=R?42 New Designator=R?
Change Component Physical Designator: Old Designator=R?43 New Designator=R?
Change Component Physical Designator: Old Designator=R?44 New Designator=R?
Change Component Physical Designator: Old Designator=R?45 New Designator=R?
Change Component Physical Designator: Old Designator=R?46 New Designator=R?
Change Component Physical Designator: Old Designator=SW?1 New Designator=SW?
Change Component Physical Designator: Old Designator=SW?2 New Designator=SW?
Change Component Physical Designator: Old Designator=SW?3 New Designator=SW?
Change Component Physical Designator: Old Designator=SW?4 New Designator=SW?
Change Component Physical Designator: Old Designator=SW?5 New Designator=SW?
Change Component Physical Designator: Old Designator=SW?6 New Designator=SW?
Change Component Physical Designator: Old Designator=SW?7 New Designator=SW?
Change Component Physical Designator: Old Designator=SW?8 New Designator=SW?
Change Component Physical Designator: Old Designator=SW?9 New Designator=SW?
Change Component Physical Designator: Old Designator=U3 New Designator=U1
Change Component Physical Designator: Old Designator=U3 New Designator=U1
Change Component Physical Designator: Old Designator=U3 New Designator=U1
Change Component Physical Designator: Old Designator=U3 New Designator=U1
Change Component Physical Designator: Old Designator=U?1 New Designator=U?
Change Component Physical Designator: Old Designator=U?2 New Designator=U?
Change Component Physical Designator: Old Designator=U?3 New Designator=U?
Change Component Physical Designator: Old Designator=U?3 New Designator=U?
Change Component Physical Designator: Old Designator=U?3 New Designator=U?
Change Component Physical Designator: Old Designator=U?3 New Designator=U?
Change Component Physical Designator: Old Designator=U?4 New Designator=U?
Change Component Physical Designator: Old Designator=U?4 New Designator=U?
Change Component Physical Designator: Old Designator=U?4 New Designator=U?
Change Component Physical Designator: Old Designator=U?4 New Designator=U?
Change Component Physical Designator: Old Designator=U?5 New Designator=U?
Change Component Physical Designator: Old Designator=U?6 New Designator=U?
Change Component Physical Designator: Old Designator=U?7 New Designator=U?
Change Component Physical Designator: Old Designator=U?8 New Designator=U?
Change Component Physical Designator: Old Designator=U?9 New Designator=U?
Change Component Physical Designator: Old Designator=U?10 New Designator=U?
Change Component Physical Designator: Old Designator=U?11 New Designator=U?
Change Component Physical Designator: Old Designator=Y?1 New Designator=Y?
