Removed Pin From Net: NetName=DGND Pin=C9.9-1
Removed Pin From Net: NetName=Vper Pin=C9.9-2
Removed Pin From Net: NetName=Vref Pin=R19-1
Removed Pin From Net: NetName=Vref Pin=R20-1
Removed Pin From Net: NetName=DGND Pin=U2.9-3
Removed Pin From Net: NetName=DGND Pin=U2.9-6
Removed Pin From Net: NetName=Vper Pin=U2.9-12
Removed Pin From Net: NetName=Vref Pin=U6-1
Removed Pin From Net: NetName=SCL Pin=U10-4
Removed Pin From Net: NetName=SDA Pin=U10-5
Removed Member From Class: ClassName=ANALOG Member=NetR23_2
Removed Member From Class: ClassName=ANALOG Member=NetR24_2
Removed Member From Class: ClassName=ANALOG Member=NetR29_2
Removed Member From Class: ClassName=ANALOG Member=NetR30_2
Removed Member From Class: ClassName=ANALOG Member=NetR35_2
Removed Member From Class: ClassName=ANALOG Member=NetR36_2
Removed Member From Class: ClassName=ANALOG Member=NetR41_2
Removed Member From Class: ClassName=ANALOG Member=NetR42_2
Change Component Footprint: Designator=SW1 Old Footprint=按键微动开关2 New Footprint=KEY-SMD_4P-L4.2-W3.2-P2.20-LS4.6
Change Component Footprint: Designator=SW2 Old Footprint=按键微动开关2 New Footprint=KEY-SMD_4P-L4.2-W3.2-P2.20-LS4.6
Change Component Footprint: Designator=SW3 Old Footprint=按键微动开关2 New Footprint=KEY-SMD_4P-L4.2-W3.2-P2.20-LS4.6
Change Component Footprint: Designator=SW4 Old Footprint=按键微动开关2 New Footprint=KEY-SMD_4P-L4.2-W3.2-P2.20-LS4.6
Change Component Footprint: Designator=SW5 Old Footprint=按键微动开关2 New Footprint=KEY-SMD_4P-L4.2-W3.2-P2.20-LS4.6
Change Component Footprint: Designator=SW6 Old Footprint=轻触开关6.2*6.2(5p) SMD New Footprint=KEY-SMD_4P-L4.2-W3.2-P2.20-LS4.6
Added Component: Designator=C10(C0402)
Add component (AddParameter): Name = "LatestRevisionDate"; Value = "17-Jul-2002"; VariantName = "[No Variations]"
Add component (AddParameter): Name = "LatestRevisionNote"; Value = "Re-released for DXP Platform."; VariantName = "[No Variations]"
Add component (AddParameter): Name = "PackageDescription"; Value = "Radial Cap, Thru-Hole; 2 Leads; 0.3 in Pin Spacing"; VariantName = "[No Variations]"
Add component (AddParameter): Name = "PackageReference"; Value = "RAD-0.3"; VariantName = "[No Variations]"
Add component (AddParameter): Name = "Published"; Value = "8-Jun-2000"; VariantName = "[No Variations]"
Add component (AddParameter): Name = "Publisher"; Value = "Altium Limited"; VariantName = "[No Variations]"
Add component (AddParameter): Name = "Value"; Value = "22pF"; VariantName = "[No Variations]"
Added Component: Designator=C11(3216-ce)
Add component (AddParameter): Name = "LatestRevisionDate"; Value = "17-Jul-2002"; VariantName = "[No Variations]"
Add component (AddParameter): Name = "LatestRevisionNote"; Value = "Re-released for DXP Platform."; VariantName = "[No Variations]"
Add component (AddParameter): Name = "PackageDescription"; Value = "Polarized Capacitor; 2 Leads"; VariantName = "[No Variations]"
Add component (AddParameter): Name = "PackageReference"; Value = "POLAR0.8"; VariantName = "[No Variations]"
Add component (AddParameter): Name = "Published"; Value = "8-Jun-2000"; VariantName = "[No Variations]"
Add component (AddParameter): Name = "Publisher"; Value = "Altium Limited"; VariantName = "[No Variations]"
Add component (AddParameter): Name = "Value"; Value = "100pF"; VariantName = "[No Variations]"
Added Component: Designator=C52(贴片电解 6.3*5.4)
Add component (AddParameter): Name = "LatestRevisionDate"; Value = "17-Jul-2002"; VariantName = "[No Variations]"
Add component (AddParameter): Name = "LatestRevisionNote"; Value = "Re-released for DXP Platform."; VariantName = "[No Variations]"
Add component (AddParameter): Name = "PackageDescription"; Value = "Polarized Capacitor; 2 Leads"; VariantName = "[No Variations]"
Add component (AddParameter): Name = "PackageReference"; Value = "POLAR0.8"; VariantName = "[No Variations]"
Add component (AddParameter): Name = "Published"; Value = "8-Jun-2000"; VariantName = "[No Variations]"
Add component (AddParameter): Name = "Publisher"; Value = "Altium Limited"; VariantName = "[No Variations]"
Add component (AddParameter): Name = "Value"; Value = "100pF"; VariantName = "[No Variations]"
Added Component: Designator=C53(C0603)
Add component (AddParameter): Name = "LatestRevisionDate"; Value = "17-Jul-2002"; VariantName = "[No Variations]"
Add component (AddParameter): Name = "LatestRevisionNote"; Value = "Re-released for DXP Platform."; VariantName = "[No Variations]"
Add component (AddParameter): Name = "PackageDescription"; Value = "Radial Cap, Thru-Hole; 2 Leads; 0.3 in Pin Spacing"; VariantName = "[No Variations]"
Add component (AddParameter): Name = "PackageReference"; Value = "RAD-0.3"; VariantName = "[No Variations]"
Add component (AddParameter): Name = "Published"; Value = "8-Jun-2000"; VariantName = "[No Variations]"
Add component (AddParameter): Name = "Publisher"; Value = "Altium Limited"; VariantName = "[No Variations]"
Add component (AddParameter): Name = "Value"; Value = "22pF"; VariantName = "[No Variations]"
Added Component: Designator=C54(C0603)
Add component (AddParameter): Name = "LatestRevisionDate"; Value = "17-Jul-2002"; VariantName = "[No Variations]"
Add component (AddParameter): Name = "LatestRevisionNote"; Value = "Re-released for DXP Platform."; VariantName = "[No Variations]"
Add component (AddParameter): Name = "PackageDescription"; Value = "Radial Cap, Thru-Hole; 2 Leads; 0.3 in Pin Spacing"; VariantName = "[No Variations]"
Add component (AddParameter): Name = "PackageReference"; Value = "RAD-0.3"; VariantName = "[No Variations]"
Add component (AddParameter): Name = "Published"; Value = "8-Jun-2000"; VariantName = "[No Variations]"
Add component (AddParameter): Name = "Publisher"; Value = "Altium Limited"; VariantName = "[No Variations]"
Add component (AddParameter): Name = "Value"; Value = "22pF"; VariantName = "[No Variations]"
Added Component: Designator=C55(C0603)
Add component (AddParameter): Name = "LatestRevisionDate"; Value = "17-Jul-2002"; VariantName = "[No Variations]"
Add component (AddParameter): Name = "LatestRevisionNote"; Value = "Re-released for DXP Platform."; VariantName = "[No Variations]"
Add component (AddParameter): Name = "PackageDescription"; Value = "Radial Cap, Thru-Hole; 2 Leads; 0.3 in Pin Spacing"; VariantName = "[No Variations]"
Add component (AddParameter): Name = "PackageReference"; Value = "RAD-0.3"; VariantName = "[No Variations]"
Add component (AddParameter): Name = "Published"; Value = "8-Jun-2000"; VariantName = "[No Variations]"
Add component (AddParameter): Name = "Publisher"; Value = "Altium Limited"; VariantName = "[No Variations]"
Add component (AddParameter): Name = "Value"; Value = "22pF"; VariantName = "[No Variations]"
Added Component: Designator=J13(定位孔 3mm)
Added Component: Designator=J14(定位孔 3mm)
Added Component: Designator=R47(R0603)
Add component (AddParameter): Name = "LatestRevisionDate"; Value = "17-Jul-2002"; VariantName = "[No Variations]"
Add component (AddParameter): Name = "LatestRevisionNote"; Value = "Re-released for DXP Platform."; VariantName = "[No Variations]"
Add component (AddParameter): Name = "PackageDescription"; Value = "Axial Device, Thru-Hole; 2 Leads; 0.3 in Pin Spacing"; VariantName = "[No Variations]"
Add component (AddParameter): Name = "PackageReference"; Value = "AXIAL-0.3"; VariantName = "[No Variations]"
Add component (AddParameter): Name = "Published"; Value = "8-Jun-2000"; VariantName = "[No Variations]"
Add component (AddParameter): Name = "Publisher"; Value = "Altium Limited"; VariantName = "[No Variations]"
Add component (AddParameter): Name = "Value"; Value = "150R"; VariantName = "[No Variations]"
Added Component: Designator=R48(R0603)
Add component (AddParameter): Name = "LatestRevisionDate"; Value = "17-Jul-2002"; VariantName = "[No Variations]"
Add component (AddParameter): Name = "LatestRevisionNote"; Value = "Re-released for DXP Platform."; VariantName = "[No Variations]"
Add component (AddParameter): Name = "PackageDescription"; Value = "Axial Device, Thru-Hole; 2 Leads; 0.3 in Pin Spacing"; VariantName = "[No Variations]"
Add component (AddParameter): Name = "PackageReference"; Value = "AXIAL-0.3"; VariantName = "[No Variations]"
Add component (AddParameter): Name = "Published"; Value = "8-Jun-2000"; VariantName = "[No Variations]"
Add component (AddParameter): Name = "Publisher"; Value = "Altium Limited"; VariantName = "[No Variations]"
Add component (AddParameter): Name = "Value"; Value = "150R"; VariantName = "[No Variations]"
Added Pin To Net: NetName=GND Pin=C9.9-1
Added Pin To Net: NetName=VCC Pin=C9.9-2
Added Pin To Net: NetName=VDDA Pin=C10-1
Added Pin To Net: NetName=AGND Pin=C10-2
Added Pin To Net: NetName=VDDA Pin=C11-1
Added Pin To Net: NetName=AGND Pin=C11-2
Added Pin To Net: NetName=Vref Pin=C31-1
Added Pin To Net: NetName=Vm Pin=C52-1
Added Pin To Net: NetName=PGND Pin=C52-2
Added Pin To Net: NetName=PGND Pin=C53-1
Added Pin To Net: NetName=DVDD Pin=C53-2
Added Pin To Net: NetName=GND Pin=C54-1
Added Pin To Net: NetName=VCC Pin=C54-2
Added Pin To Net: NetName=VCC Pin=C55-1
Added Pin To Net: NetName=GND Pin=C55-2
Added Pin To Net: NetName=Vref Pin=R18-1
Added Pin To Net: NetName=Vref Pin=R19-2
Added Pin To Net: NetName=VCC Pin=R47-1
Added Pin To Net: NetName=SCL Pin=R47-2
Added Pin To Net: NetName=VCC Pin=R48-1
Added Pin To Net: NetName=SDA Pin=R48-2
Added Pin To Net: NetName=VDDA Pin=U1.9-4
Added Pin To Net: NetName=NetR6_1 Pin=U2-22
Added Pin To Net: NetName=SCL Pin=U2.9-4
Added Pin To Net: NetName=SDA Pin=U2.9-5
Added Pin To Net: NetName=GND Pin=U2.9-6
Added Pin To Net: NetName=GND Pin=U2.9-11
Added Pin To Net: NetName=VCC Pin=U2.9-12
Added Pin To Net: NetName=Vref Pin=U6-2
Added Pin To Net: NetName=GND Pin=U10-3
Added Pin To Net: NetName=GND Pin=U10-6
Added Pin To Net: NetName=VCC Pin=U10-11
Added Pin To Net: NetName=VCC Pin=U10-12
Added Pin To Net: NetName=GND Pin=U11-3
Added Pin To Net: NetName=GND Pin=U11-6
Added Pin To Net: NetName=GND Pin=U11-11
Added Pin To Net: NetName=VCC Pin=U11-12
Added Pin To Net: NetName=K1 Pin=SW1-1
Added Pin To Net: NetName=K1 Pin=SW1-1
Added Net: Name=K1
Added Pin To Net: NetName=K2 Pin=SW2-1
Added Pin To Net: NetName=K2 Pin=SW2-1
Added Net: Name=K2
Added Pin To Net: NetName=K3 Pin=SW3-1
Added Pin To Net: NetName=K3 Pin=SW3-1
Added Net: Name=K3
Added Pin To Net: NetName=K4 Pin=SW4-1
Added Pin To Net: NetName=K4 Pin=SW4-1
Added Net: Name=K4
Added Pin To Net: NetName=K5 Pin=SW5-1
Added Pin To Net: NetName=K5 Pin=SW5-1
Added Net: Name=K5
Added Pin To Net: NetName=K6 Pin=SW6-1
Added Pin To Net: NetName=K6 Pin=SW6-1
Added Net: Name=K6
Added Pin To Net: NetName=NetR19_1 Pin=R19-1
Added Pin To Net: NetName=NetR19_1 Pin=R20-1
Added Pin To Net: NetName=NetR19_1 Pin=U6-1
Added Net: Name=NetR19_1
Added Pin To Net: NetName=NetU2.9_3 Pin=U2.9-3
Added Net: Name=NetU2.9_3
Added Pin To Net: NetName=P0B0 Pin=R33-2
Added Pin To Net: NetName=P0B0 Pin=U10-10
Added Net: Name=P0B0
Added Pin To Net: NetName=P0B1 Pin=R34-2
Added Pin To Net: NetName=P0B1 Pin=U11-10
Added Net: Name=P0B1
Added Pin To Net: NetName=P0W0 Pin=R29-2
Added Pin To Net: NetName=P0W0 Pin=U8-7
Added Pin To Net: NetName=P0W0 Pin=U10-9
Added Net: Name=P0W0
Added Pin To Net: NetName=P0W1 Pin=R30-2
Added Pin To Net: NetName=P0W1 Pin=U9-7
Added Pin To Net: NetName=P0W1 Pin=U11-9
Added Net: Name=P0W1
Added Pin To Net: NetName=P1B0 Pin=R36-2
Added Pin To Net: NetName=P1B0 Pin=U9-8
Added Pin To Net: NetName=P1B0 Pin=U10-7
Added Net: Name=P1B0
Added Pin To Net: NetName=P1B1 Pin=R35-2
Added Pin To Net: NetName=P1B1 Pin=U8-8
Added Pin To Net: NetName=P1B1 Pin=U11-7
Added Net: Name=P1B1
Added Pin To Net: NetName=P1W0 Pin=R40-2
Added Pin To Net: NetName=P1W0 Pin=U10-8
Added Net: Name=P1W0
Added Pin To Net: NetName=P1W1 Pin=R39-2
Added Pin To Net: NetName=P1W1 Pin=U11-8
Added Net: Name=P1W1
Added Pin To Net: NetName=P2B0 Pin=R23-2
Added Pin To Net: NetName=P2B0 Pin=U8-1
Added Pin To Net: NetName=P2B0 Pin=U10-13
Added Net: Name=P2B0
Added Pin To Net: NetName=P2B1 Pin=R24-2
Added Pin To Net: NetName=P2B1 Pin=U9-1
Added Pin To Net: NetName=P2B1 Pin=U11-13
Added Net: Name=P2B1
Added Pin To Net: NetName=P2W0 Pin=R27-2
Added Pin To Net: NetName=P2W0 Pin=U10-14
Added Net: Name=P2W0
Added Pin To Net: NetName=P2W1 Pin=R28-2
Added Pin To Net: NetName=P2W1 Pin=U11-14
Added Net: Name=P2W1
Added Pin To Net: NetName=P3B0 Pin=R46-2
Added Pin To Net: NetName=P3B0 Pin=U10-2
Added Net: Name=P3B0
Added Pin To Net: NetName=P3B1 Pin=R45-2
Added Pin To Net: NetName=P3B1 Pin=U11-2
Added Net: Name=P3B1
Added Pin To Net: NetName=P3W0 Pin=R42-2
Added Pin To Net: NetName=P3W0 Pin=U9-14
Added Pin To Net: NetName=P3W0 Pin=U10-1
Added Net: Name=P3W0
Added Pin To Net: NetName=P3W1 Pin=R41-2
Added Pin To Net: NetName=P3W1 Pin=U8-14
Added Pin To Net: NetName=P3W1 Pin=U11-1
Added Net: Name=P3W1
Added Member To Class: ClassName=U_OPA4377 Member=Component C10 104
Added Member To Class: ClassName=U_OPA4377 Member=Component C11 106
Added Member To Class: ClassName=U_power Member=Component C52 电解电容
Added Member To Class: ClassName=U_isolation Member=Component C53 106
Added Member To Class: ClassName=U_invert Member=Component C54 104
Added Member To Class: ClassName=U_invert Member=Component C55 104
Added Member To Class: ClassName=U_isolation Member=Component J13 3mm
Added Member To Class: ClassName=U_isolation Member=Component J14 3mm
Added Member To Class: ClassName=U_slave Member=Component R47 4.7K
Added Member To Class: ClassName=U_slave Member=Component R48 4.7K
Added Member To Class: ClassName=ANALOG Member=Wire P0B0
Added Member To Class: ClassName=ANALOG Member=Wire P0B1
Added Member To Class: ClassName=ANALOG Member=Wire P0W0
Added Member To Class: ClassName=ANALOG Member=Wire P0W1
Added Member To Class: ClassName=ANALOG Member=Wire P1B0
Added Member To Class: ClassName=ANALOG Member=Wire P1B1
Added Member To Class: ClassName=ANALOG Member=Wire P1W0
Added Member To Class: ClassName=ANALOG Member=Wire P1W1
Added Member To Class: ClassName=ANALOG Member=Wire P2B0
Added Member To Class: ClassName=ANALOG Member=Wire P2B1
Added Member To Class: ClassName=ANALOG Member=Wire P2W0
Added Member To Class: ClassName=ANALOG Member=Wire P2W1
Added Member To Class: ClassName=ANALOG Member=Wire P3B0
Added Member To Class: ClassName=ANALOG Member=Wire P3B1
Added Member To Class: ClassName=ANALOG Member=Wire P3W0
Added Member To Class: ClassName=ANALOG Member=Wire P3W1
