Removed Pin From Net: NetName=P1B1 Pin=R35-2
Removed Pin From Net: NetName=P1B0 Pin=R36-2
Removed Pin From Net: NetName=P1W1 Pin=R39-2
Removed Pin From Net: NetName=P1W0 Pin=R40-2
Removed Pin From Net: NetName=P3W1 Pin=R41-2
Removed Pin From Net: NetName=P3W0 Pin=R42-2
Removed Pin From Net: NetName=P3B1 Pin=R45-2
Removed Pin From Net: NetName=P3B0 Pin=R46-2
Removed Pin From Net: NetName=P1B1 Pin=U8-8
Removed Pin From Net: NetName=P3W1 Pin=U8-14
Removed Pin From Net: NetName=P1B0 Pin=U9-8
Removed Pin From Net: NetName=P3W0 Pin=U9-14
Added Pin To Net: NetName=P1B0 Pin=R35-2
Added Pin To Net: NetName=P1B1 Pin=R36-2
Added Pin To Net: NetName=P1W0 Pin=R39-2
Added Pin To Net: NetName=P1W1 Pin=R40-2
Added Pin To Net: NetName=P3W0 Pin=R41-2
Added Pin To Net: NetName=P3W1 Pin=R42-2
Added Pin To Net: NetName=P3B0 Pin=R45-2
Added Pin To Net: NetName=P3B1 Pin=R46-2
Added Pin To Net: NetName=P1B0 Pin=U8-8
Added Pin To Net: NetName=P3W0 Pin=U8-14
Added Pin To Net: NetName=P1B1 Pin=U9-8
Added Pin To Net: NetName=P3W1 Pin=U9-14
