Removed Pin From Net: NetName=NetR6_1 Pin=U2-22
Added Component: Designator=J12(2.0≈≈’Î3P)
Added Component: Designator=U1(MIMXRT1064xVL_CoreBoard)
Added Pin To Net: NetName=GND Pin=J12-3
Added Pin To Net: NetName=GND Pin=U1-1
Added Pin To Net: NetName=GND Pin=U1-2
Added Pin To Net: NetName=NetC1_3 Pin=U1-5
Added Pin To Net: NetName=NetC1_3 Pin=U1-6
Added Pin To Net: NetName=CR Pin=U1-9
Added Pin To Net: NetName=SD_B1_04 Pin=U1-10
Added Pin To Net: NetName=SD_B1_03 Pin=U1-11
Added Pin To Net: NetName=SD_B1_02 Pin=U1-12
Added Pin To Net: NetName=SD_B1_01 Pin=U1-13
Added Pin To Net: NetName=SD_B1_00 Pin=U1-14
Added Pin To Net: NetName=AD_B0_00 Pin=U1-23
Added Pin To Net: NetName=AD_B0_01 Pin=U1-24
Added Pin To Net: NetName=AD_B0_02 Pin=U1-25
Added Pin To Net: NetName=AD_B0_03 Pin=U1-26
Added Pin To Net: NetName=AD_B0_13 Pin=U1-27
Added Pin To Net: NetName=AD_B0_15 Pin=U1-28
Added Pin To Net: NetName=AD_B0_12 Pin=U1-29
Added Pin To Net: NetName=AD_B0_14 Pin=U1-30
Added Pin To Net: NetName=AD_B1_01 Pin=U1-31
Added Pin To Net: NetName=AD_B1_00 Pin=U1-32
Added Pin To Net: NetName=AD_B1_03 Pin=U1-33
Added Pin To Net: NetName=AD_B1_02 Pin=U1-34
Added Pin To Net: NetName=AD_B1_05 Pin=U1-35
Added Pin To Net: NetName=AD_B1_04 Pin=U1-36
Added Pin To Net: NetName=AD_B1_06 Pin=U1-38
Added Pin To Net: NetName=AD_B1_09 Pin=U1-39
Added Pin To Net: NetName=AD_B1_08 Pin=U1-40
Added Pin To Net: NetName=AD_B1_11 Pin=U1-41
Added Pin To Net: NetName=AD_B1_10 Pin=U1-42
Added Pin To Net: NetName=AD_B1_14 Pin=U1-43
Added Pin To Net: NetName=AD_B1_15 Pin=U1-44
Added Pin To Net: NetName=AD_B1_13 Pin=U1-45
Added Pin To Net: NetName=AD_B1_12 Pin=U1-46
Added Pin To Net: NetName=AD_B0_11 Pin=U1-47
Added Pin To Net: NetName=AD_B0_10 Pin=U1-48
Added Pin To Net: NetName=AD_B0_09 Pin=U1-49
Added Pin To Net: NetName=B1_15 Pin=U1-50
Added Pin To Net: NetName=B1_13 Pin=U1-51
Added Pin To Net: NetName=B1_11 Pin=U1-53
Added Pin To Net: NetName=B1_12 Pin=U1-54
Added Pin To Net: NetName=B1_09 Pin=U1-55
Added Pin To Net: NetName=B1_10 Pin=U1-56
Added Pin To Net: NetName=B1_07 Pin=U1-57
Added Pin To Net: NetName=B1_08 Pin=U1-58
Added Pin To Net: NetName=B1_05 Pin=U1-59
Added Pin To Net: NetName=B1_06 Pin=U1-60
Added Pin To Net: NetName=B1_03 Pin=U1-61
Added Pin To Net: NetName=B1_04 Pin=U1-62
Added Pin To Net: NetName=B1_01 Pin=U1-63
Added Pin To Net: NetName=B1_02 Pin=U1-64
Added Pin To Net: NetName=B1_00 Pin=U1-66
Added Pin To Net: NetName=B0_01 Pin=U1-79
Added Pin To Net: NetName=B0_02 Pin=U1-80
Added Pin To Net: NetName=EMC_41 Pin=U1-81
Added Pin To Net: NetName=B0_00 Pin=U1-82
Added Pin To Net: NetName=GND Pin=U1-83
Added Pin To Net: NetName=EMC_40 Pin=U1-84
Added Pin To Net: NetName=MRST Pin=J12-2
Added Net: Name=MRST
Added Pin To Net: NetName=MTSR Pin=J12-1
Added Net: Name=MTSR
Added Class: Name=HS
Added Member To Class: ClassName=U_slave Member=Component J12 SIP-3
Added Member To Class: ClassName=top Member=Component U1 MIMXRT1064xVL_CoreBoard
