Removed Member From Class: ClassName=ANALOG Member=DGND
Removed Member From Class: ClassName=ANALOG Member=NetC1.9_1
Removed Member From Class: ClassName=ANALOG Member=NetC1.9_2
Removed Member From Class: ClassName=ANALOG Member=NetC2.9_1
Removed Member From Class: ClassName=ANALOG Member=NetC2.9_2
Removed Member From Class: ClassName=ANALOG Member=NetC3.9_2
Removed Member From Class: ClassName=ANALOG Member=NetC4.9_2
Removed Member From Class: ClassName=ANALOG Member=NetC5.9_1
Removed Member From Class: ClassName=ANALOG Member=NetC5.9_2
Removed Member From Class: ClassName=ANALOG Member=NetC6.9_1
Removed Member From Class: ClassName=ANALOG Member=NetC6.9_2
Removed Member From Class: ClassName=ANALOG Member=NetC7.9_2
Removed Member From Class: ClassName=ANALOG Member=NetC8.9_2
Removed Member From Class: ClassName=ANALOG Member=NetR1.9_1
Removed Member From Class: ClassName=ANALOG Member=NetR1.9_2
Removed Member From Class: ClassName=ANALOG Member=NetR2.9_1
Removed Member From Class: ClassName=ANALOG Member=NetR2.9_2
Removed Member From Class: ClassName=ANALOG Member=NetR11.9_1
Removed Member From Class: ClassName=ANALOG Member=NetR11.9_2
Removed Member From Class: ClassName=ANALOG Member=NetR12.9_1
Removed Member From Class: ClassName=ANALOG Member=NetR12.9_2
Removed Member From Class: ClassName=ANALOG Member=NetU1.9_4
Removed Member From Class: ClassName=ANALOG Member=NetU2.9_4
Removed Member From Class: ClassName=ANALOG Member=NetU2.9_5
Removed Member From Class: ClassName=ANALOG Member=NetU2.9_11
Removed Member From Class: ClassName=ANALOG Member=P0B
Removed Member From Class: ClassName=ANALOG Member=P0W
Removed Member From Class: ClassName=ANALOG Member=P1B
Removed Member From Class: ClassName=ANALOG Member=P1W
Removed Member From Class: ClassName=ANALOG Member=P2B
Removed Member From Class: ClassName=ANALOG Member=P2W
Removed Member From Class: ClassName=ANALOG Member=P3B
Removed Member From Class: ClassName=ANALOG Member=P3W
Removed Member From Class: ClassName=ANALOG Member=Vper
