Added Component: Designator=C58(C0603)
Add component (AddParameter): Name = "LatestRevisionDate"; Value = "17-Jul-2002"; VariantName = "[No Variations]"
Add component (AddParameter): Name = "LatestRevisionNote"; Value = "Re-released for DXP Platform."; VariantName = "[No Variations]"
Add component (AddParameter): Name = "PackageDescription"; Value = "Radial Cap, Thru-Hole; 2 Leads; 0.3 in Pin Spacing"; VariantName = "[No Variations]"
Add component (AddParameter): Name = "PackageReference"; Value = "RAD-0.3"; VariantName = "[No Variations]"
Add component (AddParameter): Name = "Published"; Value = "8-Jun-2000"; VariantName = "[No Variations]"
Add component (AddParameter): Name = "Publisher"; Value = "Altium Limited"; VariantName = "[No Variations]"
Add component (AddParameter): Name = "Value"; Value = "22pF"; VariantName = "[No Variations]"
Added Component: Designator=J15(PH2.0-5P)
Added Component: Designator=J16(2.54≈≈’Î1X3)
Added Pin To Net: NetName=GND Pin=C58-1
Added Pin To Net: NetName=VCC Pin=C58-2
Added Pin To Net: NetName=VCC Pin=J15-1
Added Pin To Net: NetName=GND Pin=J15-4
Added Pin To Net: NetName=GND Pin=J15-5
Added Pin To Net: NetName=STEER Pin=J16-1
Added Pin To Net: NetName=Vadj Pin=J16-2
Added Pin To Net: NetName=PGND Pin=J16-3
Added Pin To Net: NetName=RXD Pin=J15-3
Added Net: Name=RXD
Added Pin To Net: NetName=TXD Pin=J15-2
Added Net: Name=TXD
Added Member To Class: ClassName=top Member=Component C58 106
Added Member To Class: ClassName=top Member=Component J15 SIP-6
Added Member To Class: ClassName=U_isolation Member=Component J16 SIP-3
