Change Component Physical Designator: Old Designator=C1 New Designator=C48
Change Component Physical Designator: Old Designator=C1 New Designator=C50
Change Component Physical Designator: Old Designator=C1_U_OPA43771 New Designator=C10
Change Component Physical Designator: Old Designator=C1_U_OPA43772 New Designator=C18
Change Component Physical Designator: Old Designator=C2 New Designator=C49
Change Component Physical Designator: Old Designator=C2 New Designator=C51
Change Component Physical Designator: Old Designator=C2_U_OPA43771 New Designator=C11
Change Component Physical Designator: Old Designator=C2_U_OPA43772 New Designator=C19
Change Component Physical Designator: Old Designator=C3 New Designator=C52
Change Component Physical Designator: Old Designator=C3_U_OPA43771 New Designator=C12
Change Component Physical Designator: Old Designator=C3_U_OPA43772 New Designator=C20
Change Component Physical Designator: Old Designator=C4 New Designator=C39
Change Component Physical Designator: Old Designator=C4 New Designator=C53
Change Component Physical Designator: Old Designator=C4_U_OPA43771 New Designator=C13
Change Component Physical Designator: Old Designator=C4_U_OPA43772 New Designator=C21
Change Component Physical Designator: Old Designator=C5 New Designator=C40
Change Component Physical Designator: Old Designator=C5_U_OPA43771 New Designator=C14
Change Component Physical Designator: Old Designator=C5_U_OPA43772 New Designator=C22
Change Component Physical Designator: Old Designator=C6 New Designator=C41
Change Component Physical Designator: Old Designator=C6_U_OPA43771 New Designator=C15
Change Component Physical Designator: Old Designator=C6_U_OPA43772 New Designator=C23
Change Component Physical Designator: Old Designator=C7 New Designator=C42
Change Component Physical Designator: Old Designator=C7_U_OPA43771 New Designator=C16
Change Component Physical Designator: Old Designator=C7_U_OPA43772 New Designator=C24
Change Component Physical Designator: Old Designator=C8 New Designator=C43
Change Component Physical Designator: Old Designator=C8_U_OPA43771 New Designator=C17
Change Component Physical Designator: Old Designator=C8_U_OPA43772 New Designator=C25
Change Component Physical Designator: Old Designator=C9 New Designator=C44
Change Component Physical Designator: Old Designator=C10 New Designator=C45
Change Component Physical Designator: Old Designator=C11 New Designator=C46
Change Component Physical Designator: Old Designator=C12 New Designator=C47
Change Component Physical Designator: Old Designator=C13 New Designator=C26
Change Component Physical Designator: Old Designator=C14 New Designator=C27
Change Component Physical Designator: Old Designator=C15 New Designator=C28
Change Component Physical Designator: Old Designator=C16 New Designator=C29
Change Component Physical Designator: Old Designator=C17 New Designator=C30
Change Component Physical Designator: Old Designator=C18 New Designator=C31
Change Component Physical Designator: Old Designator=C19 New Designator=C32
Change Component Physical Designator: Old Designator=C20 New Designator=C33
Change Component Physical Designator: Old Designator=C21 New Designator=C34
Change Component Physical Designator: Old Designator=C22 New Designator=C35
Change Component Physical Designator: Old Designator=C23 New Designator=C36
Change Component Physical Designator: Old Designator=C24 New Designator=C37
Change Component Physical Designator: Old Designator=C25 New Designator=C38
Change Component Physical Designator: Old Designator=C26 New Designator=C4
Change Component Physical Designator: Old Designator=C27 New Designator=C5
Change Component Physical Designator: Old Designator=C28 New Designator=C6
Change Component Physical Designator: Old Designator=C29 New Designator=C7
Change Component Physical Designator: Old Designator=C30 New Designator=C8
Change Component Physical Designator: Old Designator=C31 New Designator=C9
Change Component Physical Designator: Old Designator=C32 New Designator=C54
Change Component Physical Designator: Old Designator=C33 New Designator=C55
Change Component Physical Designator: Old Designator=D1 New Designator=D10
Change Component Physical Designator: Old Designator=D1_U_OPA43771 New Designator=D1
Change Component Physical Designator: Old Designator=D1_U_OPA43772 New Designator=D5
Change Component Physical Designator: Old Designator=D2 New Designator=D11
Change Component Physical Designator: Old Designator=D2_U_OPA43771 New Designator=D2
Change Component Physical Designator: Old Designator=D2_U_OPA43772 New Designator=D6
Change Component Physical Designator: Old Designator=D3 New Designator=D9
Change Component Physical Designator: Old Designator=D3_U_OPA43771 New Designator=D3
Change Component Physical Designator: Old Designator=D3_U_OPA43772 New Designator=D7
Change Component Physical Designator: Old Designator=D4 New Designator=D12
Change Component Physical Designator: Old Designator=D4_U_OPA43771 New Designator=D4
Change Component Physical Designator: Old Designator=D4_U_OPA43772 New Designator=D8
Change Component Physical Designator: Old Designator=D5 New Designator=D13
Change Component Physical Designator: Old Designator=D6 New Designator=D14
Change Component Physical Designator: Old Designator=D7 New Designator=D15
Change Component Physical Designator: Old Designator=D8 New Designator=D16
Change Component Physical Designator: Old Designator=D9 New Designator=D17
Change Component Physical Designator: Old Designator=J5 New Designator=J13
Change Component Physical Designator: Old Designator=J6 New Designator=J14
Change Component Physical Designator: Old Designator=J7 New Designator=J15
Change Component Physical Designator: Old Designator=J8 New Designator=J16
Change Component Physical Designator: Old Designator=J9 New Designator=J17
Change Component Physical Designator: Old Designator=J10 New Designator=J11
Change Component Physical Designator: Old Designator=J11 New Designator=J12
Change Component Physical Designator: Old Designator=J12 New Designator=J5
Change Component Physical Designator: Old Designator=J13 New Designator=J6
Change Component Physical Designator: Old Designator=J14 New Designator=J7
Change Component Physical Designator: Old Designator=J15 New Designator=J8
Change Component Physical Designator: Old Designator=J16 New Designator=J9
Change Component Physical Designator: Old Designator=J17 New Designator=J10
Change Component Physical Designator: Old Designator=J? New Designator=J?1
Change Component Physical Designator: Old Designator=R1 New Designator=R59
Change Component Physical Designator: Old Designator=R1_U_OPA43771 New Designator=R6
Change Component Physical Designator: Old Designator=R1_U_OPA43772 New Designator=R26
Change Component Physical Designator: Old Designator=R2 New Designator=R60
Change Component Physical Designator: Old Designator=R2_U_OPA43771 New Designator=R7
Change Component Physical Designator: Old Designator=R2_U_OPA43772 New Designator=R27
Change Component Physical Designator: Old Designator=R3 New Designator=R55
Change Component Physical Designator: Old Designator=R3 New Designator=R61
Change Component Physical Designator: Old Designator=R3_U_OPA43771 New Designator=R8
Change Component Physical Designator: Old Designator=R3_U_OPA43772 New Designator=R28
Change Component Physical Designator: Old Designator=R4 New Designator=R56
Change Component Physical Designator: Old Designator=R4_U_OPA43771 New Designator=R9
Change Component Physical Designator: Old Designator=R4_U_OPA43772 New Designator=R29
Change Component Physical Designator: Old Designator=R5 New Designator=R57
Change Component Physical Designator: Old Designator=R5_U_OPA43771 New Designator=R10
Change Component Physical Designator: Old Designator=R5_U_OPA43772 New Designator=R30
Change Component Physical Designator: Old Designator=R6 New Designator=R58
Change Component Physical Designator: Old Designator=R6_U_OPA43771 New Designator=R11
Change Component Physical Designator: Old Designator=R6_U_OPA43772 New Designator=R31
Change Component Physical Designator: Old Designator=R7 New Designator=R46
Change Component Physical Designator: Old Designator=R7_U_OPA43771 New Designator=R12
Change Component Physical Designator: Old Designator=R7_U_OPA43772 New Designator=R32
Change Component Physical Designator: Old Designator=R8 New Designator=R47
Change Component Physical Designator: Old Designator=R8_U_OPA43771 New Designator=R13
Change Component Physical Designator: Old Designator=R8_U_OPA43772 New Designator=R33
Change Component Physical Designator: Old Designator=R9 New Designator=R48
Change Component Physical Designator: Old Designator=R9_U_OPA43771 New Designator=R14
Change Component Physical Designator: Old Designator=R9_U_OPA43772 New Designator=R34
Change Component Physical Designator: Old Designator=R10 New Designator=R49
Change Component Physical Designator: Old Designator=R10_U_OPA43771 New Designator=R15
Change Component Physical Designator: Old Designator=R10_U_OPA43772 New Designator=R35
Change Component Physical Designator: Old Designator=R11 New Designator=R50
Change Component Physical Designator: Old Designator=R11_U_OPA43771 New Designator=R16
Change Component Physical Designator: Old Designator=R11_U_OPA43772 New Designator=R36
Change Component Physical Designator: Old Designator=R12 New Designator=R51
Change Component Physical Designator: Old Designator=R12_U_OPA43771 New Designator=R17
Change Component Physical Designator: Old Designator=R12_U_OPA43772 New Designator=R37
Change Component Physical Designator: Old Designator=R13 New Designator=R52
Change Component Physical Designator: Old Designator=R13_U_OPA43771 New Designator=R18
Change Component Physical Designator: Old Designator=R13_U_OPA43772 New Designator=R38
Change Component Physical Designator: Old Designator=R14 New Designator=R53
Change Component Physical Designator: Old Designator=R14_U_OPA43771 New Designator=R19
Change Component Physical Designator: Old Designator=R14_U_OPA43772 New Designator=R39
Change Component Physical Designator: Old Designator=R15 New Designator=R54
Change Component Physical Designator: Old Designator=R15_U_OPA43771 New Designator=R20
Change Component Physical Designator: Old Designator=R15_U_OPA43772 New Designator=R40
Change Component Physical Designator: Old Designator=R16 New Designator=R3
Change Component Physical Designator: Old Designator=R16_U_OPA43771 New Designator=R21
Change Component Physical Designator: Old Designator=R16_U_OPA43772 New Designator=R41
Change Component Physical Designator: Old Designator=R17 New Designator=R4
Change Component Physical Designator: Old Designator=R17_U_OPA43771 New Designator=R22
Change Component Physical Designator: Old Designator=R17_U_OPA43772 New Designator=R42
Change Component Physical Designator: Old Designator=R18 New Designator=R5
Change Component Physical Designator: Old Designator=R18_U_OPA43771 New Designator=R23
Change Component Physical Designator: Old Designator=R18_U_OPA43772 New Designator=R43
Change Component Physical Designator: Old Designator=R19 New Designator=R62
Change Component Physical Designator: Old Designator=R19_U_OPA43771 New Designator=R24
Change Component Physical Designator: Old Designator=R19_U_OPA43772 New Designator=R44
Change Component Physical Designator: Old Designator=R20 New Designator=R63
Change Component Physical Designator: Old Designator=R20_U_OPA43771 New Designator=R25
Change Component Physical Designator: Old Designator=R20_U_OPA43772 New Designator=R45
Change Component Physical Designator: Old Designator=R21 New Designator=R64
Change Component Physical Designator: Old Designator=SW1 New Designator=SW2
Change Component Physical Designator: Old Designator=SW2 New Designator=SW1
Change Component Physical Designator: Old Designator=U1 New Designator=U9
Change Component Physical Designator: Old Designator=U1 New Designator=U10
Change Component Physical Designator: Old Designator=U1_U_OPA43771 New Designator=U2
Change Component Physical Designator: Old Designator=U1_U_OPA43771 New Designator=U2
Change Component Physical Designator: Old Designator=U1_U_OPA43771 New Designator=U2
Change Component Physical Designator: Old Designator=U1_U_OPA43771 New Designator=U2
Change Component Physical Designator: Old Designator=U1_U_OPA43772 New Designator=U3
Change Component Physical Designator: Old Designator=U1_U_OPA43772 New Designator=U3
Change Component Physical Designator: Old Designator=U1_U_OPA43772 New Designator=U3
Change Component Physical Designator: Old Designator=U1_U_OPA43772 New Designator=U3
Change Component Physical Designator: Old Designator=U2 New Designator=U7
Change Component Physical Designator: Old Designator=U3 New Designator=U8
