Change Component Physical Designator: Old Designator=C14 New Designator=C30
Change Component Physical Designator: Old Designator=C15 New Designator=C31
Change Component Physical Designator: Old Designator=C?1 New Designator=C17
Change Component Physical Designator: Old Designator=C?2 New Designator=C18
Change Component Physical Designator: Old Designator=C?3 New Designator=C19
Change Component Physical Designator: Old Designator=C?4 New Designator=C20
Change Component Physical Designator: Old Designator=C?5 New Designator=C21
Change Component Physical Designator: Old Designator=C?6 New Designator=C22
Change Component Physical Designator: Old Designator=C?7 New Designator=C23
Change Component Physical Designator: Old Designator=C?8 New Designator=C24
Change Component Physical Designator: Old Designator=C?9 New Designator=C25
Change Component Physical Designator: Old Designator=C?10 New Designator=C26
Change Component Physical Designator: Old Designator=C?11 New Designator=C27
Change Component Physical Designator: Old Designator=C?12 New Designator=C28
Change Component Physical Designator: Old Designator=C?13 New Designator=C29
Change Component Physical Designator: Old Designator=D2 New Designator=D10
Change Component Physical Designator: Old Designator=D3 New Designator=D11
Change Component Physical Designator: Old Designator=D?1 New Designator=D9
Change Component Physical Designator: Old Designator=J2 New Designator=J4
Change Component Physical Designator: Old Designator=J3 New Designator=J2
Change Component Physical Designator: Old Designator=J4 New Designator=J3
Change Component Physical Designator: Old Designator=J?1 New Designator=J1
Change Component Physical Designator: Old Designator=L?1 New Designator=L1
Change Component Physical Designator: Old Designator=R1 New Designator=R2
Change Component Physical Designator: Old Designator=R2 New Designator=R3
Change Component Physical Designator: Old Designator=R3 New Designator=R4
Change Component Physical Designator: Old Designator=R4 New Designator=R5
Change Component Physical Designator: Old Designator=R5 New Designator=R6
Change Component Physical Designator: Old Designator=R6 New Designator=R7
Change Component Physical Designator: Old Designator=R7 New Designator=R8
Change Component Physical Designator: Old Designator=R8 New Designator=R9
Change Component Physical Designator: Old Designator=R9 New Designator=R10
Change Component Physical Designator: Old Designator=R10 New Designator=R11
Change Component Physical Designator: Old Designator=R11 New Designator=R51
Change Component Physical Designator: Old Designator=R11 New Designator=R12
Change Component Physical Designator: Old Designator=R12 New Designator=R52
Change Component Physical Designator: Old Designator=R12 New Designator=R13
Change Component Physical Designator: Old Designator=R13 New Designator=R53
Change Component Physical Designator: Old Designator=R13 New Designator=R14
Change Component Physical Designator: Old Designator=R14 New Designator=R54
Change Component Physical Designator: Old Designator=R14 New Designator=R15
Change Component Physical Designator: Old Designator=R15 New Designator=R16
Change Component Physical Designator: Old Designator=R16 New Designator=R17
Change Component Physical Designator: Old Designator=R17 New Designator=R18
Change Component Physical Designator: Old Designator=R18 New Designator=R19
Change Component Physical Designator: Old Designator=R19 New Designator=R20
Change Component Physical Designator: Old Designator=R20 New Designator=R21
Change Component Physical Designator: Old Designator=R21 New Designator=R22
Change Component Physical Designator: Old Designator=R22 New Designator=R23
Change Component Physical Designator: Old Designator=R23 New Designator=R24
Change Component Physical Designator: Old Designator=R24 New Designator=R25
Change Component Physical Designator: Old Designator=R25 New Designator=R26
Change Component Physical Designator: Old Designator=R26 New Designator=R27
Change Component Physical Designator: Old Designator=R27 New Designator=R28
Change Component Physical Designator: Old Designator=R28 New Designator=R29
Change Component Physical Designator: Old Designator=R29 New Designator=R30
Change Component Physical Designator: Old Designator=R30 New Designator=R31
Change Component Physical Designator: Old Designator=R31 New Designator=R32
Change Component Physical Designator: Old Designator=R32 New Designator=R33
Change Component Physical Designator: Old Designator=R33 New Designator=R34
Change Component Physical Designator: Old Designator=R34 New Designator=R35
Change Component Physical Designator: Old Designator=R35 New Designator=R36
Change Component Physical Designator: Old Designator=R36 New Designator=R37
Change Component Physical Designator: Old Designator=R37 New Designator=R38
Change Component Physical Designator: Old Designator=R38 New Designator=R39
Change Component Physical Designator: Old Designator=R39 New Designator=R40
Change Component Physical Designator: Old Designator=R40 New Designator=R41
Change Component Physical Designator: Old Designator=R?1 New Designator=R1
Change Component Physical Designator: Old Designator=R?2 New Designator=R42
Change Component Physical Designator: Old Designator=R?3 New Designator=R43
Change Component Physical Designator: Old Designator=R?4 New Designator=R44
Change Component Physical Designator: Old Designator=R?5 New Designator=R45
Change Component Physical Designator: Old Designator=R?6 New Designator=R46
Change Component Physical Designator: Old Designator=R?7 New Designator=R47
Change Component Physical Designator: Old Designator=R?8 New Designator=R48
Change Component Physical Designator: Old Designator=R?9 New Designator=R49
Change Component Physical Designator: Old Designator=R?10 New Designator=R50
Change Component Physical Designator: Old Designator=SW?1 New Designator=SW1
Change Component Physical Designator: Old Designator=U1 New Designator=U2
Change Component Physical Designator: Old Designator=U1 New Designator=U2
Change Component Physical Designator: Old Designator=U1 New Designator=U2
Change Component Physical Designator: Old Designator=U1 New Designator=U2
Change Component Physical Designator: Old Designator=U2 New Designator=U3
Change Component Physical Designator: Old Designator=U2 New Designator=U3
Change Component Physical Designator: Old Designator=U2 New Designator=U3
Change Component Physical Designator: Old Designator=U2 New Designator=U3
Change Component Physical Designator: Old Designator=U4 New Designator=U1
Change Component Physical Designator: Old Designator=U5 New Designator=U7
Change Component Physical Designator: Old Designator=U6 New Designator=U8
Change Component Physical Designator: Old Designator=U?1 New Designator=U4
Change Component Physical Designator: Old Designator=U?2 New Designator=U5
Change Component Physical Designator: Old Designator=U?3 New Designator=U6
