Change Component Physical Designator: Old Designator=C1 New Designator=C1A
Change Component Physical Designator: Old Designator=C2 New Designator=C2A
Change Component Physical Designator: Old Designator=C3 New Designator=C3A
Change Component Physical Designator: Old Designator=C4 New Designator=C4A
Change Component Physical Designator: Old Designator=C5 New Designator=C5A
Change Component Physical Designator: Old Designator=C6 New Designator=C6A
Change Component Physical Designator: Old Designator=C7 New Designator=C7A
Change Component Physical Designator: Old Designator=C8 New Designator=C8A
Change Component Physical Designator: Old Designator=C9 New Designator=C1B
Change Component Physical Designator: Old Designator=C10 New Designator=C2B
Change Component Physical Designator: Old Designator=C11 New Designator=C3B
Change Component Physical Designator: Old Designator=C12 New Designator=C4B
Change Component Physical Designator: Old Designator=C13 New Designator=C5B
Change Component Physical Designator: Old Designator=C14 New Designator=C6B
Change Component Physical Designator: Old Designator=C15 New Designator=C7B
Change Component Physical Designator: Old Designator=C16 New Designator=C8B
Change Component Physical Designator: Old Designator=C17 New Designator=C1
Change Component Physical Designator: Old Designator=C18 New Designator=C2
Change Component Physical Designator: Old Designator=C19 New Designator=C3
Change Component Physical Designator: Old Designator=C20 New Designator=C4
Change Component Physical Designator: Old Designator=C21 New Designator=C5
Change Component Physical Designator: Old Designator=C22 New Designator=C6
Change Component Physical Designator: Old Designator=C23 New Designator=C7
Change Component Physical Designator: Old Designator=C24 New Designator=C8
Change Component Physical Designator: Old Designator=C25 New Designator=C9
Change Component Physical Designator: Old Designator=C26 New Designator=C10
Change Component Physical Designator: Old Designator=C27 New Designator=C11
Change Component Physical Designator: Old Designator=C28 New Designator=C12
Change Component Physical Designator: Old Designator=C29 New Designator=C13
Change Component Physical Designator: Old Designator=C30 New Designator=C14
Change Component Physical Designator: Old Designator=C31 New Designator=C15
Change Component Physical Designator: Old Designator=C32 New Designator=C16
Change Component Physical Designator: Old Designator=C33 New Designator=C17
Change Component Physical Designator: Old Designator=C34 New Designator=C1
Change Component Physical Designator: Old Designator=C35 New Designator=C2
Change Component Physical Designator: Old Designator=C36 New Designator=C1
Change Component Physical Designator: Old Designator=C37 New Designator=C2
Change Component Physical Designator: Old Designator=C38 New Designator=C3
Change Component Physical Designator: Old Designator=C39 New Designator=C4
Change Component Physical Designator: Old Designator=C40 New Designator=C18
Change Component Physical Designator: Old Designator=C41 New Designator=C19
Change Component Physical Designator: Old Designator=C?1 New Designator=C20
Change Component Physical Designator: Old Designator=C?2 New Designator=C21
Change Component Physical Designator: Old Designator=C?3 New Designator=C22
Change Component Physical Designator: Old Designator=C?4 New Designator=C23
Change Component Physical Designator: Old Designator=C?5 New Designator=C24
Change Component Physical Designator: Old Designator=C?6 New Designator=C25
Change Component Physical Designator: Old Designator=C?7 New Designator=C26
Change Component Physical Designator: Old Designator=D1 New Designator=D1A
Change Component Physical Designator: Old Designator=D2 New Designator=D2A
Change Component Physical Designator: Old Designator=D3 New Designator=D3A
Change Component Physical Designator: Old Designator=D4 New Designator=D4A
Change Component Physical Designator: Old Designator=D5 New Designator=D1B
Change Component Physical Designator: Old Designator=D6 New Designator=D2B
Change Component Physical Designator: Old Designator=D7 New Designator=D3B
Change Component Physical Designator: Old Designator=D8 New Designator=D4B
Change Component Physical Designator: Old Designator=D9 New Designator=D1
Change Component Physical Designator: Old Designator=D10 New Designator=D2
Change Component Physical Designator: Old Designator=D11 New Designator=D3
Change Component Physical Designator: Old Designator=D12 New Designator=D4
Change Component Physical Designator: Old Designator=D13 New Designator=D5
Change Component Physical Designator: Old Designator=D14 New Designator=D6
Change Component Physical Designator: Old Designator=D15 New Designator=D7
Change Component Physical Designator: Old Designator=D16 New Designator=D8
Change Component Physical Designator: Old Designator=D17 New Designator=D9
Change Component Physical Designator: Old Designator=J2 New Designator=J3
Change Component Physical Designator: Old Designator=J3 New Designator=J4
Change Component Physical Designator: Old Designator=J4 New Designator=J2
Change Component Physical Designator: Old Designator=J7 New Designator=J8
Change Component Physical Designator: Old Designator=J8 New Designator=J11
Change Component Physical Designator: Old Designator=J9 New Designator=J7
Change Component Physical Designator: Old Designator=J10 New Designator=J9
Change Component Physical Designator: Old Designator=J11 New Designator=J10
Change Component Physical Designator: Old Designator=J?1 New Designator=J14
Change Component Physical Designator: Old Designator=J?2 New Designator=J16
Change Component Physical Designator: Old Designator=J?3 New Designator=J17
Change Component Physical Designator: Old Designator=J?4 New Designator=J18
Change Component Physical Designator: Old Designator=J?5 New Designator=J19
Change Component Physical Designator: Old Designator=J?6 New Designator=J15
Change Component Physical Designator: Old Designator=J?7 New Designator=J?
Change Component Physical Designator: Old Designator=J?8 New Designator=J20
Change Component Physical Designator: Old Designator=R1 New Designator=R10
Change Component Physical Designator: Old Designator=R2 New Designator=R1A
Change Component Physical Designator: Old Designator=R3 New Designator=R2A
Change Component Physical Designator: Old Designator=R4 New Designator=R3A
Change Component Physical Designator: Old Designator=R5 New Designator=R4A
Change Component Physical Designator: Old Designator=R6 New Designator=R5A
Change Component Physical Designator: Old Designator=R7 New Designator=R6A
Change Component Physical Designator: Old Designator=R8 New Designator=R7A
Change Component Physical Designator: Old Designator=R9 New Designator=R8A
Change Component Physical Designator: Old Designator=R10 New Designator=R9A
Change Component Physical Designator: Old Designator=R11 New Designator=R10A
Change Component Physical Designator: Old Designator=R12 New Designator=R11A
Change Component Physical Designator: Old Designator=R13 New Designator=R12A
Change Component Physical Designator: Old Designator=R14 New Designator=R13A
Change Component Physical Designator: Old Designator=R15 New Designator=R14A
Change Component Physical Designator: Old Designator=R16 New Designator=R15A
Change Component Physical Designator: Old Designator=R17 New Designator=R16A
Change Component Physical Designator: Old Designator=R18 New Designator=R17A
Change Component Physical Designator: Old Designator=R19 New Designator=R18A
Change Component Physical Designator: Old Designator=R20 New Designator=R19A
Change Component Physical Designator: Old Designator=R21 New Designator=R20A
Change Component Physical Designator: Old Designator=R22 New Designator=R1B
Change Component Physical Designator: Old Designator=R23 New Designator=R2B
Change Component Physical Designator: Old Designator=R24 New Designator=R3B
Change Component Physical Designator: Old Designator=R25 New Designator=R4B
Change Component Physical Designator: Old Designator=R26 New Designator=R5B
Change Component Physical Designator: Old Designator=R27 New Designator=R6B
Change Component Physical Designator: Old Designator=R28 New Designator=R7B
Change Component Physical Designator: Old Designator=R29 New Designator=R8B
Change Component Physical Designator: Old Designator=R30 New Designator=R9B
Change Component Physical Designator: Old Designator=R31 New Designator=R10B
Change Component Physical Designator: Old Designator=R32 New Designator=R11B
Change Component Physical Designator: Old Designator=R33 New Designator=R12B
Change Component Physical Designator: Old Designator=R34 New Designator=R13B
Change Component Physical Designator: Old Designator=R35 New Designator=R14B
Change Component Physical Designator: Old Designator=R36 New Designator=R15B
Change Component Physical Designator: Old Designator=R37 New Designator=R16B
Change Component Physical Designator: Old Designator=R38 New Designator=R17B
Change Component Physical Designator: Old Designator=R39 New Designator=R18B
Change Component Physical Designator: Old Designator=R40 New Designator=R19B
Change Component Physical Designator: Old Designator=R41 New Designator=R20B
Change Component Physical Designator: Old Designator=R42 New Designator=R1
Change Component Physical Designator: Old Designator=R43 New Designator=R2
Change Component Physical Designator: Old Designator=R44 New Designator=R3
Change Component Physical Designator: Old Designator=R45 New Designator=R4
Change Component Physical Designator: Old Designator=R46 New Designator=R5
Change Component Physical Designator: Old Designator=R47 New Designator=R6
Change Component Physical Designator: Old Designator=R48 New Designator=R7
Change Component Physical Designator: Old Designator=R49 New Designator=R8
Change Component Physical Designator: Old Designator=R50 New Designator=R9
Change Component Physical Designator: Old Designator=R51 New Designator=R11
Change Component Physical Designator: Old Designator=R52 New Designator=R12
Change Component Physical Designator: Old Designator=R53 New Designator=R13
Change Component Physical Designator: Old Designator=R54 New Designator=R14
Change Component Physical Designator: Old Designator=R55 New Designator=R15
Change Component Physical Designator: Old Designator=R56 New Designator=R16
Change Component Physical Designator: Old Designator=R57 New Designator=R17
Change Component Physical Designator: Old Designator=R58 New Designator=R18
Change Component Physical Designator: Old Designator=R59 New Designator=R1
Change Component Physical Designator: Old Designator=R60 New Designator=R2
Change Component Physical Designator: Old Designator=R61 New Designator=R3
Change Component Physical Designator: Old Designator=R62 New Designator=R19
Change Component Physical Designator: Old Designator=R63 New Designator=R20
Change Component Physical Designator: Old Designator=R64 New Designator=R21
Change Component Physical Designator: Old Designator=U1 New Designator=U4
Change Component Physical Designator: Old Designator=U2 New Designator=U1A
Change Component Physical Designator: Old Designator=U2 New Designator=U1A
Change Component Physical Designator: Old Designator=U2 New Designator=U1A
Change Component Physical Designator: Old Designator=U2 New Designator=U1A
Change Component Physical Designator: Old Designator=U3 New Designator=U1B
Change Component Physical Designator: Old Designator=U3 New Designator=U1B
Change Component Physical Designator: Old Designator=U3 New Designator=U1B
Change Component Physical Designator: Old Designator=U3 New Designator=U1B
Change Component Physical Designator: Old Designator=U4 New Designator=U1
Change Component Physical Designator: Old Designator=U5 New Designator=U2
Change Component Physical Designator: Old Designator=U6 New Designator=U3
Change Component Physical Designator: Old Designator=U7 New Designator=U5
Change Component Physical Designator: Old Designator=U8 New Designator=U6
Change Component Physical Designator: Old Designator=U9 New Designator=U1
Change Component Physical Designator: Old Designator=U10 New Designator=U1
