Change Component Physical Designator: Old Designator=C1 New Designator=C32
Change Component Physical Designator: Old Designator=C1 New Designator=C34
Change Component Physical Designator: Old Designator=C2 New Designator=C33
Change Component Physical Designator: Old Designator=C2 New Designator=C35
Change Component Physical Designator: Old Designator=C3 New Designator=C36
Change Component Physical Designator: Old Designator=C4 New Designator=C37
Change Component Physical Designator: Old Designator=C? New Designator=C?1
Change Component Physical Designator: Old Designator=J? New Designator=J?1
Change Component Physical Designator: Old Designator=J? New Designator=J?2
Change Component Physical Designator: Old Designator=J? New Designator=J?3
Change Component Physical Designator: Old Designator=J? New Designator=J?4
Change Component Physical Designator: Old Designator=J? New Designator=J?5
Change Component Physical Designator: Old Designator=R1 New Designator=R55
Change Component Physical Designator: Old Designator=R2 New Designator=R56
Change Component Physical Designator: Old Designator=R3 New Designator=R57
Change Component Physical Designator: Old Designator=R? New Designator=R?1
Change Component Physical Designator: Old Designator=R? New Designator=R?2
Change Component Physical Designator: Old Designator=R? New Designator=R?3
Change Component Physical Designator: Old Designator=R? New Designator=R?4
Change Component Physical Designator: Old Designator=U1 New Designator=U9
Change Component Physical Designator: Old Designator=U1 New Designator=U10
