Removed Pin From Net: NetName=Vadj Pin=R47-1
Removed Pin From Net: NetName=NetR49_2 Pin=R49-2
Removed Pin From Net: NetName=PGND Pin=R52-1
Removed Pin From Net: NetName=NetR49_2 Pin=R52-2
Change Component Footprint: Designator=R6 Old Footprint=R0603 New Footprint=R0402
Change Component Footprint: Designator=R7 Old Footprint=R0603 New Footprint=R0402
Change Component Footprint: Designator=R8 Old Footprint=R0603 New Footprint=R0402
Change Component Footprint: Designator=R9 Old Footprint=R0603 New Footprint=R0402
Change Component Footprint: Designator=R11 Old Footprint=R0603 New Footprint=R0402
Change Component Footprint: Designator=R13 Old Footprint=R0603 New Footprint=R0402
Change Component Footprint: Designator=R14 Old Footprint=R0603 New Footprint=R0402
Change Component Footprint: Designator=R15 Old Footprint=R0603 New Footprint=R0402
Change Component Footprint: Designator=R16 Old Footprint=R0603 New Footprint=R0402
Change Component Footprint: Designator=R17 Old Footprint=R0603 New Footprint=R0402
Change Component Footprint: Designator=R18 Old Footprint=R0603 New Footprint=R0402
Change Component Footprint: Designator=R19 Old Footprint=R0603 New Footprint=R0402
Change Component Footprint: Designator=R22 Old Footprint=R0603 New Footprint=R0402
Change Component Footprint: Designator=R23 Old Footprint=R0603 New Footprint=R0402
Change Component Footprint: Designator=R24 Old Footprint=R0603 New Footprint=R0402
Change Component Footprint: Designator=R25 Old Footprint=R0603 New Footprint=R0402
Change Component Footprint: Designator=R26 Old Footprint=R0603 New Footprint=R0402
Change Component Footprint: Designator=R27 Old Footprint=R0603 New Footprint=R0402
Change Component Footprint: Designator=R28 Old Footprint=R0603 New Footprint=R0402
Change Component Footprint: Designator=R29 Old Footprint=R0603 New Footprint=R0402
Change Component Footprint: Designator=R31 Old Footprint=R0603 New Footprint=R0402
Change Component Footprint: Designator=R33 Old Footprint=R0603 New Footprint=R0402
Change Component Footprint: Designator=R34 Old Footprint=R0603 New Footprint=R0402
Change Component Footprint: Designator=R35 Old Footprint=R0603 New Footprint=R0402
Change Component Footprint: Designator=R36 Old Footprint=R0603 New Footprint=R0402
Change Component Footprint: Designator=R37 Old Footprint=R0603 New Footprint=R0402
Change Component Footprint: Designator=R38 Old Footprint=R0603 New Footprint=R0402
Change Component Footprint: Designator=R39 Old Footprint=R0603 New Footprint=R0402
Change Component Footprint: Designator=R42 Old Footprint=R0603 New Footprint=R0402
Change Component Footprint: Designator=R43 Old Footprint=R0603 New Footprint=R0402
Change Component Footprint: Designator=R44 Old Footprint=R0603 New Footprint=R0402
Change Component Footprint: Designator=R45 Old Footprint=R0603 New Footprint=R0402
Change Component Comment : Designator=R52 Old Comment=20K New Comment=100K
Change Component Comment : Designator=R49 Old Comment=30K New Comment=51K, 1%
Change Component Comment : Designator=R47 Old Comment=360K New Comment=267K
Added Pin To Net: NetName=NetR49_2 Pin=R47-1
Added Pin To Net: NetName=PGND Pin=R49-2
Added Pin To Net: NetName=Vadj Pin=R52-2
Added Pin To Net: NetName=NetR49_2 Pin=R52-3
Change Net Name : Old Net Name=NetR49_2 New Net Name=NetR47_1
