Added Component: Designator=C1.1(C0402)
Add component (AddParameter): Name = "LatestRevisionDate"; Value = "17-Jul-2002"; VariantName = "[No Variations]"
Add component (AddParameter): Name = "LatestRevisionNote"; Value = "Re-released for DXP Platform."; VariantName = "[No Variations]"
Add component (AddParameter): Name = "PackageDescription"; Value = "Radial Cap, Thru-Hole; 2 Leads; 0.3 in Pin Spacing"; VariantName = "[No Variations]"
Add component (AddParameter): Name = "PackageReference"; Value = "RAD-0.3"; VariantName = "[No Variations]"
Add component (AddParameter): Name = "Published"; Value = "8-Jun-2000"; VariantName = "[No Variations]"
Add component (AddParameter): Name = "Publisher"; Value = "Altium Limited"; VariantName = "[No Variations]"
Add component (AddParameter): Name = "Value"; Value = "22pF"; VariantName = "[No Variations]"
Added Component: Designator=C1.2(C0402)
Add component (AddParameter): Name = "LatestRevisionDate"; Value = "17-Jul-2002"; VariantName = "[No Variations]"
Add component (AddParameter): Name = "LatestRevisionNote"; Value = "Re-released for DXP Platform."; VariantName = "[No Variations]"
Add component (AddParameter): Name = "PackageDescription"; Value = "Radial Cap, Thru-Hole; 2 Leads; 0.3 in Pin Spacing"; VariantName = "[No Variations]"
Add component (AddParameter): Name = "PackageReference"; Value = "RAD-0.3"; VariantName = "[No Variations]"
Add component (AddParameter): Name = "Published"; Value = "8-Jun-2000"; VariantName = "[No Variations]"
Add component (AddParameter): Name = "Publisher"; Value = "Altium Limited"; VariantName = "[No Variations]"
Add component (AddParameter): Name = "Value"; Value = "22pF"; VariantName = "[No Variations]"
Added Component: Designator=C1.3(C0402)
Add component (AddParameter): Name = "LatestRevisionDate"; Value = "17-Jul-2002"; VariantName = "[No Variations]"
Add component (AddParameter): Name = "LatestRevisionNote"; Value = "Re-released for DXP Platform."; VariantName = "[No Variations]"
Add component (AddParameter): Name = "PackageDescription"; Value = "Radial Cap, Thru-Hole; 2 Leads; 0.3 in Pin Spacing"; VariantName = "[No Variations]"
Add component (AddParameter): Name = "PackageReference"; Value = "RAD-0.3"; VariantName = "[No Variations]"
Add component (AddParameter): Name = "Published"; Value = "8-Jun-2000"; VariantName = "[No Variations]"
Add component (AddParameter): Name = "Publisher"; Value = "Altium Limited"; VariantName = "[No Variations]"
Add component (AddParameter): Name = "Value"; Value = "22pF"; VariantName = "[No Variations]"
Added Component: Designator=C2.1(C0402)
Add component (AddParameter): Name = "LatestRevisionDate"; Value = "17-Jul-2002"; VariantName = "[No Variations]"
Add component (AddParameter): Name = "LatestRevisionNote"; Value = "Re-released for DXP Platform."; VariantName = "[No Variations]"
Add component (AddParameter): Name = "PackageDescription"; Value = "Radial Cap, Thru-Hole; 2 Leads; 0.3 in Pin Spacing"; VariantName = "[No Variations]"
Add component (AddParameter): Name = "PackageReference"; Value = "RAD-0.3"; VariantName = "[No Variations]"
Add component (AddParameter): Name = "Published"; Value = "8-Jun-2000"; VariantName = "[No Variations]"
Add component (AddParameter): Name = "Publisher"; Value = "Altium Limited"; VariantName = "[No Variations]"
Add component (AddParameter): Name = "Value"; Value = "22pF"; VariantName = "[No Variations]"
Added Component: Designator=C2.2(C0402)
Add component (AddParameter): Name = "LatestRevisionDate"; Value = "17-Jul-2002"; VariantName = "[No Variations]"
Add component (AddParameter): Name = "LatestRevisionNote"; Value = "Re-released for DXP Platform."; VariantName = "[No Variations]"
Add component (AddParameter): Name = "PackageDescription"; Value = "Radial Cap, Thru-Hole; 2 Leads; 0.3 in Pin Spacing"; VariantName = "[No Variations]"
Add component (AddParameter): Name = "PackageReference"; Value = "RAD-0.3"; VariantName = "[No Variations]"
Add component (AddParameter): Name = "Published"; Value = "8-Jun-2000"; VariantName = "[No Variations]"
Add component (AddParameter): Name = "Publisher"; Value = "Altium Limited"; VariantName = "[No Variations]"
Add component (AddParameter): Name = "Value"; Value = "22pF"; VariantName = "[No Variations]"
Added Component: Designator=C2.3(C0402)
Add component (AddParameter): Name = "LatestRevisionDate"; Value = "17-Jul-2002"; VariantName = "[No Variations]"
Add component (AddParameter): Name = "LatestRevisionNote"; Value = "Re-released for DXP Platform."; VariantName = "[No Variations]"
Add component (AddParameter): Name = "PackageDescription"; Value = "Radial Cap, Thru-Hole; 2 Leads; 0.3 in Pin Spacing"; VariantName = "[No Variations]"
Add component (AddParameter): Name = "PackageReference"; Value = "RAD-0.3"; VariantName = "[No Variations]"
Add component (AddParameter): Name = "Published"; Value = "8-Jun-2000"; VariantName = "[No Variations]"
Add component (AddParameter): Name = "Publisher"; Value = "Altium Limited"; VariantName = "[No Variations]"
Add component (AddParameter): Name = "Value"; Value = "22pF"; VariantName = "[No Variations]"
Added Component: Designator=C3.1(C0402)
Add component (AddParameter): Name = "LatestRevisionDate"; Value = "17-Jul-2002"; VariantName = "[No Variations]"
Add component (AddParameter): Name = "LatestRevisionNote"; Value = "Re-released for DXP Platform."; VariantName = "[No Variations]"
Add component (AddParameter): Name = "PackageDescription"; Value = "Radial Cap, Thru-Hole; 2 Leads; 0.3 in Pin Spacing"; VariantName = "[No Variations]"
Add component (AddParameter): Name = "PackageReference"; Value = "RAD-0.3"; VariantName = "[No Variations]"
Add component (AddParameter): Name = "Published"; Value = "8-Jun-2000"; VariantName = "[No Variations]"
Add component (AddParameter): Name = "Publisher"; Value = "Altium Limited"; VariantName = "[No Variations]"
Add component (AddParameter): Name = "Value"; Value = "22pF"; VariantName = "[No Variations]"
Added Component: Designator=C3.2(C0402)
Add component (AddParameter): Name = "LatestRevisionDate"; Value = "17-Jul-2002"; VariantName = "[No Variations]"
Add component (AddParameter): Name = "LatestRevisionNote"; Value = "Re-released for DXP Platform."; VariantName = "[No Variations]"
Add component (AddParameter): Name = "PackageDescription"; Value = "Radial Cap, Thru-Hole; 2 Leads; 0.3 in Pin Spacing"; VariantName = "[No Variations]"
Add component (AddParameter): Name = "PackageReference"; Value = "RAD-0.3"; VariantName = "[No Variations]"
Add component (AddParameter): Name = "Published"; Value = "8-Jun-2000"; VariantName = "[No Variations]"
Add component (AddParameter): Name = "Publisher"; Value = "Altium Limited"; VariantName = "[No Variations]"
Add component (AddParameter): Name = "Value"; Value = "22pF"; VariantName = "[No Variations]"
Added Component: Designator=C3.3(C0402)
Add component (AddParameter): Name = "LatestRevisionDate"; Value = "17-Jul-2002"; VariantName = "[No Variations]"
Add component (AddParameter): Name = "LatestRevisionNote"; Value = "Re-released for DXP Platform."; VariantName = "[No Variations]"
Add component (AddParameter): Name = "PackageDescription"; Value = "Radial Cap, Thru-Hole; 2 Leads; 0.3 in Pin Spacing"; VariantName = "[No Variations]"
Add component (AddParameter): Name = "PackageReference"; Value = "RAD-0.3"; VariantName = "[No Variations]"
Add component (AddParameter): Name = "Published"; Value = "8-Jun-2000"; VariantName = "[No Variations]"
Add component (AddParameter): Name = "Publisher"; Value = "Altium Limited"; VariantName = "[No Variations]"
Add component (AddParameter): Name = "Value"; Value = "22pF"; VariantName = "[No Variations]"
Added Component: Designator=C4.1(C0402)
Add component (AddParameter): Name = "LatestRevisionDate"; Value = "17-Jul-2002"; VariantName = "[No Variations]"
Add component (AddParameter): Name = "LatestRevisionNote"; Value = "Re-released for DXP Platform."; VariantName = "[No Variations]"
Add component (AddParameter): Name = "PackageDescription"; Value = "Radial Cap, Thru-Hole; 2 Leads; 0.3 in Pin Spacing"; VariantName = "[No Variations]"
Add component (AddParameter): Name = "PackageReference"; Value = "RAD-0.3"; VariantName = "[No Variations]"
Add component (AddParameter): Name = "Published"; Value = "8-Jun-2000"; VariantName = "[No Variations]"
Add component (AddParameter): Name = "Publisher"; Value = "Altium Limited"; VariantName = "[No Variations]"
Add component (AddParameter): Name = "Value"; Value = "22pF"; VariantName = "[No Variations]"
Added Component: Designator=C4.2(C0402)
Add component (AddParameter): Name = "LatestRevisionDate"; Value = "17-Jul-2002"; VariantName = "[No Variations]"
Add component (AddParameter): Name = "LatestRevisionNote"; Value = "Re-released for DXP Platform."; VariantName = "[No Variations]"
Add component (AddParameter): Name = "PackageDescription"; Value = "Radial Cap, Thru-Hole; 2 Leads; 0.3 in Pin Spacing"; VariantName = "[No Variations]"
Add component (AddParameter): Name = "PackageReference"; Value = "RAD-0.3"; VariantName = "[No Variations]"
Add component (AddParameter): Name = "Published"; Value = "8-Jun-2000"; VariantName = "[No Variations]"
Add component (AddParameter): Name = "Publisher"; Value = "Altium Limited"; VariantName = "[No Variations]"
Add component (AddParameter): Name = "Value"; Value = "22pF"; VariantName = "[No Variations]"
Added Component: Designator=C4.3(C0402)
Add component (AddParameter): Name = "LatestRevisionDate"; Value = "17-Jul-2002"; VariantName = "[No Variations]"
Add component (AddParameter): Name = "LatestRevisionNote"; Value = "Re-released for DXP Platform."; VariantName = "[No Variations]"
Add component (AddParameter): Name = "PackageDescription"; Value = "Radial Cap, Thru-Hole; 2 Leads; 0.3 in Pin Spacing"; VariantName = "[No Variations]"
Add component (AddParameter): Name = "PackageReference"; Value = "RAD-0.3"; VariantName = "[No Variations]"
Add component (AddParameter): Name = "Published"; Value = "8-Jun-2000"; VariantName = "[No Variations]"
Add component (AddParameter): Name = "Publisher"; Value = "Altium Limited"; VariantName = "[No Variations]"
Add component (AddParameter): Name = "Value"; Value = "22pF"; VariantName = "[No Variations]"
Added Component: Designator=C5.1(C0402)
Add component (AddParameter): Name = "LatestRevisionDate"; Value = "17-Jul-2002"; VariantName = "[No Variations]"
Add component (AddParameter): Name = "LatestRevisionNote"; Value = "Re-released for DXP Platform."; VariantName = "[No Variations]"
Add component (AddParameter): Name = "PackageDescription"; Value = "Radial Cap, Thru-Hole; 2 Leads; 0.3 in Pin Spacing"; VariantName = "[No Variations]"
Add component (AddParameter): Name = "PackageReference"; Value = "RAD-0.3"; VariantName = "[No Variations]"
Add component (AddParameter): Name = "Published"; Value = "8-Jun-2000"; VariantName = "[No Variations]"
Add component (AddParameter): Name = "Publisher"; Value = "Altium Limited"; VariantName = "[No Variations]"
Add component (AddParameter): Name = "Value"; Value = "22pF"; VariantName = "[No Variations]"
Added Component: Designator=C5.2(C0402)
Add component (AddParameter): Name = "LatestRevisionDate"; Value = "17-Jul-2002"; VariantName = "[No Variations]"
Add component (AddParameter): Name = "LatestRevisionNote"; Value = "Re-released for DXP Platform."; VariantName = "[No Variations]"
Add component (AddParameter): Name = "PackageDescription"; Value = "Radial Cap, Thru-Hole; 2 Leads; 0.3 in Pin Spacing"; VariantName = "[No Variations]"
Add component (AddParameter): Name = "PackageReference"; Value = "RAD-0.3"; VariantName = "[No Variations]"
Add component (AddParameter): Name = "Published"; Value = "8-Jun-2000"; VariantName = "[No Variations]"
Add component (AddParameter): Name = "Publisher"; Value = "Altium Limited"; VariantName = "[No Variations]"
Add component (AddParameter): Name = "Value"; Value = "22pF"; VariantName = "[No Variations]"
Added Component: Designator=C5.3(C0402)
Add component (AddParameter): Name = "LatestRevisionDate"; Value = "17-Jul-2002"; VariantName = "[No Variations]"
Add component (AddParameter): Name = "LatestRevisionNote"; Value = "Re-released for DXP Platform."; VariantName = "[No Variations]"
Add component (AddParameter): Name = "PackageDescription"; Value = "Radial Cap, Thru-Hole; 2 Leads; 0.3 in Pin Spacing"; VariantName = "[No Variations]"
Add component (AddParameter): Name = "PackageReference"; Value = "RAD-0.3"; VariantName = "[No Variations]"
Add component (AddParameter): Name = "Published"; Value = "8-Jun-2000"; VariantName = "[No Variations]"
Add component (AddParameter): Name = "Publisher"; Value = "Altium Limited"; VariantName = "[No Variations]"
Add component (AddParameter): Name = "Value"; Value = "22pF"; VariantName = "[No Variations]"
Added Component: Designator=C6.1(C0402)
Add component (AddParameter): Name = "LatestRevisionDate"; Value = "17-Jul-2002"; VariantName = "[No Variations]"
Add component (AddParameter): Name = "LatestRevisionNote"; Value = "Re-released for DXP Platform."; VariantName = "[No Variations]"
Add component (AddParameter): Name = "PackageDescription"; Value = "Radial Cap, Thru-Hole; 2 Leads; 0.3 in Pin Spacing"; VariantName = "[No Variations]"
Add component (AddParameter): Name = "PackageReference"; Value = "RAD-0.3"; VariantName = "[No Variations]"
Add component (AddParameter): Name = "Published"; Value = "8-Jun-2000"; VariantName = "[No Variations]"
Add component (AddParameter): Name = "Publisher"; Value = "Altium Limited"; VariantName = "[No Variations]"
Add component (AddParameter): Name = "Value"; Value = "22pF"; VariantName = "[No Variations]"
Added Component: Designator=C6.2(C0402)
Add component (AddParameter): Name = "LatestRevisionDate"; Value = "17-Jul-2002"; VariantName = "[No Variations]"
Add component (AddParameter): Name = "LatestRevisionNote"; Value = "Re-released for DXP Platform."; VariantName = "[No Variations]"
Add component (AddParameter): Name = "PackageDescription"; Value = "Radial Cap, Thru-Hole; 2 Leads; 0.3 in Pin Spacing"; VariantName = "[No Variations]"
Add component (AddParameter): Name = "PackageReference"; Value = "RAD-0.3"; VariantName = "[No Variations]"
Add component (AddParameter): Name = "Published"; Value = "8-Jun-2000"; VariantName = "[No Variations]"
Add component (AddParameter): Name = "Publisher"; Value = "Altium Limited"; VariantName = "[No Variations]"
Add component (AddParameter): Name = "Value"; Value = "22pF"; VariantName = "[No Variations]"
Added Component: Designator=C6.3(C0402)
Add component (AddParameter): Name = "LatestRevisionDate"; Value = "17-Jul-2002"; VariantName = "[No Variations]"
Add component (AddParameter): Name = "LatestRevisionNote"; Value = "Re-released for DXP Platform."; VariantName = "[No Variations]"
Add component (AddParameter): Name = "PackageDescription"; Value = "Radial Cap, Thru-Hole; 2 Leads; 0.3 in Pin Spacing"; VariantName = "[No Variations]"
Add component (AddParameter): Name = "PackageReference"; Value = "RAD-0.3"; VariantName = "[No Variations]"
Add component (AddParameter): Name = "Published"; Value = "8-Jun-2000"; VariantName = "[No Variations]"
Add component (AddParameter): Name = "Publisher"; Value = "Altium Limited"; VariantName = "[No Variations]"
Add component (AddParameter): Name = "Value"; Value = "22pF"; VariantName = "[No Variations]"
Added Component: Designator=C7.1(C0402)
Add component (AddParameter): Name = "LatestRevisionDate"; Value = "17-Jul-2002"; VariantName = "[No Variations]"
Add component (AddParameter): Name = "LatestRevisionNote"; Value = "Re-released for DXP Platform."; VariantName = "[No Variations]"
Add component (AddParameter): Name = "PackageDescription"; Value = "Radial Cap, Thru-Hole; 2 Leads; 0.3 in Pin Spacing"; VariantName = "[No Variations]"
Add component (AddParameter): Name = "PackageReference"; Value = "RAD-0.3"; VariantName = "[No Variations]"
Add component (AddParameter): Name = "Published"; Value = "8-Jun-2000"; VariantName = "[No Variations]"
Add component (AddParameter): Name = "Publisher"; Value = "Altium Limited"; VariantName = "[No Variations]"
Add component (AddParameter): Name = "Value"; Value = "22pF"; VariantName = "[No Variations]"
Added Component: Designator=C7.2(C0402)
Add component (AddParameter): Name = "LatestRevisionDate"; Value = "17-Jul-2002"; VariantName = "[No Variations]"
Add component (AddParameter): Name = "LatestRevisionNote"; Value = "Re-released for DXP Platform."; VariantName = "[No Variations]"
Add component (AddParameter): Name = "PackageDescription"; Value = "Radial Cap, Thru-Hole; 2 Leads; 0.3 in Pin Spacing"; VariantName = "[No Variations]"
Add component (AddParameter): Name = "PackageReference"; Value = "RAD-0.3"; VariantName = "[No Variations]"
Add component (AddParameter): Name = "Published"; Value = "8-Jun-2000"; VariantName = "[No Variations]"
Add component (AddParameter): Name = "Publisher"; Value = "Altium Limited"; VariantName = "[No Variations]"
Add component (AddParameter): Name = "Value"; Value = "22pF"; VariantName = "[No Variations]"
Added Component: Designator=C7.3(C0402)
Add component (AddParameter): Name = "LatestRevisionDate"; Value = "17-Jul-2002"; VariantName = "[No Variations]"
Add component (AddParameter): Name = "LatestRevisionNote"; Value = "Re-released for DXP Platform."; VariantName = "[No Variations]"
Add component (AddParameter): Name = "PackageDescription"; Value = "Radial Cap, Thru-Hole; 2 Leads; 0.3 in Pin Spacing"; VariantName = "[No Variations]"
Add component (AddParameter): Name = "PackageReference"; Value = "RAD-0.3"; VariantName = "[No Variations]"
Add component (AddParameter): Name = "Published"; Value = "8-Jun-2000"; VariantName = "[No Variations]"
Add component (AddParameter): Name = "Publisher"; Value = "Altium Limited"; VariantName = "[No Variations]"
Add component (AddParameter): Name = "Value"; Value = "22pF"; VariantName = "[No Variations]"
Added Component: Designator=C8.1(C0402)
Add component (AddParameter): Name = "LatestRevisionDate"; Value = "17-Jul-2002"; VariantName = "[No Variations]"
Add component (AddParameter): Name = "LatestRevisionNote"; Value = "Re-released for DXP Platform."; VariantName = "[No Variations]"
Add component (AddParameter): Name = "PackageDescription"; Value = "Radial Cap, Thru-Hole; 2 Leads; 0.3 in Pin Spacing"; VariantName = "[No Variations]"
Add component (AddParameter): Name = "PackageReference"; Value = "RAD-0.3"; VariantName = "[No Variations]"
Add component (AddParameter): Name = "Published"; Value = "8-Jun-2000"; VariantName = "[No Variations]"
Add component (AddParameter): Name = "Publisher"; Value = "Altium Limited"; VariantName = "[No Variations]"
Add component (AddParameter): Name = "Value"; Value = "22pF"; VariantName = "[No Variations]"
Added Component: Designator=C8.2(C0402)
Add component (AddParameter): Name = "LatestRevisionDate"; Value = "17-Jul-2002"; VariantName = "[No Variations]"
Add component (AddParameter): Name = "LatestRevisionNote"; Value = "Re-released for DXP Platform."; VariantName = "[No Variations]"
Add component (AddParameter): Name = "PackageDescription"; Value = "Radial Cap, Thru-Hole; 2 Leads; 0.3 in Pin Spacing"; VariantName = "[No Variations]"
Add component (AddParameter): Name = "PackageReference"; Value = "RAD-0.3"; VariantName = "[No Variations]"
Add component (AddParameter): Name = "Published"; Value = "8-Jun-2000"; VariantName = "[No Variations]"
Add component (AddParameter): Name = "Publisher"; Value = "Altium Limited"; VariantName = "[No Variations]"
Add component (AddParameter): Name = "Value"; Value = "22pF"; VariantName = "[No Variations]"
Added Component: Designator=C8.3(C0402)
Add component (AddParameter): Name = "LatestRevisionDate"; Value = "17-Jul-2002"; VariantName = "[No Variations]"
Add component (AddParameter): Name = "LatestRevisionNote"; Value = "Re-released for DXP Platform."; VariantName = "[No Variations]"
Add component (AddParameter): Name = "PackageDescription"; Value = "Radial Cap, Thru-Hole; 2 Leads; 0.3 in Pin Spacing"; VariantName = "[No Variations]"
Add component (AddParameter): Name = "PackageReference"; Value = "RAD-0.3"; VariantName = "[No Variations]"
Add component (AddParameter): Name = "Published"; Value = "8-Jun-2000"; VariantName = "[No Variations]"
Add component (AddParameter): Name = "Publisher"; Value = "Altium Limited"; VariantName = "[No Variations]"
Add component (AddParameter): Name = "Value"; Value = "22pF"; VariantName = "[No Variations]"
Added Component: Designator=D1.1(SOT-23)
Added Component: Designator=D1.2(SOT-23)
Added Component: Designator=D1.3(SOT-23)
Added Component: Designator=D2.1(SOT-23)
Added Component: Designator=D2.2(SOT-23)
Added Component: Designator=D2.3(SOT-23)
Added Component: Designator=D3.1(SOT-23)
Added Component: Designator=D3.2(SOT-23)
Added Component: Designator=D3.3(SOT-23)
Added Component: Designator=D4.1(SOT-23)
Added Component: Designator=D4.2(SOT-23)
Added Component: Designator=D4.3(SOT-23)
Added Component: Designator=R1.1(R0603)
Add component (AddParameter): Name = "LatestRevisionDate"; Value = "17-Jul-2002"; VariantName = "[No Variations]"
Add component (AddParameter): Name = "LatestRevisionNote"; Value = "Re-released for DXP Platform."; VariantName = "[No Variations]"
Add component (AddParameter): Name = "PackageDescription"; Value = "Axial Device, Thru-Hole; 2 Leads; 0.3 in Pin Spacing"; VariantName = "[No Variations]"
Add component (AddParameter): Name = "PackageReference"; Value = "AXIAL-0.3"; VariantName = "[No Variations]"
Add component (AddParameter): Name = "Published"; Value = "8-Jun-2000"; VariantName = "[No Variations]"
Add component (AddParameter): Name = "Publisher"; Value = "Altium Limited"; VariantName = "[No Variations]"
Add component (AddParameter): Name = "Value"; Value = "150R"; VariantName = "[No Variations]"
Added Component: Designator=R1.2(R0603)
Add component (AddParameter): Name = "LatestRevisionDate"; Value = "17-Jul-2002"; VariantName = "[No Variations]"
Add component (AddParameter): Name = "LatestRevisionNote"; Value = "Re-released for DXP Platform."; VariantName = "[No Variations]"
Add component (AddParameter): Name = "PackageDescription"; Value = "Axial Device, Thru-Hole; 2 Leads; 0.3 in Pin Spacing"; VariantName = "[No Variations]"
Add component (AddParameter): Name = "PackageReference"; Value = "AXIAL-0.3"; VariantName = "[No Variations]"
Add component (AddParameter): Name = "Published"; Value = "8-Jun-2000"; VariantName = "[No Variations]"
Add component (AddParameter): Name = "Publisher"; Value = "Altium Limited"; VariantName = "[No Variations]"
Add component (AddParameter): Name = "Value"; Value = "150R"; VariantName = "[No Variations]"
Added Component: Designator=R1.3(R0603)
Add component (AddParameter): Name = "LatestRevisionDate"; Value = "17-Jul-2002"; VariantName = "[No Variations]"
Add component (AddParameter): Name = "LatestRevisionNote"; Value = "Re-released for DXP Platform."; VariantName = "[No Variations]"
Add component (AddParameter): Name = "PackageDescription"; Value = "Axial Device, Thru-Hole; 2 Leads; 0.3 in Pin Spacing"; VariantName = "[No Variations]"
Add component (AddParameter): Name = "PackageReference"; Value = "AXIAL-0.3"; VariantName = "[No Variations]"
Add component (AddParameter): Name = "Published"; Value = "8-Jun-2000"; VariantName = "[No Variations]"
Add component (AddParameter): Name = "Publisher"; Value = "Altium Limited"; VariantName = "[No Variations]"
Add component (AddParameter): Name = "Value"; Value = "150R"; VariantName = "[No Variations]"
Added Component: Designator=R2.1(R0603)
Add component (AddParameter): Name = "LatestRevisionDate"; Value = "17-Jul-2002"; VariantName = "[No Variations]"
Add component (AddParameter): Name = "LatestRevisionNote"; Value = "Re-released for DXP Platform."; VariantName = "[No Variations]"
Add component (AddParameter): Name = "PackageDescription"; Value = "Axial Device, Thru-Hole; 2 Leads; 0.3 in Pin Spacing"; VariantName = "[No Variations]"
Add component (AddParameter): Name = "PackageReference"; Value = "AXIAL-0.3"; VariantName = "[No Variations]"
Add component (AddParameter): Name = "Published"; Value = "8-Jun-2000"; VariantName = "[No Variations]"
Add component (AddParameter): Name = "Publisher"; Value = "Altium Limited"; VariantName = "[No Variations]"
Add component (AddParameter): Name = "Value"; Value = "150R"; VariantName = "[No Variations]"
Added Component: Designator=R2.2(R0603)
Add component (AddParameter): Name = "LatestRevisionDate"; Value = "17-Jul-2002"; VariantName = "[No Variations]"
Add component (AddParameter): Name = "LatestRevisionNote"; Value = "Re-released for DXP Platform."; VariantName = "[No Variations]"
Add component (AddParameter): Name = "PackageDescription"; Value = "Axial Device, Thru-Hole; 2 Leads; 0.3 in Pin Spacing"; VariantName = "[No Variations]"
Add component (AddParameter): Name = "PackageReference"; Value = "AXIAL-0.3"; VariantName = "[No Variations]"
Add component (AddParameter): Name = "Published"; Value = "8-Jun-2000"; VariantName = "[No Variations]"
Add component (AddParameter): Name = "Publisher"; Value = "Altium Limited"; VariantName = "[No Variations]"
Add component (AddParameter): Name = "Value"; Value = "150R"; VariantName = "[No Variations]"
Added Component: Designator=R2.3(R0603)
Add component (AddParameter): Name = "LatestRevisionDate"; Value = "17-Jul-2002"; VariantName = "[No Variations]"
Add component (AddParameter): Name = "LatestRevisionNote"; Value = "Re-released for DXP Platform."; VariantName = "[No Variations]"
Add component (AddParameter): Name = "PackageDescription"; Value = "Axial Device, Thru-Hole; 2 Leads; 0.3 in Pin Spacing"; VariantName = "[No Variations]"
Add component (AddParameter): Name = "PackageReference"; Value = "AXIAL-0.3"; VariantName = "[No Variations]"
Add component (AddParameter): Name = "Published"; Value = "8-Jun-2000"; VariantName = "[No Variations]"
Add component (AddParameter): Name = "Publisher"; Value = "Altium Limited"; VariantName = "[No Variations]"
Add component (AddParameter): Name = "Value"; Value = "150R"; VariantName = "[No Variations]"
Added Component: Designator=R3.1(R0603)
Add component (AddParameter): Name = "LatestRevisionDate"; Value = "17-Jul-2002"; VariantName = "[No Variations]"
Add component (AddParameter): Name = "LatestRevisionNote"; Value = "Re-released for DXP Platform."; VariantName = "[No Variations]"
Add component (AddParameter): Name = "PackageDescription"; Value = "Axial Device, Thru-Hole; 2 Leads; 0.3 in Pin Spacing"; VariantName = "[No Variations]"
Add component (AddParameter): Name = "PackageReference"; Value = "AXIAL-0.3"; VariantName = "[No Variations]"
Add component (AddParameter): Name = "Published"; Value = "8-Jun-2000"; VariantName = "[No Variations]"
Add component (AddParameter): Name = "Publisher"; Value = "Altium Limited"; VariantName = "[No Variations]"
Add component (AddParameter): Name = "Value"; Value = "150R"; VariantName = "[No Variations]"
Added Component: Designator=R3.2(R0603)
Add component (AddParameter): Name = "LatestRevisionDate"; Value = "17-Jul-2002"; VariantName = "[No Variations]"
Add component (AddParameter): Name = "LatestRevisionNote"; Value = "Re-released for DXP Platform."; VariantName = "[No Variations]"
Add component (AddParameter): Name = "PackageDescription"; Value = "Axial Device, Thru-Hole; 2 Leads; 0.3 in Pin Spacing"; VariantName = "[No Variations]"
Add component (AddParameter): Name = "PackageReference"; Value = "AXIAL-0.3"; VariantName = "[No Variations]"
Add component (AddParameter): Name = "Published"; Value = "8-Jun-2000"; VariantName = "[No Variations]"
Add component (AddParameter): Name = "Publisher"; Value = "Altium Limited"; VariantName = "[No Variations]"
Add component (AddParameter): Name = "Value"; Value = "150R"; VariantName = "[No Variations]"
Added Component: Designator=R3.3(R0603)
Add component (AddParameter): Name = "LatestRevisionDate"; Value = "17-Jul-2002"; VariantName = "[No Variations]"
Add component (AddParameter): Name = "LatestRevisionNote"; Value = "Re-released for DXP Platform."; VariantName = "[No Variations]"
Add component (AddParameter): Name = "PackageDescription"; Value = "Axial Device, Thru-Hole; 2 Leads; 0.3 in Pin Spacing"; VariantName = "[No Variations]"
Add component (AddParameter): Name = "PackageReference"; Value = "AXIAL-0.3"; VariantName = "[No Variations]"
Add component (AddParameter): Name = "Published"; Value = "8-Jun-2000"; VariantName = "[No Variations]"
Add component (AddParameter): Name = "Publisher"; Value = "Altium Limited"; VariantName = "[No Variations]"
Add component (AddParameter): Name = "Value"; Value = "150R"; VariantName = "[No Variations]"
Added Component: Designator=R4.1(R0603)
Add component (AddParameter): Name = "LatestRevisionDate"; Value = "17-Jul-2002"; VariantName = "[No Variations]"
Add component (AddParameter): Name = "LatestRevisionNote"; Value = "Re-released for DXP Platform."; VariantName = "[No Variations]"
Add component (AddParameter): Name = "PackageDescription"; Value = "Axial Device, Thru-Hole; 2 Leads; 0.3 in Pin Spacing"; VariantName = "[No Variations]"
Add component (AddParameter): Name = "PackageReference"; Value = "AXIAL-0.3"; VariantName = "[No Variations]"
Add component (AddParameter): Name = "Published"; Value = "8-Jun-2000"; VariantName = "[No Variations]"
Add component (AddParameter): Name = "Publisher"; Value = "Altium Limited"; VariantName = "[No Variations]"
Add component (AddParameter): Name = "Value"; Value = "150R"; VariantName = "[No Variations]"
Added Component: Designator=R4.2(R0603)
Add component (AddParameter): Name = "LatestRevisionDate"; Value = "17-Jul-2002"; VariantName = "[No Variations]"
Add component (AddParameter): Name = "LatestRevisionNote"; Value = "Re-released for DXP Platform."; VariantName = "[No Variations]"
Add component (AddParameter): Name = "PackageDescription"; Value = "Axial Device, Thru-Hole; 2 Leads; 0.3 in Pin Spacing"; VariantName = "[No Variations]"
Add component (AddParameter): Name = "PackageReference"; Value = "AXIAL-0.3"; VariantName = "[No Variations]"
Add component (AddParameter): Name = "Published"; Value = "8-Jun-2000"; VariantName = "[No Variations]"
Add component (AddParameter): Name = "Publisher"; Value = "Altium Limited"; VariantName = "[No Variations]"
Add component (AddParameter): Name = "Value"; Value = "150R"; VariantName = "[No Variations]"
Added Component: Designator=R4.3(R0603)
Add component (AddParameter): Name = "LatestRevisionDate"; Value = "17-Jul-2002"; VariantName = "[No Variations]"
Add component (AddParameter): Name = "LatestRevisionNote"; Value = "Re-released for DXP Platform."; VariantName = "[No Variations]"
Add component (AddParameter): Name = "PackageDescription"; Value = "Axial Device, Thru-Hole; 2 Leads; 0.3 in Pin Spacing"; VariantName = "[No Variations]"
Add component (AddParameter): Name = "PackageReference"; Value = "AXIAL-0.3"; VariantName = "[No Variations]"
Add component (AddParameter): Name = "Published"; Value = "8-Jun-2000"; VariantName = "[No Variations]"
Add component (AddParameter): Name = "Publisher"; Value = "Altium Limited"; VariantName = "[No Variations]"
Add component (AddParameter): Name = "Value"; Value = "150R"; VariantName = "[No Variations]"
Added Component: Designator=R5.1(3296W)
Added Component: Designator=R5.2(3296W)
Added Component: Designator=R5.3(3296W)
Added Component: Designator=R6.1(R0603)
Add component (AddParameter): Name = "LatestRevisionDate"; Value = "17-Jul-2002"; VariantName = "[No Variations]"
Add component (AddParameter): Name = "LatestRevisionNote"; Value = "Re-released for DXP Platform."; VariantName = "[No Variations]"
Add component (AddParameter): Name = "PackageDescription"; Value = "Axial Device, Thru-Hole; 2 Leads; 0.3 in Pin Spacing"; VariantName = "[No Variations]"
Add component (AddParameter): Name = "PackageReference"; Value = "AXIAL-0.3"; VariantName = "[No Variations]"
Add component (AddParameter): Name = "Published"; Value = "8-Jun-2000"; VariantName = "[No Variations]"
Add component (AddParameter): Name = "Publisher"; Value = "Altium Limited"; VariantName = "[No Variations]"
Add component (AddParameter): Name = "Value"; Value = "150R"; VariantName = "[No Variations]"
Added Component: Designator=R6.2(R0603)
Add component (AddParameter): Name = "LatestRevisionDate"; Value = "17-Jul-2002"; VariantName = "[No Variations]"
Add component (AddParameter): Name = "LatestRevisionNote"; Value = "Re-released for DXP Platform."; VariantName = "[No Variations]"
Add component (AddParameter): Name = "PackageDescription"; Value = "Axial Device, Thru-Hole; 2 Leads; 0.3 in Pin Spacing"; VariantName = "[No Variations]"
Add component (AddParameter): Name = "PackageReference"; Value = "AXIAL-0.3"; VariantName = "[No Variations]"
Add component (AddParameter): Name = "Published"; Value = "8-Jun-2000"; VariantName = "[No Variations]"
Add component (AddParameter): Name = "Publisher"; Value = "Altium Limited"; VariantName = "[No Variations]"
Add component (AddParameter): Name = "Value"; Value = "150R"; VariantName = "[No Variations]"
Added Component: Designator=R6.3(R0603)
Add component (AddParameter): Name = "LatestRevisionDate"; Value = "17-Jul-2002"; VariantName = "[No Variations]"
Add component (AddParameter): Name = "LatestRevisionNote"; Value = "Re-released for DXP Platform."; VariantName = "[No Variations]"
Add component (AddParameter): Name = "PackageDescription"; Value = "Axial Device, Thru-Hole; 2 Leads; 0.3 in Pin Spacing"; VariantName = "[No Variations]"
Add component (AddParameter): Name = "PackageReference"; Value = "AXIAL-0.3"; VariantName = "[No Variations]"
Add component (AddParameter): Name = "Published"; Value = "8-Jun-2000"; VariantName = "[No Variations]"
Add component (AddParameter): Name = "Publisher"; Value = "Altium Limited"; VariantName = "[No Variations]"
Add component (AddParameter): Name = "Value"; Value = "150R"; VariantName = "[No Variations]"
Added Component: Designator=R7.1(3296W)
Added Component: Designator=R7.2(3296W)
Added Component: Designator=R7.3(3296W)
Added Component: Designator=R8.1(R0603)
Add component (AddParameter): Name = "LatestRevisionDate"; Value = "17-Jul-2002"; VariantName = "[No Variations]"
Add component (AddParameter): Name = "LatestRevisionNote"; Value = "Re-released for DXP Platform."; VariantName = "[No Variations]"
Add component (AddParameter): Name = "PackageDescription"; Value = "Axial Device, Thru-Hole; 2 Leads; 0.3 in Pin Spacing"; VariantName = "[No Variations]"
Add component (AddParameter): Name = "PackageReference"; Value = "AXIAL-0.3"; VariantName = "[No Variations]"
Add component (AddParameter): Name = "Published"; Value = "8-Jun-2000"; VariantName = "[No Variations]"
Add component (AddParameter): Name = "Publisher"; Value = "Altium Limited"; VariantName = "[No Variations]"
Add component (AddParameter): Name = "Value"; Value = "150R"; VariantName = "[No Variations]"
Added Component: Designator=R8.2(R0603)
Add component (AddParameter): Name = "LatestRevisionDate"; Value = "17-Jul-2002"; VariantName = "[No Variations]"
Add component (AddParameter): Name = "LatestRevisionNote"; Value = "Re-released for DXP Platform."; VariantName = "[No Variations]"
Add component (AddParameter): Name = "PackageDescription"; Value = "Axial Device, Thru-Hole; 2 Leads; 0.3 in Pin Spacing"; VariantName = "[No Variations]"
Add component (AddParameter): Name = "PackageReference"; Value = "AXIAL-0.3"; VariantName = "[No Variations]"
Add component (AddParameter): Name = "Published"; Value = "8-Jun-2000"; VariantName = "[No Variations]"
Add component (AddParameter): Name = "Publisher"; Value = "Altium Limited"; VariantName = "[No Variations]"
Add component (AddParameter): Name = "Value"; Value = "150R"; VariantName = "[No Variations]"
Added Component: Designator=R8.3(R0603)
Add component (AddParameter): Name = "LatestRevisionDate"; Value = "17-Jul-2002"; VariantName = "[No Variations]"
Add component (AddParameter): Name = "LatestRevisionNote"; Value = "Re-released for DXP Platform."; VariantName = "[No Variations]"
Add component (AddParameter): Name = "PackageDescription"; Value = "Axial Device, Thru-Hole; 2 Leads; 0.3 in Pin Spacing"; VariantName = "[No Variations]"
Add component (AddParameter): Name = "PackageReference"; Value = "AXIAL-0.3"; VariantName = "[No Variations]"
Add component (AddParameter): Name = "Published"; Value = "8-Jun-2000"; VariantName = "[No Variations]"
Add component (AddParameter): Name = "Publisher"; Value = "Altium Limited"; VariantName = "[No Variations]"
Add component (AddParameter): Name = "Value"; Value = "150R"; VariantName = "[No Variations]"
Added Component: Designator=R9.1(R0603)
Add component (AddParameter): Name = "LatestRevisionDate"; Value = "17-Jul-2002"; VariantName = "[No Variations]"
Add component (AddParameter): Name = "LatestRevisionNote"; Value = "Re-released for DXP Platform."; VariantName = "[No Variations]"
Add component (AddParameter): Name = "PackageDescription"; Value = "Axial Device, Thru-Hole; 2 Leads; 0.3 in Pin Spacing"; VariantName = "[No Variations]"
Add component (AddParameter): Name = "PackageReference"; Value = "AXIAL-0.3"; VariantName = "[No Variations]"
Add component (AddParameter): Name = "Published"; Value = "8-Jun-2000"; VariantName = "[No Variations]"
Add component (AddParameter): Name = "Publisher"; Value = "Altium Limited"; VariantName = "[No Variations]"
Add component (AddParameter): Name = "Value"; Value = "150R"; VariantName = "[No Variations]"
Added Component: Designator=R9.2(R0603)
Add component (AddParameter): Name = "LatestRevisionDate"; Value = "17-Jul-2002"; VariantName = "[No Variations]"
Add component (AddParameter): Name = "LatestRevisionNote"; Value = "Re-released for DXP Platform."; VariantName = "[No Variations]"
Add component (AddParameter): Name = "PackageDescription"; Value = "Axial Device, Thru-Hole; 2 Leads; 0.3 in Pin Spacing"; VariantName = "[No Variations]"
Add component (AddParameter): Name = "PackageReference"; Value = "AXIAL-0.3"; VariantName = "[No Variations]"
Add component (AddParameter): Name = "Published"; Value = "8-Jun-2000"; VariantName = "[No Variations]"
Add component (AddParameter): Name = "Publisher"; Value = "Altium Limited"; VariantName = "[No Variations]"
Add component (AddParameter): Name = "Value"; Value = "150R"; VariantName = "[No Variations]"
Added Component: Designator=R9.3(R0603)
Add component (AddParameter): Name = "LatestRevisionDate"; Value = "17-Jul-2002"; VariantName = "[No Variations]"
Add component (AddParameter): Name = "LatestRevisionNote"; Value = "Re-released for DXP Platform."; VariantName = "[No Variations]"
Add component (AddParameter): Name = "PackageDescription"; Value = "Axial Device, Thru-Hole; 2 Leads; 0.3 in Pin Spacing"; VariantName = "[No Variations]"
Add component (AddParameter): Name = "PackageReference"; Value = "AXIAL-0.3"; VariantName = "[No Variations]"
Add component (AddParameter): Name = "Published"; Value = "8-Jun-2000"; VariantName = "[No Variations]"
Add component (AddParameter): Name = "Publisher"; Value = "Altium Limited"; VariantName = "[No Variations]"
Add component (AddParameter): Name = "Value"; Value = "150R"; VariantName = "[No Variations]"
Added Component: Designator=R10.1(R0603)
Add component (AddParameter): Name = "LatestRevisionDate"; Value = "17-Jul-2002"; VariantName = "[No Variations]"
Add component (AddParameter): Name = "LatestRevisionNote"; Value = "Re-released for DXP Platform."; VariantName = "[No Variations]"
Add component (AddParameter): Name = "PackageDescription"; Value = "Axial Device, Thru-Hole; 2 Leads; 0.3 in Pin Spacing"; VariantName = "[No Variations]"
Add component (AddParameter): Name = "PackageReference"; Value = "AXIAL-0.3"; VariantName = "[No Variations]"
Add component (AddParameter): Name = "Published"; Value = "8-Jun-2000"; VariantName = "[No Variations]"
Add component (AddParameter): Name = "Publisher"; Value = "Altium Limited"; VariantName = "[No Variations]"
Add component (AddParameter): Name = "Value"; Value = "150R"; VariantName = "[No Variations]"
Added Component: Designator=R10.2(R0603)
Add component (AddParameter): Name = "LatestRevisionDate"; Value = "17-Jul-2002"; VariantName = "[No Variations]"
Add component (AddParameter): Name = "LatestRevisionNote"; Value = "Re-released for DXP Platform."; VariantName = "[No Variations]"
Add component (AddParameter): Name = "PackageDescription"; Value = "Axial Device, Thru-Hole; 2 Leads; 0.3 in Pin Spacing"; VariantName = "[No Variations]"
Add component (AddParameter): Name = "PackageReference"; Value = "AXIAL-0.3"; VariantName = "[No Variations]"
Add component (AddParameter): Name = "Published"; Value = "8-Jun-2000"; VariantName = "[No Variations]"
Add component (AddParameter): Name = "Publisher"; Value = "Altium Limited"; VariantName = "[No Variations]"
Add component (AddParameter): Name = "Value"; Value = "150R"; VariantName = "[No Variations]"
Added Component: Designator=R10.3(R0603)
Add component (AddParameter): Name = "LatestRevisionDate"; Value = "17-Jul-2002"; VariantName = "[No Variations]"
Add component (AddParameter): Name = "LatestRevisionNote"; Value = "Re-released for DXP Platform."; VariantName = "[No Variations]"
Add component (AddParameter): Name = "PackageDescription"; Value = "Axial Device, Thru-Hole; 2 Leads; 0.3 in Pin Spacing"; VariantName = "[No Variations]"
Add component (AddParameter): Name = "PackageReference"; Value = "AXIAL-0.3"; VariantName = "[No Variations]"
Add component (AddParameter): Name = "Published"; Value = "8-Jun-2000"; VariantName = "[No Variations]"
Add component (AddParameter): Name = "Publisher"; Value = "Altium Limited"; VariantName = "[No Variations]"
Add component (AddParameter): Name = "Value"; Value = "150R"; VariantName = "[No Variations]"
Added Component: Designator=R11.1(R0603)
Add component (AddParameter): Name = "LatestRevisionDate"; Value = "17-Jul-2002"; VariantName = "[No Variations]"
Add component (AddParameter): Name = "LatestRevisionNote"; Value = "Re-released for DXP Platform."; VariantName = "[No Variations]"
Add component (AddParameter): Name = "PackageDescription"; Value = "Axial Device, Thru-Hole; 2 Leads; 0.3 in Pin Spacing"; VariantName = "[No Variations]"
Add component (AddParameter): Name = "PackageReference"; Value = "AXIAL-0.3"; VariantName = "[No Variations]"
Add component (AddParameter): Name = "Published"; Value = "8-Jun-2000"; VariantName = "[No Variations]"
Add component (AddParameter): Name = "Publisher"; Value = "Altium Limited"; VariantName = "[No Variations]"
Add component (AddParameter): Name = "Value"; Value = "150R"; VariantName = "[No Variations]"
Added Component: Designator=R11.2(R0603)
Add component (AddParameter): Name = "LatestRevisionDate"; Value = "17-Jul-2002"; VariantName = "[No Variations]"
Add component (AddParameter): Name = "LatestRevisionNote"; Value = "Re-released for DXP Platform."; VariantName = "[No Variations]"
Add component (AddParameter): Name = "PackageDescription"; Value = "Axial Device, Thru-Hole; 2 Leads; 0.3 in Pin Spacing"; VariantName = "[No Variations]"
Add component (AddParameter): Name = "PackageReference"; Value = "AXIAL-0.3"; VariantName = "[No Variations]"
Add component (AddParameter): Name = "Published"; Value = "8-Jun-2000"; VariantName = "[No Variations]"
Add component (AddParameter): Name = "Publisher"; Value = "Altium Limited"; VariantName = "[No Variations]"
Add component (AddParameter): Name = "Value"; Value = "150R"; VariantName = "[No Variations]"
Added Component: Designator=R11.3(R0603)
Add component (AddParameter): Name = "LatestRevisionDate"; Value = "17-Jul-2002"; VariantName = "[No Variations]"
Add component (AddParameter): Name = "LatestRevisionNote"; Value = "Re-released for DXP Platform."; VariantName = "[No Variations]"
Add component (AddParameter): Name = "PackageDescription"; Value = "Axial Device, Thru-Hole; 2 Leads; 0.3 in Pin Spacing"; VariantName = "[No Variations]"
Add component (AddParameter): Name = "PackageReference"; Value = "AXIAL-0.3"; VariantName = "[No Variations]"
Add component (AddParameter): Name = "Published"; Value = "8-Jun-2000"; VariantName = "[No Variations]"
Add component (AddParameter): Name = "Publisher"; Value = "Altium Limited"; VariantName = "[No Variations]"
Add component (AddParameter): Name = "Value"; Value = "150R"; VariantName = "[No Variations]"
Added Component: Designator=R12.1(R0603)
Add component (AddParameter): Name = "LatestRevisionDate"; Value = "17-Jul-2002"; VariantName = "[No Variations]"
Add component (AddParameter): Name = "LatestRevisionNote"; Value = "Re-released for DXP Platform."; VariantName = "[No Variations]"
Add component (AddParameter): Name = "PackageDescription"; Value = "Axial Device, Thru-Hole; 2 Leads; 0.3 in Pin Spacing"; VariantName = "[No Variations]"
Add component (AddParameter): Name = "PackageReference"; Value = "AXIAL-0.3"; VariantName = "[No Variations]"
Add component (AddParameter): Name = "Published"; Value = "8-Jun-2000"; VariantName = "[No Variations]"
Add component (AddParameter): Name = "Publisher"; Value = "Altium Limited"; VariantName = "[No Variations]"
Add component (AddParameter): Name = "Value"; Value = "150R"; VariantName = "[No Variations]"
Added Component: Designator=R12.2(R0603)
Add component (AddParameter): Name = "LatestRevisionDate"; Value = "17-Jul-2002"; VariantName = "[No Variations]"
Add component (AddParameter): Name = "LatestRevisionNote"; Value = "Re-released for DXP Platform."; VariantName = "[No Variations]"
Add component (AddParameter): Name = "PackageDescription"; Value = "Axial Device, Thru-Hole; 2 Leads; 0.3 in Pin Spacing"; VariantName = "[No Variations]"
Add component (AddParameter): Name = "PackageReference"; Value = "AXIAL-0.3"; VariantName = "[No Variations]"
Add component (AddParameter): Name = "Published"; Value = "8-Jun-2000"; VariantName = "[No Variations]"
Add component (AddParameter): Name = "Publisher"; Value = "Altium Limited"; VariantName = "[No Variations]"
Add component (AddParameter): Name = "Value"; Value = "150R"; VariantName = "[No Variations]"
Added Component: Designator=R12.3(R0603)
Add component (AddParameter): Name = "LatestRevisionDate"; Value = "17-Jul-2002"; VariantName = "[No Variations]"
Add component (AddParameter): Name = "LatestRevisionNote"; Value = "Re-released for DXP Platform."; VariantName = "[No Variations]"
Add component (AddParameter): Name = "PackageDescription"; Value = "Axial Device, Thru-Hole; 2 Leads; 0.3 in Pin Spacing"; VariantName = "[No Variations]"
Add component (AddParameter): Name = "PackageReference"; Value = "AXIAL-0.3"; VariantName = "[No Variations]"
Add component (AddParameter): Name = "Published"; Value = "8-Jun-2000"; VariantName = "[No Variations]"
Add component (AddParameter): Name = "Publisher"; Value = "Altium Limited"; VariantName = "[No Variations]"
Add component (AddParameter): Name = "Value"; Value = "150R"; VariantName = "[No Variations]"
Added Component: Designator=R13.1(R0603)
Add component (AddParameter): Name = "LatestRevisionDate"; Value = "17-Jul-2002"; VariantName = "[No Variations]"
Add component (AddParameter): Name = "LatestRevisionNote"; Value = "Re-released for DXP Platform."; VariantName = "[No Variations]"
Add component (AddParameter): Name = "PackageDescription"; Value = "Axial Device, Thru-Hole; 2 Leads; 0.3 in Pin Spacing"; VariantName = "[No Variations]"
Add component (AddParameter): Name = "PackageReference"; Value = "AXIAL-0.3"; VariantName = "[No Variations]"
Add component (AddParameter): Name = "Published"; Value = "8-Jun-2000"; VariantName = "[No Variations]"
Add component (AddParameter): Name = "Publisher"; Value = "Altium Limited"; VariantName = "[No Variations]"
Add component (AddParameter): Name = "Value"; Value = "150R"; VariantName = "[No Variations]"
Added Component: Designator=R13.2(R0603)
Add component (AddParameter): Name = "LatestRevisionDate"; Value = "17-Jul-2002"; VariantName = "[No Variations]"
Add component (AddParameter): Name = "LatestRevisionNote"; Value = "Re-released for DXP Platform."; VariantName = "[No Variations]"
Add component (AddParameter): Name = "PackageDescription"; Value = "Axial Device, Thru-Hole; 2 Leads; 0.3 in Pin Spacing"; VariantName = "[No Variations]"
Add component (AddParameter): Name = "PackageReference"; Value = "AXIAL-0.3"; VariantName = "[No Variations]"
Add component (AddParameter): Name = "Published"; Value = "8-Jun-2000"; VariantName = "[No Variations]"
Add component (AddParameter): Name = "Publisher"; Value = "Altium Limited"; VariantName = "[No Variations]"
Add component (AddParameter): Name = "Value"; Value = "150R"; VariantName = "[No Variations]"
Added Component: Designator=R13.3(R0603)
Add component (AddParameter): Name = "LatestRevisionDate"; Value = "17-Jul-2002"; VariantName = "[No Variations]"
Add component (AddParameter): Name = "LatestRevisionNote"; Value = "Re-released for DXP Platform."; VariantName = "[No Variations]"
Add component (AddParameter): Name = "PackageDescription"; Value = "Axial Device, Thru-Hole; 2 Leads; 0.3 in Pin Spacing"; VariantName = "[No Variations]"
Add component (AddParameter): Name = "PackageReference"; Value = "AXIAL-0.3"; VariantName = "[No Variations]"
Add component (AddParameter): Name = "Published"; Value = "8-Jun-2000"; VariantName = "[No Variations]"
Add component (AddParameter): Name = "Publisher"; Value = "Altium Limited"; VariantName = "[No Variations]"
Add component (AddParameter): Name = "Value"; Value = "150R"; VariantName = "[No Variations]"
Added Component: Designator=R14.1(R0603)
Add component (AddParameter): Name = "LatestRevisionDate"; Value = "17-Jul-2002"; VariantName = "[No Variations]"
Add component (AddParameter): Name = "LatestRevisionNote"; Value = "Re-released for DXP Platform."; VariantName = "[No Variations]"
Add component (AddParameter): Name = "PackageDescription"; Value = "Axial Device, Thru-Hole; 2 Leads; 0.3 in Pin Spacing"; VariantName = "[No Variations]"
Add component (AddParameter): Name = "PackageReference"; Value = "AXIAL-0.3"; VariantName = "[No Variations]"
Add component (AddParameter): Name = "Published"; Value = "8-Jun-2000"; VariantName = "[No Variations]"
Add component (AddParameter): Name = "Publisher"; Value = "Altium Limited"; VariantName = "[No Variations]"
Add component (AddParameter): Name = "Value"; Value = "150R"; VariantName = "[No Variations]"
Added Component: Designator=R14.2(R0603)
Add component (AddParameter): Name = "LatestRevisionDate"; Value = "17-Jul-2002"; VariantName = "[No Variations]"
Add component (AddParameter): Name = "LatestRevisionNote"; Value = "Re-released for DXP Platform."; VariantName = "[No Variations]"
Add component (AddParameter): Name = "PackageDescription"; Value = "Axial Device, Thru-Hole; 2 Leads; 0.3 in Pin Spacing"; VariantName = "[No Variations]"
Add component (AddParameter): Name = "PackageReference"; Value = "AXIAL-0.3"; VariantName = "[No Variations]"
Add component (AddParameter): Name = "Published"; Value = "8-Jun-2000"; VariantName = "[No Variations]"
Add component (AddParameter): Name = "Publisher"; Value = "Altium Limited"; VariantName = "[No Variations]"
Add component (AddParameter): Name = "Value"; Value = "150R"; VariantName = "[No Variations]"
Added Component: Designator=R14.3(R0603)
Add component (AddParameter): Name = "LatestRevisionDate"; Value = "17-Jul-2002"; VariantName = "[No Variations]"
Add component (AddParameter): Name = "LatestRevisionNote"; Value = "Re-released for DXP Platform."; VariantName = "[No Variations]"
Add component (AddParameter): Name = "PackageDescription"; Value = "Axial Device, Thru-Hole; 2 Leads; 0.3 in Pin Spacing"; VariantName = "[No Variations]"
Add component (AddParameter): Name = "PackageReference"; Value = "AXIAL-0.3"; VariantName = "[No Variations]"
Add component (AddParameter): Name = "Published"; Value = "8-Jun-2000"; VariantName = "[No Variations]"
Add component (AddParameter): Name = "Publisher"; Value = "Altium Limited"; VariantName = "[No Variations]"
Add component (AddParameter): Name = "Value"; Value = "150R"; VariantName = "[No Variations]"
Added Component: Designator=R15.1(3296W)
Added Component: Designator=R15.2(3296W)
Added Component: Designator=R15.3(3296W)
Added Component: Designator=R16.1(3296W)
Added Component: Designator=R16.2(3296W)
Added Component: Designator=R16.3(3296W)
Added Component: Designator=R17.1(R0603)
Add component (AddParameter): Name = "LatestRevisionDate"; Value = "17-Jul-2002"; VariantName = "[No Variations]"
Add component (AddParameter): Name = "LatestRevisionNote"; Value = "Re-released for DXP Platform."; VariantName = "[No Variations]"
Add component (AddParameter): Name = "PackageDescription"; Value = "Axial Device, Thru-Hole; 2 Leads; 0.3 in Pin Spacing"; VariantName = "[No Variations]"
Add component (AddParameter): Name = "PackageReference"; Value = "AXIAL-0.3"; VariantName = "[No Variations]"
Add component (AddParameter): Name = "Published"; Value = "8-Jun-2000"; VariantName = "[No Variations]"
Add component (AddParameter): Name = "Publisher"; Value = "Altium Limited"; VariantName = "[No Variations]"
Add component (AddParameter): Name = "Value"; Value = "150R"; VariantName = "[No Variations]"
Added Component: Designator=R17.2(R0603)
Add component (AddParameter): Name = "LatestRevisionDate"; Value = "17-Jul-2002"; VariantName = "[No Variations]"
Add component (AddParameter): Name = "LatestRevisionNote"; Value = "Re-released for DXP Platform."; VariantName = "[No Variations]"
Add component (AddParameter): Name = "PackageDescription"; Value = "Axial Device, Thru-Hole; 2 Leads; 0.3 in Pin Spacing"; VariantName = "[No Variations]"
Add component (AddParameter): Name = "PackageReference"; Value = "AXIAL-0.3"; VariantName = "[No Variations]"
Add component (AddParameter): Name = "Published"; Value = "8-Jun-2000"; VariantName = "[No Variations]"
Add component (AddParameter): Name = "Publisher"; Value = "Altium Limited"; VariantName = "[No Variations]"
Add component (AddParameter): Name = "Value"; Value = "150R"; VariantName = "[No Variations]"
Added Component: Designator=R17.3(R0603)
Add component (AddParameter): Name = "LatestRevisionDate"; Value = "17-Jul-2002"; VariantName = "[No Variations]"
Add component (AddParameter): Name = "LatestRevisionNote"; Value = "Re-released for DXP Platform."; VariantName = "[No Variations]"
Add component (AddParameter): Name = "PackageDescription"; Value = "Axial Device, Thru-Hole; 2 Leads; 0.3 in Pin Spacing"; VariantName = "[No Variations]"
Add component (AddParameter): Name = "PackageReference"; Value = "AXIAL-0.3"; VariantName = "[No Variations]"
Add component (AddParameter): Name = "Published"; Value = "8-Jun-2000"; VariantName = "[No Variations]"
Add component (AddParameter): Name = "Publisher"; Value = "Altium Limited"; VariantName = "[No Variations]"
Add component (AddParameter): Name = "Value"; Value = "150R"; VariantName = "[No Variations]"
Added Component: Designator=R18.1(R0603)
Add component (AddParameter): Name = "LatestRevisionDate"; Value = "17-Jul-2002"; VariantName = "[No Variations]"
Add component (AddParameter): Name = "LatestRevisionNote"; Value = "Re-released for DXP Platform."; VariantName = "[No Variations]"
Add component (AddParameter): Name = "PackageDescription"; Value = "Axial Device, Thru-Hole; 2 Leads; 0.3 in Pin Spacing"; VariantName = "[No Variations]"
Add component (AddParameter): Name = "PackageReference"; Value = "AXIAL-0.3"; VariantName = "[No Variations]"
Add component (AddParameter): Name = "Published"; Value = "8-Jun-2000"; VariantName = "[No Variations]"
Add component (AddParameter): Name = "Publisher"; Value = "Altium Limited"; VariantName = "[No Variations]"
Add component (AddParameter): Name = "Value"; Value = "150R"; VariantName = "[No Variations]"
Added Component: Designator=R18.2(R0603)
Add component (AddParameter): Name = "LatestRevisionDate"; Value = "17-Jul-2002"; VariantName = "[No Variations]"
Add component (AddParameter): Name = "LatestRevisionNote"; Value = "Re-released for DXP Platform."; VariantName = "[No Variations]"
Add component (AddParameter): Name = "PackageDescription"; Value = "Axial Device, Thru-Hole; 2 Leads; 0.3 in Pin Spacing"; VariantName = "[No Variations]"
Add component (AddParameter): Name = "PackageReference"; Value = "AXIAL-0.3"; VariantName = "[No Variations]"
Add component (AddParameter): Name = "Published"; Value = "8-Jun-2000"; VariantName = "[No Variations]"
Add component (AddParameter): Name = "Publisher"; Value = "Altium Limited"; VariantName = "[No Variations]"
Add component (AddParameter): Name = "Value"; Value = "150R"; VariantName = "[No Variations]"
Added Component: Designator=R18.3(R0603)
Add component (AddParameter): Name = "LatestRevisionDate"; Value = "17-Jul-2002"; VariantName = "[No Variations]"
Add component (AddParameter): Name = "LatestRevisionNote"; Value = "Re-released for DXP Platform."; VariantName = "[No Variations]"
Add component (AddParameter): Name = "PackageDescription"; Value = "Axial Device, Thru-Hole; 2 Leads; 0.3 in Pin Spacing"; VariantName = "[No Variations]"
Add component (AddParameter): Name = "PackageReference"; Value = "AXIAL-0.3"; VariantName = "[No Variations]"
Add component (AddParameter): Name = "Published"; Value = "8-Jun-2000"; VariantName = "[No Variations]"
Add component (AddParameter): Name = "Publisher"; Value = "Altium Limited"; VariantName = "[No Variations]"
Add component (AddParameter): Name = "Value"; Value = "150R"; VariantName = "[No Variations]"
Added Component: Designator=R19.1(R0603)
Add component (AddParameter): Name = "LatestRevisionDate"; Value = "17-Jul-2002"; VariantName = "[No Variations]"
Add component (AddParameter): Name = "LatestRevisionNote"; Value = "Re-released for DXP Platform."; VariantName = "[No Variations]"
Add component (AddParameter): Name = "PackageDescription"; Value = "Axial Device, Thru-Hole; 2 Leads; 0.3 in Pin Spacing"; VariantName = "[No Variations]"
Add component (AddParameter): Name = "PackageReference"; Value = "AXIAL-0.3"; VariantName = "[No Variations]"
Add component (AddParameter): Name = "Published"; Value = "8-Jun-2000"; VariantName = "[No Variations]"
Add component (AddParameter): Name = "Publisher"; Value = "Altium Limited"; VariantName = "[No Variations]"
Add component (AddParameter): Name = "Value"; Value = "150R"; VariantName = "[No Variations]"
Added Component: Designator=R19.2(R0603)
Add component (AddParameter): Name = "LatestRevisionDate"; Value = "17-Jul-2002"; VariantName = "[No Variations]"
Add component (AddParameter): Name = "LatestRevisionNote"; Value = "Re-released for DXP Platform."; VariantName = "[No Variations]"
Add component (AddParameter): Name = "PackageDescription"; Value = "Axial Device, Thru-Hole; 2 Leads; 0.3 in Pin Spacing"; VariantName = "[No Variations]"
Add component (AddParameter): Name = "PackageReference"; Value = "AXIAL-0.3"; VariantName = "[No Variations]"
Add component (AddParameter): Name = "Published"; Value = "8-Jun-2000"; VariantName = "[No Variations]"
Add component (AddParameter): Name = "Publisher"; Value = "Altium Limited"; VariantName = "[No Variations]"
Add component (AddParameter): Name = "Value"; Value = "150R"; VariantName = "[No Variations]"
Added Component: Designator=R19.3(R0603)
Add component (AddParameter): Name = "LatestRevisionDate"; Value = "17-Jul-2002"; VariantName = "[No Variations]"
Add component (AddParameter): Name = "LatestRevisionNote"; Value = "Re-released for DXP Platform."; VariantName = "[No Variations]"
Add component (AddParameter): Name = "PackageDescription"; Value = "Axial Device, Thru-Hole; 2 Leads; 0.3 in Pin Spacing"; VariantName = "[No Variations]"
Add component (AddParameter): Name = "PackageReference"; Value = "AXIAL-0.3"; VariantName = "[No Variations]"
Add component (AddParameter): Name = "Published"; Value = "8-Jun-2000"; VariantName = "[No Variations]"
Add component (AddParameter): Name = "Publisher"; Value = "Altium Limited"; VariantName = "[No Variations]"
Add component (AddParameter): Name = "Value"; Value = "150R"; VariantName = "[No Variations]"
Added Component: Designator=R20.1(R0603)
Add component (AddParameter): Name = "LatestRevisionDate"; Value = "17-Jul-2002"; VariantName = "[No Variations]"
Add component (AddParameter): Name = "LatestRevisionNote"; Value = "Re-released for DXP Platform."; VariantName = "[No Variations]"
Add component (AddParameter): Name = "PackageDescription"; Value = "Axial Device, Thru-Hole; 2 Leads; 0.3 in Pin Spacing"; VariantName = "[No Variations]"
Add component (AddParameter): Name = "PackageReference"; Value = "AXIAL-0.3"; VariantName = "[No Variations]"
Add component (AddParameter): Name = "Published"; Value = "8-Jun-2000"; VariantName = "[No Variations]"
Add component (AddParameter): Name = "Publisher"; Value = "Altium Limited"; VariantName = "[No Variations]"
Add component (AddParameter): Name = "Value"; Value = "150R"; VariantName = "[No Variations]"
Added Component: Designator=R20.2(R0603)
Add component (AddParameter): Name = "LatestRevisionDate"; Value = "17-Jul-2002"; VariantName = "[No Variations]"
Add component (AddParameter): Name = "LatestRevisionNote"; Value = "Re-released for DXP Platform."; VariantName = "[No Variations]"
Add component (AddParameter): Name = "PackageDescription"; Value = "Axial Device, Thru-Hole; 2 Leads; 0.3 in Pin Spacing"; VariantName = "[No Variations]"
Add component (AddParameter): Name = "PackageReference"; Value = "AXIAL-0.3"; VariantName = "[No Variations]"
Add component (AddParameter): Name = "Published"; Value = "8-Jun-2000"; VariantName = "[No Variations]"
Add component (AddParameter): Name = "Publisher"; Value = "Altium Limited"; VariantName = "[No Variations]"
Add component (AddParameter): Name = "Value"; Value = "150R"; VariantName = "[No Variations]"
Added Component: Designator=R20.3(R0603)
Add component (AddParameter): Name = "LatestRevisionDate"; Value = "17-Jul-2002"; VariantName = "[No Variations]"
Add component (AddParameter): Name = "LatestRevisionNote"; Value = "Re-released for DXP Platform."; VariantName = "[No Variations]"
Add component (AddParameter): Name = "PackageDescription"; Value = "Axial Device, Thru-Hole; 2 Leads; 0.3 in Pin Spacing"; VariantName = "[No Variations]"
Add component (AddParameter): Name = "PackageReference"; Value = "AXIAL-0.3"; VariantName = "[No Variations]"
Add component (AddParameter): Name = "Published"; Value = "8-Jun-2000"; VariantName = "[No Variations]"
Add component (AddParameter): Name = "Publisher"; Value = "Altium Limited"; VariantName = "[No Variations]"
Add component (AddParameter): Name = "Value"; Value = "150R"; VariantName = "[No Variations]"
Added Component: Designator=U1.1(TSSOP-14)
Added Component: Designator=U1.2(TSSOP-14)
Added Component: Designator=U1.3(TSSOP-14)
Added Pin To Net: NetName=NetC1.1_1 Pin=C1.1-1
Added Pin To Net: NetName=NetC1.1_1 Pin=R6.1-1
Added Pin To Net: NetName=NetC1.1_1 Pin=U1.1-8
Added Net: Name=NetC1.1_1
Added Pin To Net: NetName=NetC1.1_2 Pin=C1.1-2
Added Pin To Net: NetName=NetC1.1_2 Pin=D1.1-3
Added Net: Name=NetC1.1_2
Added Pin To Net: NetName=NetC1.2_1 Pin=C1.2-1
Added Pin To Net: NetName=NetC1.2_1 Pin=R6.2-1
Added Pin To Net: NetName=NetC1.2_1 Pin=U1.2-8
Added Net: Name=NetC1.2_1
Added Pin To Net: NetName=NetC1.2_2 Pin=C1.2-2
Added Pin To Net: NetName=NetC1.2_2 Pin=D1.2-3
Added Net: Name=NetC1.2_2
Added Pin To Net: NetName=NetC1.3_1 Pin=C1.3-1
Added Pin To Net: NetName=NetC1.3_1 Pin=R6.3-1
Added Pin To Net: NetName=NetC1.3_1 Pin=U1.3-8
Added Net: Name=NetC1.3_1
Added Pin To Net: NetName=NetC1.3_2 Pin=C1.3-2
Added Pin To Net: NetName=NetC1.3_2 Pin=D1.3-3
Added Net: Name=NetC1.3_2
Added Pin To Net: NetName=NetC2.1_1 Pin=C2.1-1
Added Pin To Net: NetName=NetC2.1_1 Pin=R8.1-1
Added Pin To Net: NetName=NetC2.1_1 Pin=U1.1-1
Added Net: Name=NetC2.1_1
Added Pin To Net: NetName=NetC2.1_2 Pin=C2.1-2
Added Pin To Net: NetName=NetC2.1_2 Pin=D2.1-3
Added Net: Name=NetC2.1_2
Added Pin To Net: NetName=NetC2.2_1 Pin=C2.2-1
Added Pin To Net: NetName=NetC2.2_1 Pin=R8.2-1
Added Pin To Net: NetName=NetC2.2_1 Pin=U1.2-1
Added Net: Name=NetC2.2_1
Added Pin To Net: NetName=NetC2.2_2 Pin=C2.2-2
Added Pin To Net: NetName=NetC2.2_2 Pin=D2.2-3
Added Net: Name=NetC2.2_2
Added Pin To Net: NetName=NetC2.3_1 Pin=C2.3-1
Added Pin To Net: NetName=NetC2.3_1 Pin=R8.3-1
Added Pin To Net: NetName=NetC2.3_1 Pin=U1.3-1
Added Net: Name=NetC2.3_1
Added Pin To Net: NetName=NetC2.3_2 Pin=C2.3-2
Added Pin To Net: NetName=NetC2.3_2 Pin=D2.3-3
Added Net: Name=NetC2.3_2
Added Pin To Net: NetName=NetC3.1_2 Pin=C3.1-2
Added Pin To Net: NetName=NetC3.1_2 Pin=D1.1-2
Added Pin To Net: NetName=NetC3.1_2 Pin=R9.1-1
Added Net: Name=NetC3.1_2
Added Pin To Net: NetName=NetC3.2_2 Pin=C3.2-2
Added Pin To Net: NetName=NetC3.2_2 Pin=D1.2-2
Added Pin To Net: NetName=NetC3.2_2 Pin=R9.2-1
Added Net: Name=NetC3.2_2
Added Pin To Net: NetName=NetC3.3_2 Pin=C3.3-2
Added Pin To Net: NetName=NetC3.3_2 Pin=D1.3-2
Added Pin To Net: NetName=NetC3.3_2 Pin=R9.3-1
Added Net: Name=NetC3.3_2
Added Pin To Net: NetName=NetC4.1_2 Pin=C4.1-2
Added Pin To Net: NetName=NetC4.1_2 Pin=D2.1-2
Added Pin To Net: NetName=NetC4.1_2 Pin=R10.1-1
Added Net: Name=NetC4.1_2
Added Pin To Net: NetName=NetC4.2_2 Pin=C4.2-2
Added Pin To Net: NetName=NetC4.2_2 Pin=D2.2-2
Added Pin To Net: NetName=NetC4.2_2 Pin=R10.2-1
Added Net: Name=NetC4.2_2
Added Pin To Net: NetName=NetC4.3_2 Pin=C4.3-2
Added Pin To Net: NetName=NetC4.3_2 Pin=D2.3-2
Added Pin To Net: NetName=NetC4.3_2 Pin=R10.3-1
Added Net: Name=NetC4.3_2
Added Pin To Net: NetName=NetC5.1_1 Pin=C5.1-1
Added Pin To Net: NetName=NetC5.1_1 Pin=R17.1-1
Added Pin To Net: NetName=NetC5.1_1 Pin=U1.1-7
Added Net: Name=NetC5.1_1
Added Pin To Net: NetName=NetC5.1_2 Pin=C5.1-2
Added Pin To Net: NetName=NetC5.1_2 Pin=D3.1-3
Added Net: Name=NetC5.1_2
Added Pin To Net: NetName=NetC5.2_1 Pin=C5.2-1
Added Pin To Net: NetName=NetC5.2_1 Pin=R17.2-1
Added Pin To Net: NetName=NetC5.2_1 Pin=U1.2-7
Added Net: Name=NetC5.2_1
Added Pin To Net: NetName=NetC5.2_2 Pin=C5.2-2
Added Pin To Net: NetName=NetC5.2_2 Pin=D3.2-3
Added Net: Name=NetC5.2_2
Added Pin To Net: NetName=NetC5.3_1 Pin=C5.3-1
Added Pin To Net: NetName=NetC5.3_1 Pin=R17.3-1
Added Pin To Net: NetName=NetC5.3_1 Pin=U1.3-7
Added Net: Name=NetC5.3_1
Added Pin To Net: NetName=NetC5.3_2 Pin=C5.3-2
Added Pin To Net: NetName=NetC5.3_2 Pin=D3.3-3
Added Net: Name=NetC5.3_2
Added Pin To Net: NetName=NetC6.1_1 Pin=C6.1-1
Added Pin To Net: NetName=NetC6.1_1 Pin=R18.1-1
Added Pin To Net: NetName=NetC6.1_1 Pin=U1.1-14
Added Net: Name=NetC6.1_1
Added Pin To Net: NetName=NetC6.1_2 Pin=C6.1-2
Added Pin To Net: NetName=NetC6.1_2 Pin=D4.1-3
Added Net: Name=NetC6.1_2
Added Pin To Net: NetName=NetC6.2_1 Pin=C6.2-1
Added Pin To Net: NetName=NetC6.2_1 Pin=R18.2-1
Added Pin To Net: NetName=NetC6.2_1 Pin=U1.2-14
Added Net: Name=NetC6.2_1
Added Pin To Net: NetName=NetC6.2_2 Pin=C6.2-2
Added Pin To Net: NetName=NetC6.2_2 Pin=D4.2-3
Added Net: Name=NetC6.2_2
Added Pin To Net: NetName=NetC6.3_1 Pin=C6.3-1
Added Pin To Net: NetName=NetC6.3_1 Pin=R18.3-1
Added Pin To Net: NetName=NetC6.3_1 Pin=U1.3-14
Added Net: Name=NetC6.3_1
Added Pin To Net: NetName=NetC6.3_2 Pin=C6.3-2
Added Pin To Net: NetName=NetC6.3_2 Pin=D4.3-3
Added Net: Name=NetC6.3_2
Added Pin To Net: NetName=NetC7.1_2 Pin=C7.1-2
Added Pin To Net: NetName=NetC7.1_2 Pin=D3.1-2
Added Pin To Net: NetName=NetC7.1_2 Pin=R19.1-1
Added Net: Name=NetC7.1_2
Added Pin To Net: NetName=NetC7.2_2 Pin=C7.2-2
Added Pin To Net: NetName=NetC7.2_2 Pin=D3.2-2
Added Pin To Net: NetName=NetC7.2_2 Pin=R19.2-1
Added Net: Name=NetC7.2_2
Added Pin To Net: NetName=NetC7.3_2 Pin=C7.3-2
Added Pin To Net: NetName=NetC7.3_2 Pin=D3.3-2
Added Pin To Net: NetName=NetC7.3_2 Pin=R19.3-1
Added Net: Name=NetC7.3_2
Added Pin To Net: NetName=NetC8.1_2 Pin=C8.1-2
Added Pin To Net: NetName=NetC8.1_2 Pin=D4.1-2
Added Pin To Net: NetName=NetC8.1_2 Pin=R20.1-1
Added Net: Name=NetC8.1_2
Added Pin To Net: NetName=NetC8.2_2 Pin=C8.2-2
Added Pin To Net: NetName=NetC8.2_2 Pin=D4.2-2
Added Pin To Net: NetName=NetC8.2_2 Pin=R20.2-1
Added Net: Name=NetC8.2_2
Added Pin To Net: NetName=NetC8.3_2 Pin=C8.3-2
Added Pin To Net: NetName=NetC8.3_2 Pin=D4.3-2
Added Pin To Net: NetName=NetC8.3_2 Pin=R20.3-1
Added Net: Name=NetC8.3_2
Added Pin To Net: NetName=NetR1.1_1 Pin=R1.1-1
Added Pin To Net: NetName=NetR1.1_1 Pin=U1.1-10
Added Net: Name=NetR1.1_1
Added Pin To Net: NetName=NetR1.1_2 Pin=R1.1-2
Added Net: Name=NetR1.1_2
Added Pin To Net: NetName=NetR1.2_1 Pin=R1.2-1
Added Pin To Net: NetName=NetR1.2_1 Pin=U1.2-10
Added Net: Name=NetR1.2_1
Added Pin To Net: NetName=NetR1.2_2 Pin=R1.2-2
Added Net: Name=NetR1.2_2
Added Pin To Net: NetName=NetR1.3_1 Pin=R1.3-1
Added Pin To Net: NetName=NetR1.3_1 Pin=U1.3-10
Added Net: Name=NetR1.3_1
Added Pin To Net: NetName=NetR1.3_2 Pin=R1.3-2
Added Net: Name=NetR1.3_2
Added Pin To Net: NetName=NetR2.1_1 Pin=R2.1-1
Added Pin To Net: NetName=NetR2.1_1 Pin=U1.1-3
Added Net: Name=NetR2.1_1
Added Pin To Net: NetName=NetR2.1_2 Pin=R2.1-2
Added Net: Name=NetR2.1_2
Added Pin To Net: NetName=NetR2.2_1 Pin=R2.2-1
Added Pin To Net: NetName=NetR2.2_1 Pin=U1.2-3
Added Net: Name=NetR2.2_1
Added Pin To Net: NetName=NetR2.2_2 Pin=R2.2-2
Added Net: Name=NetR2.2_2
Added Pin To Net: NetName=NetR2.3_1 Pin=R2.3-1
Added Pin To Net: NetName=NetR2.3_1 Pin=U1.3-3
Added Net: Name=NetR2.3_1
Added Pin To Net: NetName=NetR2.3_2 Pin=R2.3-2
Added Net: Name=NetR2.3_2
Added Pin To Net: NetName=NetR3.1_1 Pin=R3.1-1
Added Pin To Net: NetName=NetR3.1_1 Pin=R5.1-3
Added Pin To Net: NetName=NetR3.1_1 Pin=U1.1-9
Added Net: Name=NetR3.1_1
Added Pin To Net: NetName=NetR3.2_1 Pin=R3.2-1
Added Pin To Net: NetName=NetR3.2_1 Pin=R5.2-3
Added Pin To Net: NetName=NetR3.2_1 Pin=U1.2-9
Added Net: Name=NetR3.2_1
Added Pin To Net: NetName=NetR3.3_1 Pin=R3.3-1
Added Pin To Net: NetName=NetR3.3_1 Pin=R5.3-3
Added Pin To Net: NetName=NetR3.3_1 Pin=U1.3-9
Added Net: Name=NetR3.3_1
Added Pin To Net: NetName=NetR4.1_1 Pin=R4.1-1
Added Pin To Net: NetName=NetR4.1_1 Pin=R7.1-3
Added Pin To Net: NetName=NetR4.1_1 Pin=U1.1-2
Added Net: Name=NetR4.1_1
Added Pin To Net: NetName=NetR4.2_1 Pin=R4.2-1
Added Pin To Net: NetName=NetR4.2_1 Pin=R7.2-3
Added Pin To Net: NetName=NetR4.2_1 Pin=U1.2-2
Added Net: Name=NetR4.2_1
Added Pin To Net: NetName=NetR4.3_1 Pin=R4.3-1
Added Pin To Net: NetName=NetR4.3_1 Pin=R7.3-3
Added Pin To Net: NetName=NetR4.3_1 Pin=U1.3-2
Added Net: Name=NetR4.3_1
Added Pin To Net: NetName=NetR5.1_2 Pin=R5.1-2
Added Pin To Net: NetName=NetR5.1_2 Pin=R6.1-2
Added Net: Name=NetR5.1_2
Added Pin To Net: NetName=NetR5.2_2 Pin=R5.2-2
Added Pin To Net: NetName=NetR5.2_2 Pin=R6.2-2
Added Net: Name=NetR5.2_2
Added Pin To Net: NetName=NetR5.3_2 Pin=R5.3-2
Added Pin To Net: NetName=NetR5.3_2 Pin=R6.3-2
Added Net: Name=NetR5.3_2
Added Pin To Net: NetName=NetR7.1_2 Pin=R7.1-2
Added Pin To Net: NetName=NetR7.1_2 Pin=R8.1-2
Added Net: Name=NetR7.1_2
Added Pin To Net: NetName=NetR7.2_2 Pin=R7.2-2
Added Pin To Net: NetName=NetR7.2_2 Pin=R8.2-2
Added Net: Name=NetR7.2_2
Added Pin To Net: NetName=NetR7.3_2 Pin=R7.3-2
Added Pin To Net: NetName=NetR7.3_2 Pin=R8.3-2
Added Net: Name=NetR7.3_2
Added Pin To Net: NetName=NetR11.1_1 Pin=R11.1-1
Added Pin To Net: NetName=NetR11.1_1 Pin=U1.1-5
Added Net: Name=NetR11.1_1
Added Pin To Net: NetName=NetR11.1_2 Pin=R11.1-2
Added Net: Name=NetR11.1_2
Added Pin To Net: NetName=NetR11.2_1 Pin=R11.2-1
Added Pin To Net: NetName=NetR11.2_1 Pin=U1.2-5
Added Net: Name=NetR11.2_1
Added Pin To Net: NetName=NetR11.2_2 Pin=R11.2-2
Added Net: Name=NetR11.2_2
Added Pin To Net: NetName=NetR11.3_1 Pin=R11.3-1
Added Pin To Net: NetName=NetR11.3_1 Pin=U1.3-5
Added Net: Name=NetR11.3_1
Added Pin To Net: NetName=NetR11.3_2 Pin=R11.3-2
Added Net: Name=NetR11.3_2
Added Pin To Net: NetName=NetR12.1_1 Pin=R12.1-1
Added Pin To Net: NetName=NetR12.1_1 Pin=U1.1-12
Added Net: Name=NetR12.1_1
Added Pin To Net: NetName=NetR12.1_2 Pin=R12.1-2
Added Net: Name=NetR12.1_2
Added Pin To Net: NetName=NetR12.2_1 Pin=R12.2-1
Added Pin To Net: NetName=NetR12.2_1 Pin=U1.2-12
Added Net: Name=NetR12.2_1
Added Pin To Net: NetName=NetR12.2_2 Pin=R12.2-2
Added Net: Name=NetR12.2_2
Added Pin To Net: NetName=NetR12.3_1 Pin=R12.3-1
Added Pin To Net: NetName=NetR12.3_1 Pin=U1.3-12
Added Net: Name=NetR12.3_1
Added Pin To Net: NetName=NetR12.3_2 Pin=R12.3-2
Added Net: Name=NetR12.3_2
Added Pin To Net: NetName=NetR13.1_1 Pin=R13.1-1
Added Pin To Net: NetName=NetR13.1_1 Pin=R15.1-3
Added Pin To Net: NetName=NetR13.1_1 Pin=U1.1-6
Added Net: Name=NetR13.1_1
Added Pin To Net: NetName=NetR13.2_1 Pin=R13.2-1
Added Pin To Net: NetName=NetR13.2_1 Pin=R15.2-3
Added Pin To Net: NetName=NetR13.2_1 Pin=U1.2-6
Added Net: Name=NetR13.2_1
Added Pin To Net: NetName=NetR13.3_1 Pin=R13.3-1
Added Pin To Net: NetName=NetR13.3_1 Pin=R15.3-3
Added Pin To Net: NetName=NetR13.3_1 Pin=U1.3-6
Added Net: Name=NetR13.3_1
Added Pin To Net: NetName=NetR14.1_1 Pin=R14.1-1
Added Pin To Net: NetName=NetR14.1_1 Pin=R16.1-3
Added Pin To Net: NetName=NetR14.1_1 Pin=U1.1-13
Added Net: Name=NetR14.1_1
Added Pin To Net: NetName=NetR14.2_1 Pin=R14.2-1
Added Pin To Net: NetName=NetR14.2_1 Pin=R16.2-3
Added Pin To Net: NetName=NetR14.2_1 Pin=U1.2-13
Added Net: Name=NetR14.2_1
Added Pin To Net: NetName=NetR14.3_1 Pin=R14.3-1
Added Pin To Net: NetName=NetR14.3_1 Pin=R16.3-3
Added Pin To Net: NetName=NetR14.3_1 Pin=U1.3-13
Added Net: Name=NetR14.3_1
Added Pin To Net: NetName=NetR15.1_2 Pin=R15.1-2
Added Pin To Net: NetName=NetR15.1_2 Pin=R17.1-2
Added Net: Name=NetR15.1_2
Added Pin To Net: NetName=NetR15.2_2 Pin=R15.2-2
Added Pin To Net: NetName=NetR15.2_2 Pin=R17.2-2
Added Net: Name=NetR15.2_2
Added Pin To Net: NetName=NetR15.3_2 Pin=R15.3-2
Added Pin To Net: NetName=NetR15.3_2 Pin=R17.3-2
Added Net: Name=NetR15.3_2
Added Pin To Net: NetName=NetR16.1_2 Pin=R16.1-2
Added Pin To Net: NetName=NetR16.1_2 Pin=R18.1-2
Added Net: Name=NetR16.1_2
Added Pin To Net: NetName=NetR16.2_2 Pin=R16.2-2
Added Pin To Net: NetName=NetR16.2_2 Pin=R18.2-2
Added Net: Name=NetR16.2_2
Added Pin To Net: NetName=NetR16.3_2 Pin=R16.3-2
Added Pin To Net: NetName=NetR16.3_2 Pin=R18.3-2
Added Net: Name=NetR16.3_2
Added Pin To Net: NetName=VDD_U_OPA43771 Pin=U1.1-4
Added Net: Name=VDD_U_OPA43771
Added Pin To Net: NetName=VDD_U_OPA43772 Pin=U1.2-4
Added Net: Name=VDD_U_OPA43772
Added Pin To Net: NetName=VDD_U_OPA43773 Pin=U1.3-4
Added Net: Name=VDD_U_OPA43773
Added Pin To Net: NetName=VSS_U_OPA43771 Pin=C3.1-1
Added Pin To Net: NetName=VSS_U_OPA43771 Pin=C4.1-1
Added Pin To Net: NetName=VSS_U_OPA43771 Pin=C7.1-1
Added Pin To Net: NetName=VSS_U_OPA43771 Pin=C8.1-1
Added Pin To Net: NetName=VSS_U_OPA43771 Pin=D1.1-1
Added Pin To Net: NetName=VSS_U_OPA43771 Pin=D2.1-1
Added Pin To Net: NetName=VSS_U_OPA43771 Pin=D3.1-1
Added Pin To Net: NetName=VSS_U_OPA43771 Pin=D4.1-1
Added Pin To Net: NetName=VSS_U_OPA43771 Pin=R3.1-2
Added Pin To Net: NetName=VSS_U_OPA43771 Pin=R4.1-2
Added Pin To Net: NetName=VSS_U_OPA43771 Pin=R9.1-2
Added Pin To Net: NetName=VSS_U_OPA43771 Pin=R10.1-2
Added Pin To Net: NetName=VSS_U_OPA43771 Pin=R13.1-2
Added Pin To Net: NetName=VSS_U_OPA43771 Pin=R14.1-2
Added Pin To Net: NetName=VSS_U_OPA43771 Pin=R19.1-2
Added Pin To Net: NetName=VSS_U_OPA43771 Pin=R20.1-2
Added Pin To Net: NetName=VSS_U_OPA43771 Pin=U1.1-11
Added Net: Name=VSS_U_OPA43771
Added Pin To Net: NetName=VSS_U_OPA43772 Pin=C3.2-1
Added Pin To Net: NetName=VSS_U_OPA43772 Pin=C4.2-1
Added Pin To Net: NetName=VSS_U_OPA43772 Pin=C7.2-1
Added Pin To Net: NetName=VSS_U_OPA43772 Pin=C8.2-1
Added Pin To Net: NetName=VSS_U_OPA43772 Pin=D1.2-1
Added Pin To Net: NetName=VSS_U_OPA43772 Pin=D2.2-1
Added Pin To Net: NetName=VSS_U_OPA43772 Pin=D3.2-1
Added Pin To Net: NetName=VSS_U_OPA43772 Pin=D4.2-1
Added Pin To Net: NetName=VSS_U_OPA43772 Pin=R3.2-2
Added Pin To Net: NetName=VSS_U_OPA43772 Pin=R4.2-2
Added Pin To Net: NetName=VSS_U_OPA43772 Pin=R9.2-2
Added Pin To Net: NetName=VSS_U_OPA43772 Pin=R10.2-2
Added Pin To Net: NetName=VSS_U_OPA43772 Pin=R13.2-2
Added Pin To Net: NetName=VSS_U_OPA43772 Pin=R14.2-2
Added Pin To Net: NetName=VSS_U_OPA43772 Pin=R19.2-2
Added Pin To Net: NetName=VSS_U_OPA43772 Pin=R20.2-2
Added Pin To Net: NetName=VSS_U_OPA43772 Pin=U1.2-11
Added Net: Name=VSS_U_OPA43772
Added Pin To Net: NetName=VSS_U_OPA43773 Pin=C3.3-1
Added Pin To Net: NetName=VSS_U_OPA43773 Pin=C4.3-1
Added Pin To Net: NetName=VSS_U_OPA43773 Pin=C7.3-1
Added Pin To Net: NetName=VSS_U_OPA43773 Pin=C8.3-1
Added Pin To Net: NetName=VSS_U_OPA43773 Pin=D1.3-1
Added Pin To Net: NetName=VSS_U_OPA43773 Pin=D2.3-1
Added Pin To Net: NetName=VSS_U_OPA43773 Pin=D3.3-1
Added Pin To Net: NetName=VSS_U_OPA43773 Pin=D4.3-1
Added Pin To Net: NetName=VSS_U_OPA43773 Pin=R3.3-2
Added Pin To Net: NetName=VSS_U_OPA43773 Pin=R4.3-2
Added Pin To Net: NetName=VSS_U_OPA43773 Pin=R9.3-2
Added Pin To Net: NetName=VSS_U_OPA43773 Pin=R10.3-2
Added Pin To Net: NetName=VSS_U_OPA43773 Pin=R13.3-2
Added Pin To Net: NetName=VSS_U_OPA43773 Pin=R14.3-2
Added Pin To Net: NetName=VSS_U_OPA43773 Pin=R19.3-2
Added Pin To Net: NetName=VSS_U_OPA43773 Pin=R20.3-2
Added Pin To Net: NetName=VSS_U_OPA43773 Pin=U1.3-11
Added Net: Name=VSS_U_OPA43773
Added Class: Name=U_OPA43771
Added Class: Name=U_OPA43772
Added Class: Name=U_OPA43773
Added Class: Name=OPA4377
Added Room: Name=U_OPA43771
Added Room: Name=U_OPA43772
Added Room: Name=U_OPA43773
